<?xml version="1.0" encoding="UTF-8"?>
<robot generator="Rebot 7.3 (Python 3.12.10 on win32)" generated="2025-06-08T02:55:07.495260" rpa="false" schemaversion="5">
<suite id="s1" name="Testsuites" source="C:\a\spriteCloud\spriteCloud\testsuites">
<suite id="s1-s1" name="Reqres" source="C:\a\spriteCloud\spriteCloud\testsuites\reqres">
<suite id="s1-s1-s1" name="01-Users" source="C:\a\spriteCloud\spriteCloud\testsuites\reqres\01-users.robot">
<test id="s1-s1-s1-t1" name="TC1 - Retrieve All Users" line="13">
<kw name="Retrieve All Users" owner="users">
<kw name="Create Session" owner="RequestsLibrary">
<msg time="2025-06-08T02:54:45.543107" level="INFO">Creating Session using : alias=reqres, url=https://reqres.in/api, headers={'x-api-key': 'reqres-free-v1'},                     cookies={}, auth=None, timeout=None, proxies=None, verify=False,                     debug=0 </msg>
<arg>alias=reqres</arg>
<arg>url=${REQRES_BASE_URL}</arg>
<arg>headers=${HEADERS}</arg>
<doc>Create Session: create a HTTP session to a server</doc>
<status status="PASS" start="2025-06-08T02:54:45.543107" elapsed="0.000000"/>
</kw>
<variable name="&amp;{params}">
<msg time="2025-06-08T02:54:45.543107" level="INFO">&amp;{params} = { page=2 | per_page=5 }</msg>
<var>page=${page}</var>
<var>per_page=${per_page}</var>
<status status="PASS" start="2025-06-08T02:54:45.543107" elapsed="0.000000"/>
</variable>
<kw name="GET On Session" owner="RequestsLibrary">
<msg time="2025-06-08T02:54:46.090483" level="INFO">GET Request : url=https://reqres.in/api/users?page=2&amp;per_page=5 
 path_url=/api/users?page=2&amp;per_page=5 
 headers={'User-Agent': 'python-requests/2.32.3', 'Accept-Encoding': 'gzip, deflate', 'Accept': '*/*', 'Connection': 'keep-alive', 'x-api-key': 'reqres-free-v1'} 
 body=None 
 </msg>
<msg time="2025-06-08T02:54:46.091044" level="INFO">GET Response : url=https://reqres.in/api/users?page=2&amp;per_page=5 
 status=200, reason=OK 
 headers={'Date': 'Sun, 08 Jun 2025 02:54:46 GMT', 'Content-Type': 'application/json; charset=utf-8', 'Transfer-Encoding': 'chunked', 'Connection': 'keep-alive', 'Content-Encoding': 'gzip', 'Report-To': '{"group":"heroku-nel","max_age":3600,"endpoints":[{"url":"https://nel.heroku.com/reports?ts=1749005213&amp;sid=c4c9725f-1ab0-44d8-820f-430df2718e11&amp;s=neX1oUchF0P4tW5GHYzCraUdEJMyYrpqQ6MO4U9DnAM%3D"}]}', 'Reporting-Endpoints': 'heroku-nel=https://nel.heroku.com/reports?ts=1749005213&amp;sid=c4c9725f-1ab0-44d8-820f-430df2718e11&amp;s=neX1oUchF0P4tW5GHYzCraUdEJMyYrpqQ6MO4U9DnAM%3D', 'Nel': '{"report_to":"heroku-nel","max_age":3600,"success_fraction":0.005,"failure_fraction":0.05,"response_headers":["Via"]}', 'X-Powered-By': 'Express', 'Access-Control-Allow-Origin': '*', 'Ratelimit-Policy': '100;w=60', 'Ratelimit-Limit': '100', 'Ratelimit-Remaining': '97', 'Ratelimit-Reset': '60', 'Etag': 'W/"3af-s8lVpi4rsNpsUOlNUHYIjzkyYco"', 'Via': '1.1 vegur', 'Cache-Control': 'max-age=14400', 'Cf-Cache-Status': 'REVALIDATED', 'Vary': 'Accept-Encoding', 'Server': 'cloudflare', 'Cf-Ray': '94c51b40fded05b5-IAD', 'server-timing': 'cfL4;desc="?proto=TCP&amp;rtt=5437&amp;min_rtt=5426&amp;rtt_var=2043&amp;sent=4&amp;recv=6&amp;lost=0&amp;retrans=0&amp;sent_bytes=2832&amp;recv_bytes=813&amp;delivery_rate=530777&amp;cwnd=128&amp;unsent_bytes=0&amp;cid=4ed75b99ddf12280&amp;ts=243&amp;x=0"'} 
 body={"page":2,"per_page":5,"total":12,"total_pages":3,"data":[{"id":6,"email":"tracey.ramos@reqres.in","first_name":"Tracey","last_name":"Ramos","avatar":"https://reqres.in/img/faces/6-image.jpg"},{"id":7,"email":"michael.lawson@reqres.in","first_name":"Michael","last_name":"Lawson","avatar":"https://reqres.in/img/faces/7-image.jpg"},{"id":8,"email":"lindsay.ferguson@reqres.in","first_name":"Lindsay","last_name":"Ferguson","avatar":"https://reqres.in/img/faces/8-image.jpg"},{"id":9,"email":"tobias.funke@reqres.in","first_name":"Tobias","last_name":"Funke","avatar":"https://reqres.in/img/faces/9-image.jpg"},{"id":10,"email":"byron.fields@reqres.in","first_name":"Byron","last_name":"Fields","avatar":"https://reqres.in/img/faces/10-image.jpg"}],"support":{"url":"https://contentcaddy.io?utm_source=reqres&amp;utm_medium=json&amp;utm_campaign=referral","text":"Tired of writing endless social media content? Let Content Caddy generate it for you."}} 
 </msg>
<msg time="2025-06-08T02:54:46.091044" level="INFO">C:\hostedtoolcache\windows\Python\3.12.10\x64\Lib\site-packages\urllib3\connectionpool.py:1097: InsecureRequestWarning: Unverified HTTPS request is being made to host 'reqres.in'. Adding certificate verification is strongly advised. See: https://urllib3.readthedocs.io/en/latest/advanced-usage.html#tls-warnings
  warnings.warn(</msg>
<msg time="2025-06-08T02:54:46.091640" level="INFO">${response} = &lt;Response [200]&gt;</msg>
<var>${response}</var>
<arg>alias=reqres</arg>
<arg>url=/users</arg>
<arg>params=${params}</arg>
<doc>Sends a GET request on a previously created HTTP Session.</doc>
<status status="PASS" start="2025-06-08T02:54:45.543107" elapsed="0.548533"/>
</kw>
<return>
<value>${response}</value>
<status status="PASS" start="2025-06-08T02:54:46.091640" elapsed="0.000000"/>
</return>
<msg time="2025-06-08T02:54:46.091640" level="INFO">${response} = &lt;Response [200]&gt;</msg>
<var>${response}</var>
<arg>page=${PAGE}</arg>
<arg>per_page=${PER_PAGE}</arg>
<status status="PASS" start="2025-06-08T02:54:45.543107" elapsed="0.549068"/>
</kw>
<kw name="Validate Number Of Users Equal To Per Page" owner="users">
<kw name="Length Should Be" owner="BuiltIn">
<msg time="2025-06-08T02:54:46.094115" level="INFO">Length is 5.</msg>
<arg>${response.json()}[data]</arg>
<arg>${per_page}</arg>
<doc>Verifies that the length of the given item is correct.</doc>
<status status="PASS" start="2025-06-08T02:54:46.092843" elapsed="0.001272"/>
</kw>
<arg>response=${response}</arg>
<arg>per_page=${PER_PAGE}</arg>
<status status="PASS" start="2025-06-08T02:54:46.092242" elapsed="0.002475"/>
</kw>
<kw name="Validate Multiple Users Against Schema" owner="users">
<for flavor="IN">
<iter>
<kw name="Validate Json By Schema File" owner="JSONLibrary">
<arg>json_object=${user}</arg>
<arg>path_to_schema=${USER_SCHEMA_LOC}</arg>
<doc>Validate json object by json schema file.
Arguments:
    - json_object: json as a dictionary object.
    - json_path: path to file with json schema</doc>
<status status="PASS" start="2025-06-08T02:54:46.095401" elapsed="0.000000"/>
</kw>
<var name="${user}">{'id': 6, 'email': 'tracey.ramos@reqres.in', 'first_name': 'Tracey', 'last_name': 'Ramos', 'avatar': 'https://reqres.in/img/faces/6-image.jpg'}</var>
<status status="PASS" start="2025-06-08T02:54:46.095401" elapsed="0.000000"/>
</iter>
<iter>
<kw name="Validate Json By Schema File" owner="JSONLibrary">
<arg>json_object=${user}</arg>
<arg>path_to_schema=${USER_SCHEMA_LOC}</arg>
<doc>Validate json object by json schema file.
Arguments:
    - json_object: json as a dictionary object.
    - json_path: path to file with json schema</doc>
<status status="PASS" start="2025-06-08T02:54:46.095401" elapsed="0.000000"/>
</kw>
<var name="${user}">{'id': 7, 'email': 'michael.lawson@reqres.in', 'first_name': 'Michael', 'last_name': 'Lawson', 'avatar': 'https://reqres.in/img/faces/7-image.jpg'}</var>
<status status="PASS" start="2025-06-08T02:54:46.095401" elapsed="0.000000"/>
</iter>
<iter>
<kw name="Validate Json By Schema File" owner="JSONLibrary">
<arg>json_object=${user}</arg>
<arg>path_to_schema=${USER_SCHEMA_LOC}</arg>
<doc>Validate json object by json schema file.
Arguments:
    - json_object: json as a dictionary object.
    - json_path: path to file with json schema</doc>
<status status="PASS" start="2025-06-08T02:54:46.095401" elapsed="0.012574"/>
</kw>
<var name="${user}">{'id': 8, 'email': 'lindsay.ferguson@reqres.in', 'first_name': 'Lindsay', 'last_name': 'Ferguson', 'avatar': 'https://reqres.in/img/faces/8-image.jpg'}</var>
<status status="PASS" start="2025-06-08T02:54:46.095401" elapsed="0.012574"/>
</iter>
<iter>
<kw name="Validate Json By Schema File" owner="JSONLibrary">
<arg>json_object=${user}</arg>
<arg>path_to_schema=${USER_SCHEMA_LOC}</arg>
<doc>Validate json object by json schema file.
Arguments:
    - json_object: json as a dictionary object.
    - json_path: path to file with json schema</doc>
<status status="PASS" start="2025-06-08T02:54:46.107975" elapsed="0.000000"/>
</kw>
<var name="${user}">{'id': 9, 'email': 'tobias.funke@reqres.in', 'first_name': 'Tobias', 'last_name': 'Funke', 'avatar': 'https://reqres.in/img/faces/9-image.jpg'}</var>
<status status="PASS" start="2025-06-08T02:54:46.107975" elapsed="0.000000"/>
</iter>
<iter>
<kw name="Validate Json By Schema File" owner="JSONLibrary">
<arg>json_object=${user}</arg>
<arg>path_to_schema=${USER_SCHEMA_LOC}</arg>
<doc>Validate json object by json schema file.
Arguments:
    - json_object: json as a dictionary object.
    - json_path: path to file with json schema</doc>
<status status="PASS" start="2025-06-08T02:54:46.107975" elapsed="0.016143"/>
</kw>
<var name="${user}">{'id': 10, 'email': 'byron.fields@reqres.in', 'first_name': 'Byron', 'last_name': 'Fields', 'avatar': 'https://reqres.in/img/faces/10-image.jpg'}</var>
<status status="PASS" start="2025-06-08T02:54:46.107975" elapsed="0.016143"/>
</iter>
<var>${user}</var>
<value>@{response.json()}[data]</value>
<status status="PASS" start="2025-06-08T02:54:46.095401" elapsed="0.028717"/>
</for>
<arg>response=${response}</arg>
<status status="PASS" start="2025-06-08T02:54:46.094717" elapsed="0.029401"/>
</kw>
<kw name="Validate Response Status" owner="generic">
<kw name="Status Should Be" owner="RequestsLibrary">
<arg>expected_status=${status}</arg>
<arg>response=${response}</arg>
<doc>Fails if response status code is different than the expected.</doc>
<status status="PASS" start="2025-06-08T02:54:46.124118" elapsed="0.000000"/>
</kw>
<arg>response=${response}</arg>
<arg>status=200</arg>
<status status="PASS" start="2025-06-08T02:54:46.124118" elapsed="0.000000"/>
</kw>
<kw name="Validate Response Time" owner="generic">
<kw name="Evaluate" owner="BuiltIn">
<msg time="2025-06-08T02:54:46.124118" level="INFO">${time_float} = 1.0</msg>
<var>${time_float}</var>
<arg>float(${time})</arg>
<doc>Evaluates the given expression in Python and returns the result.</doc>
<status status="PASS" start="2025-06-08T02:54:46.124118" elapsed="0.000000"/>
</kw>
<kw name="Evaluate" owner="BuiltIn">
<msg time="2025-06-08T02:54:46.124118" level="INFO">${response_time} = 0.540948</msg>
<var>${response_time}</var>
<arg>float(${response.elapsed.total_seconds()})</arg>
<doc>Evaluates the given expression in Python and returns the result.</doc>
<status status="PASS" start="2025-06-08T02:54:46.124118" elapsed="0.000000"/>
</kw>
<kw name="Should Be True" owner="BuiltIn">
<arg>${response_time} &lt; ${time_float}</arg>
<doc>Fails if the given condition is not true.</doc>
<status status="PASS" start="2025-06-08T02:54:46.124118" elapsed="0.000000"/>
</kw>
<arg>response=${response}</arg>
<arg>time=${MAX_RESPONSE_TIME}</arg>
<status status="PASS" start="2025-06-08T02:54:46.124118" elapsed="0.000000"/>
</kw>
<doc>Perform a GET request to retrieve all users and validate afterwards.</doc>
<status status="PASS" start="2025-06-08T02:54:45.531189" elapsed="0.592929"/>
</test>
<test id="s1-s1-s1-t2" name="TC3 - Update An User" line="21">
<kw name="Update User By Id" owner="users">
<kw name="Create Session" owner="RequestsLibrary">
<msg time="2025-06-08T02:54:46.124118" level="INFO">Creating Session using : alias=reqres, url=https://reqres.in/api, headers={'x-api-key': 'reqres-free-v1'},                     cookies={}, auth=None, timeout=None, proxies=None, verify=False,                     debug=0 </msg>
<arg>alias=reqres</arg>
<arg>url=${REQRES_BASE_URL}</arg>
<arg>headers=${HEADERS}</arg>
<doc>Create Session: create a HTTP session to a server</doc>
<status status="PASS" start="2025-06-08T02:54:46.124118" elapsed="0.000000"/>
</kw>
<variable name="&amp;{params}">
<msg time="2025-06-08T02:54:46.124118" level="INFO">&amp;{params} = { email=test@test.nl | first_name=Jordy | last_name=Test | avatar=https://reqres.in/img/faces/1-image.jpg }</msg>
<var>email=${email}</var>
<var>first_name=${first_name}</var>
<var>last_name=${last_name}</var>
<var>avatar=${avatar}</var>
<status status="PASS" start="2025-06-08T02:54:46.124118" elapsed="0.000000"/>
</variable>
<kw name="PUT On Session" owner="RequestsLibrary">
<msg time="2025-06-08T02:54:46.549967" level="INFO">PUT Request : url=https://reqres.in/api/users/2 
 path_url=/api/users/2 
 headers={'User-Agent': 'python-requests/2.32.3', 'Accept-Encoding': 'gzip, deflate', 'Accept': '*/*', 'Connection': 'keep-alive', 'x-api-key': 'reqres-free-v1', 'Content-Length': '111', 'Content-Type': 'application/x-www-form-urlencoded'} 
 body=email=test%40test.nl&amp;first_name=Jordy&amp;last_name=Test&amp;avatar=https%3A%2F%2Freqres.in%2Fimg%2Ffaces%2F1-image.jpg 
 </msg>
<msg time="2025-06-08T02:54:46.549967" level="INFO">PUT Response : url=https://reqres.in/api/users/2 
 status=200, reason=OK 
 headers={'Date': 'Sun, 08 Jun 2025 02:54:46 GMT', 'Content-Type': 'application/json; charset=utf-8', 'Transfer-Encoding': 'chunked', 'Connection': 'keep-alive', 'Content-Encoding': 'gzip', 'Report-To': '{"group":"heroku-nel","max_age":3600,"endpoints":[{"url":"https://nel.heroku.com/reports?ts=1749351286&amp;sid=c4c9725f-1ab0-44d8-820f-430df2718e11&amp;s=4Fu4jFkVuqnhcHaRY6sIy7F3zu74xsMD84sv%2B96LtFo%3D"}]}', 'Reporting-Endpoints': 'heroku-nel=https://nel.heroku.com/reports?ts=1749351286&amp;sid=c4c9725f-1ab0-44d8-820f-430df2718e11&amp;s=4Fu4jFkVuqnhcHaRY6sIy7F3zu74xsMD84sv%2B96LtFo%3D', 'Nel': '{"report_to":"heroku-nel","max_age":3600,"success_fraction":0.005,"failure_fraction":0.05,"response_headers":["Via"]}', 'X-Powered-By': 'Express', 'Access-Control-Allow-Origin': '*', 'Ratelimit-Policy': '100;w=60', 'Ratelimit-Limit': '100', 'Ratelimit-Remaining': '90', 'Ratelimit-Reset': '60', 'Etag': 'W/"9a-gfUXIMSLyxZJeAC3+3v6GkmxSFU"', 'Via': '1.1 vegur', 'Cf-Cache-Status': 'DYNAMIC', 'Vary': 'Accept-Encoding', 'Server': 'cloudflare', 'Cf-Ray': '94c51b43ee1ed6b8-IAD', 'server-timing': 'cfL4;desc="?proto=TCP&amp;rtt=5294&amp;min_rtt=5221&amp;rtt_var=2010&amp;sent=4&amp;recv=7&amp;lost=0&amp;retrans=0&amp;sent_bytes=2833&amp;recv_bytes=1000&amp;delivery_rate=551618&amp;cwnd=179&amp;unsent_bytes=0&amp;cid=dfe800b8b4327812&amp;ts=168&amp;x=0"'} 
 body={"email":"test@test.nl","first_name":"Jordy","last_name":"Test","avatar":"https://reqres.in/img/faces/1-image.jpg","updatedAt":"2025-06-08T02:54:46.509Z"} 
 </msg>
<msg time="2025-06-08T02:54:46.549967" level="INFO">C:\hostedtoolcache\windows\Python\3.12.10\x64\Lib\site-packages\urllib3\connectionpool.py:1097: InsecureRequestWarning: Unverified HTTPS request is being made to host 'reqres.in'. Adding certificate verification is strongly advised. See: https://urllib3.readthedocs.io/en/latest/advanced-usage.html#tls-warnings
  warnings.warn(</msg>
<msg time="2025-06-08T02:54:46.549967" level="INFO">${response} = &lt;Response [200]&gt;</msg>
<var>${response}</var>
<arg>alias=reqres</arg>
<arg>url=/users/${id}</arg>
<arg>data=${params}</arg>
<doc>Sends a PUT request on a previously created HTTP Session.</doc>
<status status="PASS" start="2025-06-08T02:54:46.124118" elapsed="0.425849"/>
</kw>
<return>
<value>${response}</value>
<status status="PASS" start="2025-06-08T02:54:46.549967" elapsed="0.000000"/>
</return>
<msg time="2025-06-08T02:54:46.549967" level="INFO">${response} = &lt;Response [200]&gt;</msg>
<var>${response}</var>
<arg>id=${USER_ID}</arg>
<arg>email=test@test.nl</arg>
<arg>first_name=Jordy</arg>
<arg>last_name=Test</arg>
<arg>avatar=https://reqres.in/img/faces/1-image.jpg</arg>
<status status="PASS" start="2025-06-08T02:54:46.124118" elapsed="0.425849"/>
</kw>
<kw name="Validate Response Status" owner="generic">
<kw name="Status Should Be" owner="RequestsLibrary">
<arg>expected_status=${status}</arg>
<arg>response=${response}</arg>
<doc>Fails if response status code is different than the expected.</doc>
<status status="PASS" start="2025-06-08T02:54:46.554998" elapsed="0.000000"/>
</kw>
<arg>response=${response}</arg>
<arg>status=200</arg>
<status status="PASS" start="2025-06-08T02:54:46.549967" elapsed="0.005031"/>
</kw>
<kw name="Validate Update User Against Schema" owner="users">
<kw name="Validate Json By Schema File" owner="JSONLibrary">
<arg>json_object=${response.json()}</arg>
<arg>path_to_schema=${USER_PUT_SCHEMA_LOC}</arg>
<doc>Validate json object by json schema file.
Arguments:
    - json_object: json as a dictionary object.
    - json_path: path to file with json schema</doc>
<status status="PASS" start="2025-06-08T02:54:46.554998" elapsed="0.005290"/>
</kw>
<arg>response=${response}</arg>
<status status="PASS" start="2025-06-08T02:54:46.554998" elapsed="0.005290"/>
</kw>
<kw name="Validate Response Time" owner="generic">
<kw name="Evaluate" owner="BuiltIn">
<msg time="2025-06-08T02:54:46.561881" level="INFO">${time_float} = 1.0</msg>
<var>${time_float}</var>
<arg>float(${time})</arg>
<doc>Evaluates the given expression in Python and returns the result.</doc>
<status status="PASS" start="2025-06-08T02:54:46.561881" elapsed="0.000000"/>
</kw>
<kw name="Evaluate" owner="BuiltIn">
<msg time="2025-06-08T02:54:46.563596" level="INFO">${response_time} = 0.413717</msg>
<var>${response_time}</var>
<arg>float(${response.elapsed.total_seconds()})</arg>
<doc>Evaluates the given expression in Python and returns the result.</doc>
<status status="PASS" start="2025-06-08T02:54:46.561881" elapsed="0.001715"/>
</kw>
<kw name="Should Be True" owner="BuiltIn">
<arg>${response_time} &lt; ${time_float}</arg>
<doc>Fails if the given condition is not true.</doc>
<status status="PASS" start="2025-06-08T02:54:46.563596" elapsed="0.000000"/>
</kw>
<arg>response=${response}</arg>
<arg>time=${MAX_RESPONSE_TIME}</arg>
<status status="PASS" start="2025-06-08T02:54:46.560288" elapsed="0.003308"/>
</kw>
<doc>Perform a PUT request to update an user and validate afterwards.</doc>
<status status="PASS" start="2025-06-08T02:54:46.124118" elapsed="0.439478"/>
</test>
<test id="s1-s1-s1-t3" name="TC4 - Delete An User" line="28">
<kw name="Delete User By Id" owner="users">
<kw name="Create Session" owner="RequestsLibrary">
<msg time="2025-06-08T02:54:46.563596" level="INFO">Creating Session using : alias=reqres, url=https://reqres.in/api, headers={'x-api-key': 'reqres-free-v1'},                     cookies={}, auth=None, timeout=None, proxies=None, verify=False,                     debug=0 </msg>
<arg>alias=reqres</arg>
<arg>url=${REQRES_BASE_URL}</arg>
<arg>headers=${HEADERS}</arg>
<doc>Create Session: create a HTTP session to a server</doc>
<status status="PASS" start="2025-06-08T02:54:46.563596" elapsed="0.003404"/>
</kw>
<kw name="DELETE On Session" owner="RequestsLibrary">
<msg time="2025-06-08T02:54:46.959958" level="INFO">DELETE Request : url=https://reqres.in/api/users/2 
 path_url=/api/users/2 
 headers={'User-Agent': 'python-requests/2.32.3', 'Accept-Encoding': 'gzip, deflate', 'Accept': '*/*', 'Connection': 'keep-alive', 'x-api-key': 'reqres-free-v1', 'Content-Length': '0'} 
 body=None 
 </msg>
<msg time="2025-06-08T02:54:46.960543" level="INFO">DELETE Response : url=https://reqres.in/api/users/2 
 status=204, reason=No Content 
 headers={'Date': 'Sun, 08 Jun 2025 02:54:46 GMT', 'Connection': 'keep-alive', 'Cf-Ray': '94c51b4679022036-IAD', 'Report-To': '{"group":"heroku-nel","max_age":3600,"endpoints":[{"url":"https://nel.heroku.com/reports?ts=1749351286&amp;sid=c4c9725f-1ab0-44d8-820f-430df2718e11&amp;s=4Fu4jFkVuqnhcHaRY6sIy7F3zu74xsMD84sv%2B96LtFo%3D"}]}', 'Reporting-Endpoints': 'heroku-nel=https://nel.heroku.com/reports?ts=1749351286&amp;sid=c4c9725f-1ab0-44d8-820f-430df2718e11&amp;s=4Fu4jFkVuqnhcHaRY6sIy7F3zu74xsMD84sv%2B96LtFo%3D', 'Nel': '{"report_to":"heroku-nel","max_age":3600,"success_fraction":0.005,"failure_fraction":0.05,"response_headers":["Via"]}', 'X-Powered-By': 'Express', 'Access-Control-Allow-Origin': '*', 'Ratelimit-Policy': '100;w=60', 'Ratelimit-Limit': '100', 'Ratelimit-Remaining': '88', 'Ratelimit-Reset': '60', 'Etag': 'W/"2-vyGp6PvFo4RvsFtPoIWeCReyIC8"', 'Via': '1.1 vegur', 'Cf-Cache-Status': 'DYNAMIC', 'Server': 'cloudflare', 'server-timing': 'cfL4;desc="?proto=TCP&amp;rtt=5358&amp;min_rtt=5354&amp;rtt_var=2016&amp;sent=4&amp;recv=6&amp;lost=0&amp;retrans=0&amp;sent_bytes=2832&amp;recv_bytes=819&amp;delivery_rate=534620&amp;cwnd=249&amp;unsent_bytes=0&amp;cid=12b5f4e91adb8008&amp;ts=170&amp;x=0"'} 
 body=None 
 </msg>
<msg time="2025-06-08T02:54:46.960543" level="INFO">C:\hostedtoolcache\windows\Python\3.12.10\x64\Lib\site-packages\urllib3\connectionpool.py:1097: InsecureRequestWarning: Unverified HTTPS request is being made to host 'reqres.in'. Adding certificate verification is strongly advised. See: https://urllib3.readthedocs.io/en/latest/advanced-usage.html#tls-warnings
  warnings.warn(</msg>
<msg time="2025-06-08T02:54:46.960543" level="INFO">${response} = &lt;Response [204]&gt;</msg>
<var>${response}</var>
<arg>alias=reqres</arg>
<arg>url=/users/${id}</arg>
<doc>Sends a DELETE request on a previously created HTTP Session.</doc>
<status status="PASS" start="2025-06-08T02:54:46.567000" elapsed="0.393543"/>
</kw>
<return>
<value>${response}</value>
<status status="PASS" start="2025-06-08T02:54:46.961117" elapsed="0.000000"/>
</return>
<msg time="2025-06-08T02:54:46.961117" level="INFO">${response} = &lt;Response [204]&gt;</msg>
<var>${response}</var>
<arg>id=${USER_ID}</arg>
<status status="PASS" start="2025-06-08T02:54:46.563596" elapsed="0.397521"/>
</kw>
<kw name="Validate Response Status" owner="generic">
<kw name="Status Should Be" owner="RequestsLibrary">
<arg>expected_status=${status}</arg>
<arg>response=${response}</arg>
<doc>Fails if response status code is different than the expected.</doc>
<status status="PASS" start="2025-06-08T02:54:46.962275" elapsed="0.000582"/>
</kw>
<arg>response=${response}</arg>
<arg>status=204</arg>
<status status="PASS" start="2025-06-08T02:54:46.961700" elapsed="0.001157"/>
</kw>
<kw name="Validate User Deletion Response" owner="users">
<if>
<branch type="IF" condition="'${response.text}' != ''">
<kw name="Fail" owner="BuiltIn">
<arg>Expected empty response body but got: ${response.text}</arg>
<doc>Fails the test with the given message and optionally alters its tags.</doc>
<status status="NOT RUN" start="2025-06-08T02:54:46.963385" elapsed="0.000000"/>
</kw>
<status status="NOT RUN" start="2025-06-08T02:54:46.963385" elapsed="0.000000"/>
</branch>
<status status="PASS" start="2025-06-08T02:54:46.963385" elapsed="0.000000"/>
</if>
<arg>response=${response}</arg>
<status status="PASS" start="2025-06-08T02:54:46.962857" elapsed="0.000528"/>
</kw>
<kw name="Validate Response Time" owner="generic">
<kw name="Evaluate" owner="BuiltIn">
<msg time="2025-06-08T02:54:46.963385" level="INFO">${time_float} = 1.0</msg>
<var>${time_float}</var>
<arg>float(${time})</arg>
<doc>Evaluates the given expression in Python and returns the result.</doc>
<status status="PASS" start="2025-06-08T02:54:46.963385" elapsed="0.000000"/>
</kw>
<kw name="Evaluate" owner="BuiltIn">
<msg time="2025-06-08T02:54:46.966534" level="INFO">${response_time} = 0.392102</msg>
<var>${response_time}</var>
<arg>float(${response.elapsed.total_seconds()})</arg>
<doc>Evaluates the given expression in Python and returns the result.</doc>
<status status="PASS" start="2025-06-08T02:54:46.963385" elapsed="0.003149"/>
</kw>
<kw name="Should Be True" owner="BuiltIn">
<arg>${response_time} &lt; ${time_float}</arg>
<doc>Fails if the given condition is not true.</doc>
<status status="PASS" start="2025-06-08T02:54:46.966534" elapsed="0.001033"/>
</kw>
<arg>response=${response}</arg>
<arg>time=${MAX_RESPONSE_TIME}</arg>
<status status="PASS" start="2025-06-08T02:54:46.963385" elapsed="0.004182"/>
</kw>
<doc>Perform a DELETE request to delete an user and validate afterwards.</doc>
<status status="PASS" start="2025-06-08T02:54:46.563596" elapsed="0.403971"/>
</test>
<test id="s1-s1-s1-t4" name="TC6 - Retrieve User By Id With Delay" line="35">
<for flavor="IN RANGE">
<iter>
<kw name="Get User By Id" owner="users">
<kw name="Create Session" owner="RequestsLibrary">
<msg time="2025-06-08T02:54:46.967567" level="INFO">Creating Session using : alias=reqres, url=https://reqres.in/api, headers={'x-api-key': 'reqres-free-v1'},                     cookies={}, auth=None, timeout=None, proxies=None, verify=False,                     debug=0 </msg>
<arg>alias=reqres</arg>
<arg>url=${REQRES_BASE_URL}</arg>
<arg>headers=${HEADERS}</arg>
<doc>Create Session: create a HTTP session to a server</doc>
<status status="PASS" start="2025-06-08T02:54:46.967567" elapsed="0.000000"/>
</kw>
<kw name="GET On Session" owner="RequestsLibrary">
<msg time="2025-06-08T02:54:47.422129" level="INFO">GET Request : url=https://reqres.in/api/users/2?delay=0 
 path_url=/api/users/2?delay=0 
 headers={'User-Agent': 'python-requests/2.32.3', 'Accept-Encoding': 'gzip, deflate', 'Accept': '*/*', 'Connection': 'keep-alive', 'x-api-key': 'reqres-free-v1'} 
 body=None 
 </msg>
<msg time="2025-06-08T02:54:47.422129" level="INFO">GET Response : url=https://reqres.in/api/users/2?delay=0 
 status=200, reason=OK 
 headers={'Date': 'Sun, 08 Jun 2025 02:54:47 GMT', 'Content-Type': 'application/json; charset=utf-8', 'Transfer-Encoding': 'chunked', 'Connection': 'keep-alive', 'Content-Encoding': 'gzip', 'Report-To': '{"group":"heroku-nel","max_age":3600,"endpoints":[{"url":"https://nel.heroku.com/reports?ts=1749351287&amp;sid=c4c9725f-1ab0-44d8-820f-430df2718e11&amp;s=wfJSgtvvOF65%2B4OSXGXL8cwKEcF7JMQ%2BXxtro6G5vvE%3D"}]}', 'Reporting-Endpoints': 'heroku-nel=https://nel.heroku.com/reports?ts=1749351287&amp;sid=c4c9725f-1ab0-44d8-820f-430df2718e11&amp;s=wfJSgtvvOF65%2B4OSXGXL8cwKEcF7JMQ%2BXxtro6G5vvE%3D', 'Nel': '{"report_to":"heroku-nel","max_age":3600,"success_fraction":0.005,"failure_fraction":0.05,"response_headers":["Via"]}', 'X-Powered-By': 'Express', 'Access-Control-Allow-Origin': '*', 'Ratelimit-Policy': '100;w=60', 'Ratelimit-Limit': '100', 'Ratelimit-Remaining': '86', 'Ratelimit-Reset': '59', 'Etag': 'W/"152-ApQgGHL6RKwaebFlrPCYPBO1xHg"', 'Via': '1.1 vegur', 'Cf-Cache-Status': 'DYNAMIC', 'Server': 'cloudflare', 'Cf-Ray': '94c51b496a2fc991-IAD', 'server-timing': 'cfL4;desc="?proto=TCP&amp;rtt=6574&amp;min_rtt=5299&amp;rtt_var=2898&amp;sent=4&amp;recv=6&amp;lost=0&amp;retrans=0&amp;sent_bytes=2833&amp;recv_bytes=805&amp;delivery_rate=543498&amp;cwnd=208&amp;unsent_bytes=0&amp;cid=4f7a0266782c5362&amp;ts=169&amp;x=0"'} 
 body={"data":{"id":2,"email":"janet.weaver@reqres.in","first_name":"Janet","last_name":"Weaver","avatar":"https://reqres.in/img/faces/2-image.jpg"},"support":{"url":"https://contentcaddy.io?utm_source=reqres&amp;utm_medium=json&amp;utm_campaign=referral","text":"Tired of writing endless social media content? Let Content Caddy generate it for you."}} 
 </msg>
<msg time="2025-06-08T02:54:47.422129" level="INFO">C:\hostedtoolcache\windows\Python\3.12.10\x64\Lib\site-packages\urllib3\connectionpool.py:1097: InsecureRequestWarning: Unverified HTTPS request is being made to host 'reqres.in'. Adding certificate verification is strongly advised. See: https://urllib3.readthedocs.io/en/latest/advanced-usage.html#tls-warnings
  warnings.warn(</msg>
<msg time="2025-06-08T02:54:47.422129" level="INFO">${response} = &lt;Response [200]&gt;</msg>
<var>${response}</var>
<arg>alias=reqres</arg>
<arg>url=/users/${id}?delay=${delay}</arg>
<doc>Sends a GET request on a previously created HTTP Session.</doc>
<status status="PASS" start="2025-06-08T02:54:46.967567" elapsed="0.454562"/>
</kw>
<return>
<value>${response}</value>
<status status="PASS" start="2025-06-08T02:54:47.422129" elapsed="0.000000"/>
</return>
<msg time="2025-06-08T02:54:47.422129" level="INFO">${response} = &lt;Response [200]&gt;</msg>
<var>${response}</var>
<arg>id=${USER_ID}</arg>
<arg>delay=${delay}</arg>
<status status="PASS" start="2025-06-08T02:54:46.967567" elapsed="0.454562"/>
</kw>
<kw name="Validate Response Status" owner="generic">
<kw name="Status Should Be" owner="RequestsLibrary">
<arg>expected_status=${status}</arg>
<arg>response=${response}</arg>
<doc>Fails if response status code is different than the expected.</doc>
<status status="PASS" start="2025-06-08T02:54:47.422129" elapsed="0.000000"/>
</kw>
<arg>response=${response}</arg>
<arg>status=200</arg>
<status status="PASS" start="2025-06-08T02:54:47.422129" elapsed="0.000000"/>
</kw>
<kw name="Validate User Against Schema" owner="users">
<kw name="Validate Json By Schema File" owner="JSONLibrary">
<arg>json_object=${response.json()}[data]</arg>
<arg>path_to_schema=${USER_SCHEMA_LOC}</arg>
<doc>Validate json object by json schema file.
Arguments:
    - json_object: json as a dictionary object.
    - json_path: path to file with json schema</doc>
<status status="PASS" start="2025-06-08T02:54:47.422129" elapsed="0.000000"/>
</kw>
<arg>response=${response}</arg>
<status status="PASS" start="2025-06-08T02:54:47.422129" elapsed="0.000000"/>
</kw>
<kw name="Validate Response Time" owner="generic">
<kw name="Evaluate" owner="BuiltIn">
<msg time="2025-06-08T02:54:47.422129" level="INFO">${time_float} = 1.0</msg>
<var>${time_float}</var>
<arg>float(${time})</arg>
<doc>Evaluates the given expression in Python and returns the result.</doc>
<status status="PASS" start="2025-06-08T02:54:47.422129" elapsed="0.000000"/>
</kw>
<kw name="Evaluate" owner="BuiltIn">
<msg time="2025-06-08T02:54:47.422129" level="INFO">${response_time} = 0.455724</msg>
<var>${response_time}</var>
<arg>float(${response.elapsed.total_seconds()})</arg>
<doc>Evaluates the given expression in Python and returns the result.</doc>
<status status="PASS" start="2025-06-08T02:54:47.422129" elapsed="0.000000"/>
</kw>
<kw name="Should Be True" owner="BuiltIn">
<arg>${response_time} &lt; ${time_float}</arg>
<doc>Fails if the given condition is not true.</doc>
<status status="PASS" start="2025-06-08T02:54:47.422129" elapsed="0.000000"/>
</kw>
<arg>response=${response}</arg>
<arg>time=${MAX_RESPONSE_TIME}+${delay}</arg>
<status status="PASS" start="2025-06-08T02:54:47.422129" elapsed="0.000000"/>
</kw>
<var name="${delay}">0</var>
<status status="PASS" start="2025-06-08T02:54:46.967567" elapsed="0.454562"/>
</iter>
<iter>
<kw name="Get User By Id" owner="users">
<kw name="Create Session" owner="RequestsLibrary">
<msg time="2025-06-08T02:54:47.422129" level="INFO">Creating Session using : alias=reqres, url=https://reqres.in/api, headers={'x-api-key': 'reqres-free-v1'},                     cookies={}, auth=None, timeout=None, proxies=None, verify=False,                     debug=0 </msg>
<arg>alias=reqres</arg>
<arg>url=${REQRES_BASE_URL}</arg>
<arg>headers=${HEADERS}</arg>
<doc>Create Session: create a HTTP session to a server</doc>
<status status="PASS" start="2025-06-08T02:54:47.422129" elapsed="0.000000"/>
</kw>
<kw name="GET On Session" owner="RequestsLibrary">
<msg time="2025-06-08T02:54:48.839432" level="INFO">GET Request : url=https://reqres.in/api/users/2?delay=1 
 path_url=/api/users/2?delay=1 
 headers={'User-Agent': 'python-requests/2.32.3', 'Accept-Encoding': 'gzip, deflate', 'Accept': '*/*', 'Connection': 'keep-alive', 'x-api-key': 'reqres-free-v1'} 
 body=None 
 </msg>
<msg time="2025-06-08T02:54:48.839432" level="INFO">GET Response : url=https://reqres.in/api/users/2?delay=1 
 status=200, reason=OK 
 headers={'Date': 'Sun, 08 Jun 2025 02:54:48 GMT', 'Content-Type': 'application/json; charset=utf-8', 'Transfer-Encoding': 'chunked', 'Connection': 'keep-alive', 'Content-Encoding': 'gzip', 'Report-To': '{"group":"heroku-nel","max_age":3600,"endpoints":[{"url":"https://nel.heroku.com/reports?ts=1749351287&amp;sid=c4c9725f-1ab0-44d8-820f-430df2718e11&amp;s=wfJSgtvvOF65%2B4OSXGXL8cwKEcF7JMQ%2BXxtro6G5vvE%3D"}]}', 'Reporting-Endpoints': 'heroku-nel=https://nel.heroku.com/reports?ts=1749351287&amp;sid=c4c9725f-1ab0-44d8-820f-430df2718e11&amp;s=wfJSgtvvOF65%2B4OSXGXL8cwKEcF7JMQ%2BXxtro6G5vvE%3D', 'Nel': '{"report_to":"heroku-nel","max_age":3600,"success_fraction":0.005,"failure_fraction":0.05,"response_headers":["Via"]}', 'X-Powered-By': 'Express', 'Access-Control-Allow-Origin': '*', 'Ratelimit-Policy': '100;w=60', 'Ratelimit-Limit': '100', 'Ratelimit-Remaining': '84', 'Ratelimit-Reset': '58', 'Etag': 'W/"152-ApQgGHL6RKwaebFlrPCYPBO1xHg"', 'Via': '1.1 vegur', 'Cf-Cache-Status': 'DYNAMIC', 'Server': 'cloudflare', 'Cf-Ray': '94c51b4c1c36e641-IAD', 'server-timing': 'cfL4;desc="?proto=TCP&amp;rtt=5525&amp;min_rtt=5422&amp;rtt_var=2107&amp;sent=4&amp;recv=6&amp;lost=0&amp;retrans=0&amp;sent_bytes=2834&amp;recv_bytes=805&amp;delivery_rate=531169&amp;cwnd=169&amp;unsent_bytes=0&amp;cid=5860cb372f49648c&amp;ts=1163&amp;x=0"'} 
 body={"data":{"id":2,"email":"janet.weaver@reqres.in","first_name":"Janet","last_name":"Weaver","avatar":"https://reqres.in/img/faces/2-image.jpg"},"support":{"url":"https://contentcaddy.io?utm_source=reqres&amp;utm_medium=json&amp;utm_campaign=referral","text":"Tired of writing endless social media content? Let Content Caddy generate it for you."}} 
 </msg>
<msg time="2025-06-08T02:54:48.839432" level="INFO">C:\hostedtoolcache\windows\Python\3.12.10\x64\Lib\site-packages\urllib3\connectionpool.py:1097: InsecureRequestWarning: Unverified HTTPS request is being made to host 'reqres.in'. Adding certificate verification is strongly advised. See: https://urllib3.readthedocs.io/en/latest/advanced-usage.html#tls-warnings
  warnings.warn(</msg>
<msg time="2025-06-08T02:54:48.839432" level="INFO">${response} = &lt;Response [200]&gt;</msg>
<var>${response}</var>
<arg>alias=reqres</arg>
<arg>url=/users/${id}?delay=${delay}</arg>
<doc>Sends a GET request on a previously created HTTP Session.</doc>
<status status="PASS" start="2025-06-08T02:54:47.422129" elapsed="1.417303"/>
</kw>
<return>
<value>${response}</value>
<status status="PASS" start="2025-06-08T02:54:48.839432" elapsed="0.000000"/>
</return>
<msg time="2025-06-08T02:54:48.839432" level="INFO">${response} = &lt;Response [200]&gt;</msg>
<var>${response}</var>
<arg>id=${USER_ID}</arg>
<arg>delay=${delay}</arg>
<status status="PASS" start="2025-06-08T02:54:47.422129" elapsed="1.417303"/>
</kw>
<kw name="Validate Response Status" owner="generic">
<kw name="Status Should Be" owner="RequestsLibrary">
<arg>expected_status=${status}</arg>
<arg>response=${response}</arg>
<doc>Fails if response status code is different than the expected.</doc>
<status status="PASS" start="2025-06-08T02:54:48.839432" elapsed="0.000000"/>
</kw>
<arg>response=${response}</arg>
<arg>status=200</arg>
<status status="PASS" start="2025-06-08T02:54:48.839432" elapsed="0.000000"/>
</kw>
<kw name="Validate User Against Schema" owner="users">
<kw name="Validate Json By Schema File" owner="JSONLibrary">
<arg>json_object=${response.json()}[data]</arg>
<arg>path_to_schema=${USER_SCHEMA_LOC}</arg>
<doc>Validate json object by json schema file.
Arguments:
    - json_object: json as a dictionary object.
    - json_path: path to file with json schema</doc>
<status status="PASS" start="2025-06-08T02:54:48.839432" elapsed="0.017215"/>
</kw>
<arg>response=${response}</arg>
<status status="PASS" start="2025-06-08T02:54:48.839432" elapsed="0.017215"/>
</kw>
<kw name="Validate Response Time" owner="generic">
<kw name="Evaluate" owner="BuiltIn">
<msg time="2025-06-08T02:54:48.856647" level="INFO">${time_float} = 2.0</msg>
<var>${time_float}</var>
<arg>float(${time})</arg>
<doc>Evaluates the given expression in Python and returns the result.</doc>
<status status="PASS" start="2025-06-08T02:54:48.856647" elapsed="0.000000"/>
</kw>
<kw name="Evaluate" owner="BuiltIn">
<msg time="2025-06-08T02:54:48.856647" level="INFO">${response_time} = 1.410824</msg>
<var>${response_time}</var>
<arg>float(${response.elapsed.total_seconds()})</arg>
<doc>Evaluates the given expression in Python and returns the result.</doc>
<status status="PASS" start="2025-06-08T02:54:48.856647" elapsed="0.000000"/>
</kw>
<kw name="Should Be True" owner="BuiltIn">
<arg>${response_time} &lt; ${time_float}</arg>
<doc>Fails if the given condition is not true.</doc>
<status status="PASS" start="2025-06-08T02:54:48.856647" elapsed="0.000000"/>
</kw>
<arg>response=${response}</arg>
<arg>time=${MAX_RESPONSE_TIME}+${delay}</arg>
<status status="PASS" start="2025-06-08T02:54:48.856647" elapsed="0.000000"/>
</kw>
<var name="${delay}">1</var>
<status status="PASS" start="2025-06-08T02:54:47.422129" elapsed="1.434518"/>
</iter>
<iter>
<kw name="Get User By Id" owner="users">
<kw name="Create Session" owner="RequestsLibrary">
<msg time="2025-06-08T02:54:48.856647" level="INFO">Creating Session using : alias=reqres, url=https://reqres.in/api, headers={'x-api-key': 'reqres-free-v1'},                     cookies={}, auth=None, timeout=None, proxies=None, verify=False,                     debug=0 </msg>
<arg>alias=reqres</arg>
<arg>url=${REQRES_BASE_URL}</arg>
<arg>headers=${HEADERS}</arg>
<doc>Create Session: create a HTTP session to a server</doc>
<status status="PASS" start="2025-06-08T02:54:48.856647" elapsed="0.000000"/>
</kw>
<kw name="GET On Session" owner="RequestsLibrary">
<msg time="2025-06-08T02:54:51.486527" level="INFO">GET Request : url=https://reqres.in/api/users/2?delay=2 
 path_url=/api/users/2?delay=2 
 headers={'User-Agent': 'python-requests/2.32.3', 'Accept-Encoding': 'gzip, deflate', 'Accept': '*/*', 'Connection': 'keep-alive', 'x-api-key': 'reqres-free-v1'} 
 body=None 
 </msg>
<msg time="2025-06-08T02:54:51.486527" level="INFO">GET Response : url=https://reqres.in/api/users/2?delay=2 
 status=200, reason=OK 
 headers={'Date': 'Sun, 08 Jun 2025 02:54:51 GMT', 'Content-Type': 'application/json; charset=utf-8', 'Transfer-Encoding': 'chunked', 'Connection': 'keep-alive', 'Content-Encoding': 'gzip', 'Report-To': '{"group":"heroku-nel","max_age":3600,"endpoints":[{"url":"https://nel.heroku.com/reports?ts=1749351289&amp;sid=c4c9725f-1ab0-44d8-820f-430df2718e11&amp;s=V%2BJiQhRyLd0%2B7ApUwrVG6kZ%2Fnkk6yZoOttfaDcOwHos%3D"}]}', 'Reporting-Endpoints': 'heroku-nel=https://nel.heroku.com/reports?ts=1749351289&amp;sid=c4c9725f-1ab0-44d8-820f-430df2718e11&amp;s=V%2BJiQhRyLd0%2B7ApUwrVG6kZ%2Fnkk6yZoOttfaDcOwHos%3D', 'Nel': '{"report_to":"heroku-nel","max_age":3600,"success_fraction":0.005,"failure_fraction":0.05,"response_headers":["Via"]}', 'X-Powered-By': 'Express', 'Access-Control-Allow-Origin': '*', 'Ratelimit-Policy': '100;w=60', 'Ratelimit-Limit': '100', 'Ratelimit-Remaining': '82', 'Ratelimit-Reset': '55', 'Etag': 'W/"152-ApQgGHL6RKwaebFlrPCYPBO1xHg"', 'Via': '1.1 vegur', 'Cf-Cache-Status': 'DYNAMIC', 'Server': 'cloudflare', 'Cf-Ray': '94c51b564fd0fa2f-IAD', 'server-timing': 'cfL4;desc="?proto=TCP&amp;rtt=5791&amp;min_rtt=5586&amp;rtt_var=2505&amp;sent=4&amp;recv=6&amp;lost=0&amp;retrans=0&amp;sent_bytes=2833&amp;recv_bytes=805&amp;delivery_rate=398395&amp;cwnd=139&amp;unsent_bytes=0&amp;cid=6af31d7488b73fba&amp;ts=2176&amp;x=0"'} 
 body={"data":{"id":2,"email":"janet.weaver@reqres.in","first_name":"Janet","last_name":"Weaver","avatar":"https://reqres.in/img/faces/2-image.jpg"},"support":{"url":"https://contentcaddy.io?utm_source=reqres&amp;utm_medium=json&amp;utm_campaign=referral","text":"Tired of writing endless social media content? Let Content Caddy generate it for you."}} 
 </msg>
<msg time="2025-06-08T02:54:51.486527" level="INFO">C:\hostedtoolcache\windows\Python\3.12.10\x64\Lib\site-packages\urllib3\connectionpool.py:1097: InsecureRequestWarning: Unverified HTTPS request is being made to host 'reqres.in'. Adding certificate verification is strongly advised. See: https://urllib3.readthedocs.io/en/latest/advanced-usage.html#tls-warnings
  warnings.warn(</msg>
<msg time="2025-06-08T02:54:51.486527" level="INFO">${response} = &lt;Response [200]&gt;</msg>
<var>${response}</var>
<arg>alias=reqres</arg>
<arg>url=/users/${id}?delay=${delay}</arg>
<doc>Sends a GET request on a previously created HTTP Session.</doc>
<status status="PASS" start="2025-06-08T02:54:48.856647" elapsed="2.629880"/>
</kw>
<return>
<value>${response}</value>
<status status="PASS" start="2025-06-08T02:54:51.486527" elapsed="0.000000"/>
</return>
<msg time="2025-06-08T02:54:51.487526" level="INFO">${response} = &lt;Response [200]&gt;</msg>
<var>${response}</var>
<arg>id=${USER_ID}</arg>
<arg>delay=${delay}</arg>
<status status="PASS" start="2025-06-08T02:54:48.856647" elapsed="2.630879"/>
</kw>
<kw name="Validate Response Status" owner="generic">
<kw name="Status Should Be" owner="RequestsLibrary">
<arg>expected_status=${status}</arg>
<arg>response=${response}</arg>
<doc>Fails if response status code is different than the expected.</doc>
<status status="PASS" start="2025-06-08T02:54:51.488529" elapsed="0.000000"/>
</kw>
<arg>response=${response}</arg>
<arg>status=200</arg>
<status status="PASS" start="2025-06-08T02:54:51.487526" elapsed="0.001003"/>
</kw>
<kw name="Validate User Against Schema" owner="users">
<kw name="Validate Json By Schema File" owner="JSONLibrary">
<arg>json_object=${response.json()}[data]</arg>
<arg>path_to_schema=${USER_SCHEMA_LOC}</arg>
<doc>Validate json object by json schema file.
Arguments:
    - json_object: json as a dictionary object.
    - json_path: path to file with json schema</doc>
<status status="PASS" start="2025-06-08T02:54:51.491529" elapsed="0.006002"/>
</kw>
<arg>response=${response}</arg>
<status status="PASS" start="2025-06-08T02:54:51.490529" elapsed="0.007002"/>
</kw>
<kw name="Validate Response Time" owner="generic">
<kw name="Evaluate" owner="BuiltIn">
<msg time="2025-06-08T02:54:51.503530" level="INFO">${time_float} = 3.0</msg>
<var>${time_float}</var>
<arg>float(${time})</arg>
<doc>Evaluates the given expression in Python and returns the result.</doc>
<status status="PASS" start="2025-06-08T02:54:51.500529" elapsed="0.003001"/>
</kw>
<kw name="Evaluate" owner="BuiltIn">
<msg time="2025-06-08T02:54:51.505531" level="INFO">${response_time} = 2.62248</msg>
<var>${response_time}</var>
<arg>float(${response.elapsed.total_seconds()})</arg>
<doc>Evaluates the given expression in Python and returns the result.</doc>
<status status="PASS" start="2025-06-08T02:54:51.503530" elapsed="0.002001"/>
</kw>
<kw name="Should Be True" owner="BuiltIn">
<arg>${response_time} &lt; ${time_float}</arg>
<doc>Fails if the given condition is not true.</doc>
<status status="PASS" start="2025-06-08T02:54:51.505531" elapsed="0.000993"/>
</kw>
<arg>response=${response}</arg>
<arg>time=${MAX_RESPONSE_TIME}+${delay}</arg>
<status status="PASS" start="2025-06-08T02:54:51.498528" elapsed="0.007996"/>
</kw>
<var name="${delay}">2</var>
<status status="PASS" start="2025-06-08T02:54:48.856647" elapsed="2.649877"/>
</iter>
<iter>
<kw name="Get User By Id" owner="users">
<kw name="Create Session" owner="RequestsLibrary">
<msg time="2025-06-08T02:54:51.510524" level="INFO">Creating Session using : alias=reqres, url=https://reqres.in/api, headers={'x-api-key': 'reqres-free-v1'},                     cookies={}, auth=None, timeout=None, proxies=None, verify=False,                     debug=0 </msg>
<arg>alias=reqres</arg>
<arg>url=${REQRES_BASE_URL}</arg>
<arg>headers=${HEADERS}</arg>
<doc>Create Session: create a HTTP session to a server</doc>
<status status="PASS" start="2025-06-08T02:54:51.509531" elapsed="0.001999"/>
</kw>
<kw name="GET On Session" owner="RequestsLibrary">
<msg time="2025-06-08T02:54:54.957255" level="INFO">GET Request : url=https://reqres.in/api/users/2?delay=3 
 path_url=/api/users/2?delay=3 
 headers={'User-Agent': 'python-requests/2.32.3', 'Accept-Encoding': 'gzip, deflate', 'Accept': '*/*', 'Connection': 'keep-alive', 'x-api-key': 'reqres-free-v1'} 
 body=None 
 </msg>
<msg time="2025-06-08T02:54:54.957255" level="INFO">GET Response : url=https://reqres.in/api/users/2?delay=3 
 status=200, reason=OK 
 headers={'Date': 'Sun, 08 Jun 2025 02:54:54 GMT', 'Content-Type': 'application/json; charset=utf-8', 'Transfer-Encoding': 'chunked', 'Connection': 'keep-alive', 'Content-Encoding': 'gzip', 'Report-To': '{"group":"heroku-nel","max_age":3600,"endpoints":[{"url":"https://nel.heroku.com/reports?ts=1749351291&amp;sid=c4c9725f-1ab0-44d8-820f-430df2718e11&amp;s=KCsEzMWnth7hGMNOsbEWbKwh1ECmJTWlAwcNG44AClA%3D"}]}', 'Reporting-Endpoints': 'heroku-nel=https://nel.heroku.com/reports?ts=1749351291&amp;sid=c4c9725f-1ab0-44d8-820f-430df2718e11&amp;s=KCsEzMWnth7hGMNOsbEWbKwh1ECmJTWlAwcNG44AClA%3D', 'Nel': '{"report_to":"heroku-nel","max_age":3600,"success_fraction":0.005,"failure_fraction":0.05,"response_headers":["Via"]}', 'X-Powered-By': 'Express', 'Access-Control-Allow-Origin': '*', 'Ratelimit-Policy': '100;w=60', 'Ratelimit-Limit': '100', 'Ratelimit-Remaining': '80', 'Ratelimit-Reset': '52', 'Etag': 'W/"152-ApQgGHL6RKwaebFlrPCYPBO1xHg"', 'Via': '1.1 vegur', 'Cf-Cache-Status': 'DYNAMIC', 'Server': 'cloudflare', 'Cf-Ray': '94c51b65a8dde602-IAD', 'server-timing': 'cfL4;desc="?proto=TCP&amp;rtt=5346&amp;min_rtt=5248&amp;rtt_var=2038&amp;sent=4&amp;recv=6&amp;lost=0&amp;retrans=0&amp;sent_bytes=2833&amp;recv_bytes=805&amp;delivery_rate=548780&amp;cwnd=140&amp;unsent_bytes=0&amp;cid=d76301ea6b3e294e&amp;ts=3173&amp;x=0"'} 
 body={"data":{"id":2,"email":"janet.weaver@reqres.in","first_name":"Janet","last_name":"Weaver","avatar":"https://reqres.in/img/faces/2-image.jpg"},"support":{"url":"https://contentcaddy.io?utm_source=reqres&amp;utm_medium=json&amp;utm_campaign=referral","text":"Tired of writing endless social media content? Let Content Caddy generate it for you."}} 
 </msg>
<msg time="2025-06-08T02:54:54.957255" level="INFO">C:\hostedtoolcache\windows\Python\3.12.10\x64\Lib\site-packages\urllib3\connectionpool.py:1097: InsecureRequestWarning: Unverified HTTPS request is being made to host 'reqres.in'. Adding certificate verification is strongly advised. See: https://urllib3.readthedocs.io/en/latest/advanced-usage.html#tls-warnings
  warnings.warn(</msg>
<msg time="2025-06-08T02:54:54.958260" level="INFO">${response} = &lt;Response [200]&gt;</msg>
<var>${response}</var>
<arg>alias=reqres</arg>
<arg>url=/users/${id}?delay=${delay}</arg>
<doc>Sends a GET request on a previously created HTTP Session.</doc>
<status status="PASS" start="2025-06-08T02:54:51.512525" elapsed="3.445735"/>
</kw>
<return>
<value>${response}</value>
<status status="PASS" start="2025-06-08T02:54:54.958260" elapsed="0.000000"/>
</return>
<msg time="2025-06-08T02:54:54.958260" level="INFO">${response} = &lt;Response [200]&gt;</msg>
<var>${response}</var>
<arg>id=${USER_ID}</arg>
<arg>delay=${delay}</arg>
<status status="PASS" start="2025-06-08T02:54:51.507523" elapsed="3.451730"/>
</kw>
<kw name="Validate Response Status" owner="generic">
<kw name="Status Should Be" owner="RequestsLibrary">
<arg>expected_status=${status}</arg>
<arg>response=${response}</arg>
<doc>Fails if response status code is different than the expected.</doc>
<status status="PASS" start="2025-06-08T02:54:54.960259" elapsed="0.000000"/>
</kw>
<arg>response=${response}</arg>
<arg>status=200</arg>
<status status="PASS" start="2025-06-08T02:54:54.959253" elapsed="0.001999"/>
</kw>
<kw name="Validate User Against Schema" owner="users">
<kw name="Validate Json By Schema File" owner="JSONLibrary">
<arg>json_object=${response.json()}[data]</arg>
<arg>path_to_schema=${USER_SCHEMA_LOC}</arg>
<doc>Validate json object by json schema file.
Arguments:
    - json_object: json as a dictionary object.
    - json_path: path to file with json schema</doc>
<status status="PASS" start="2025-06-08T02:54:54.962255" elapsed="0.008004"/>
</kw>
<arg>response=${response}</arg>
<status status="PASS" start="2025-06-08T02:54:54.961252" elapsed="0.009007"/>
</kw>
<kw name="Validate Response Time" owner="generic">
<kw name="Evaluate" owner="BuiltIn">
<msg time="2025-06-08T02:54:54.972261" level="INFO">${time_float} = 4.0</msg>
<var>${time_float}</var>
<arg>float(${time})</arg>
<doc>Evaluates the given expression in Python and returns the result.</doc>
<status status="PASS" start="2025-06-08T02:54:54.972261" elapsed="0.000990"/>
</kw>
<kw name="Evaluate" owner="BuiltIn">
<msg time="2025-06-08T02:54:54.974254" level="INFO">${response_time} = 3.443178</msg>
<var>${response_time}</var>
<arg>float(${response.elapsed.total_seconds()})</arg>
<doc>Evaluates the given expression in Python and returns the result.</doc>
<status status="PASS" start="2025-06-08T02:54:54.973251" elapsed="0.001003"/>
</kw>
<kw name="Should Be True" owner="BuiltIn">
<arg>${response_time} &lt; ${time_float}</arg>
<doc>Fails if the given condition is not true.</doc>
<status status="PASS" start="2025-06-08T02:54:54.975257" elapsed="0.000000"/>
</kw>
<arg>response=${response}</arg>
<arg>time=${MAX_RESPONSE_TIME}+${delay}</arg>
<status status="PASS" start="2025-06-08T02:54:54.971254" elapsed="0.005001"/>
</kw>
<var name="${delay}">3</var>
<status status="PASS" start="2025-06-08T02:54:51.506524" elapsed="3.469731"/>
</iter>
<var>${delay}</var>
<value>4</value>
<status status="PASS" start="2025-06-08T02:54:46.967567" elapsed="8.008688"/>
</for>
<doc>Perform a GET request to retrieve an user by id and validate afterwards. This is done 4 times with a delay from 0 to 3 seconds.</doc>
<status status="PASS" start="2025-06-08T02:54:46.967567" elapsed="8.008688"/>
</test>
<doc>Testcases for user operations. Containing the first testcase as listed in the spriteCloud automation assignment.</doc>
<status status="PASS" start="2025-06-08T02:54:44.947000" elapsed="9.445000"/>
</suite>
<suite id="s1-s1-s2" name="02-Login" source="C:\a\spriteCloud\spriteCloud\testsuites\reqres\02-login.robot">
<test id="s1-s1-s2-t1" name="TC2 - Perform A Successful Login" line="7">
<kw name="Login With Credentials" owner="login">
<kw name="Create Session" owner="RequestsLibrary">
<msg time="2025-06-08T02:54:45.540858" level="INFO">Creating Session using : alias=reqres, url=https://reqres.in/api, headers={'x-api-key': 'reqres-free-v1'},                     cookies={}, auth=None, timeout=None, proxies=None, verify=False,                     debug=0 </msg>
<arg>alias=reqres</arg>
<arg>url=${REQRES_BASE_URL}</arg>
<arg>headers=${HEADERS}</arg>
<doc>Create Session: create a HTTP session to a server</doc>
<status status="PASS" start="2025-06-08T02:54:45.540273" elapsed="0.001167"/>
</kw>
<variable name="&amp;{params}">
<msg time="2025-06-08T02:54:45.541963" level="INFO">&amp;{params} = { email=eve.holt@reqres.in | password=cityslicka }</msg>
<var>email=${email}</var>
<var>password=${password}</var>
<status status="PASS" start="2025-06-08T02:54:45.541440" elapsed="0.000523"/>
</variable>
<if>
<branch type="IF" condition="$password == ''">
<kw name="POST On Session" owner="RequestsLibrary">
<var>${response}</var>
<arg>alias=reqres</arg>
<arg>url=/login</arg>
<arg>data=${params}</arg>
<arg>expected_status=400</arg>
<doc>Sends a POST request on a previously created HTTP Session.</doc>
<status status="NOT RUN" start="2025-06-08T02:54:45.542575" elapsed="0.000000"/>
</kw>
<status status="NOT RUN" start="2025-06-08T02:54:45.542469" elapsed="0.000638"/>
</branch>
<branch type="ELSE">
<kw name="POST On Session" owner="RequestsLibrary">
<msg time="2025-06-08T02:54:46.073486" level="INFO">POST Request : url=https://reqres.in/api/login 
 path_url=/api/login 
 headers={'User-Agent': 'python-requests/2.32.3', 'Accept-Encoding': 'gzip, deflate', 'Accept': '*/*', 'Connection': 'keep-alive', 'x-api-key': 'reqres-free-v1', 'Content-Length': '46', 'Content-Type': 'application/x-www-form-urlencoded'} 
 body=email=eve.holt%40reqres.in&amp;password=cityslicka 
 </msg>
<msg time="2025-06-08T02:54:46.073486" level="INFO">POST Response : url=https://reqres.in/api/login 
 status=200, reason=OK 
 headers={'Date': 'Sun, 08 Jun 2025 02:54:46 GMT', 'Content-Type': 'application/json; charset=utf-8', 'Content-Length': '29', 'Connection': 'keep-alive', 'Cf-Ray': '94c51b40ff6f5ceb-IAD', 'Report-To': '{"group":"heroku-nel","max_age":3600,"endpoints":[{"url":"https://nel.heroku.com/reports?ts=1749351286&amp;sid=c4c9725f-1ab0-44d8-820f-430df2718e11&amp;s=4Fu4jFkVuqnhcHaRY6sIy7F3zu74xsMD84sv%2B96LtFo%3D"}]}', 'Reporting-Endpoints': 'heroku-nel=https://nel.heroku.com/reports?ts=1749351286&amp;sid=c4c9725f-1ab0-44d8-820f-430df2718e11&amp;s=4Fu4jFkVuqnhcHaRY6sIy7F3zu74xsMD84sv%2B96LtFo%3D', 'Nel': '{"report_to":"heroku-nel","max_age":3600,"success_fraction":0.005,"failure_fraction":0.05,"response_headers":["Via"]}', 'X-Powered-By': 'Express', 'Access-Control-Allow-Origin': '*', 'Ratelimit-Policy': '100;w=60', 'Ratelimit-Limit': '100', 'Ratelimit-Remaining': '98', 'Ratelimit-Reset': '60', 'Etag': 'W/"1d-lGCrvD6B7Qzk11+2C98+nGhhuec"', 'Via': '1.1 vegur', 'Cf-Cache-Status': 'DYNAMIC', 'Server': 'cloudflare', 'server-timing': 'cfL4;desc="?proto=TCP&amp;rtt=5143&amp;min_rtt=5110&amp;rtt_var=1940&amp;sent=4&amp;recv=7&amp;lost=0&amp;retrans=0&amp;sent_bytes=2833&amp;recv_bytes=933&amp;delivery_rate=563600&amp;cwnd=251&amp;unsent_bytes=0&amp;cid=95f81bdf442ed08f&amp;ts=252&amp;x=0"'} 
 body={"token":"QpwL5tke4Pnpja7X4"} 
 </msg>
<msg time="2025-06-08T02:54:46.073486" level="INFO">C:\hostedtoolcache\windows\Python\3.12.10\x64\Lib\site-packages\urllib3\connectionpool.py:1097: InsecureRequestWarning: Unverified HTTPS request is being made to host 'reqres.in'. Adding certificate verification is strongly advised. See: https://urllib3.readthedocs.io/en/latest/advanced-usage.html#tls-warnings
  warnings.warn(</msg>
<msg time="2025-06-08T02:54:46.074081" level="INFO">${response} = &lt;Response [200]&gt;</msg>
<var>${response}</var>
<arg>alias=reqres</arg>
<arg>url=/login</arg>
<arg>data=${params}</arg>
<doc>Sends a POST request on a previously created HTTP Session.</doc>
<status status="PASS" start="2025-06-08T02:54:45.543107" elapsed="0.530974"/>
</kw>
<status status="PASS" start="2025-06-08T02:54:45.543107" elapsed="0.530974"/>
</branch>
<status status="PASS" start="2025-06-08T02:54:45.541963" elapsed="0.532118"/>
</if>
<return>
<value>${response}</value>
<status status="PASS" start="2025-06-08T02:54:46.074081" elapsed="0.000000"/>
</return>
<msg time="2025-06-08T02:54:46.074753" level="INFO">${response} = &lt;Response [200]&gt;</msg>
<var>${response}</var>
<arg>email=${EMAIL_API}</arg>
<arg>password=${PASSWORD_API}</arg>
<status status="PASS" start="2025-06-08T02:54:45.539693" elapsed="0.535060"/>
</kw>
<kw name="Validate Response Status" owner="generic">
<kw name="Status Should Be" owner="RequestsLibrary">
<arg>expected_status=${status}</arg>
<arg>response=${response}</arg>
<doc>Fails if response status code is different than the expected.</doc>
<status status="PASS" start="2025-06-08T02:54:46.075353" elapsed="0.000601"/>
</kw>
<arg>response=${response}</arg>
<arg>status=200</arg>
<status status="PASS" start="2025-06-08T02:54:46.074753" elapsed="0.001201"/>
</kw>
<kw name="Validate Successful Login Against Schema" owner="login">
<kw name="Validate Json By Schema File" owner="JSONLibrary">
<arg>json_object=${response.json()}</arg>
<arg>path_to_schema=${LOGIN_SUCCESS_SCHEMA_LOC}</arg>
<doc>Validate json object by json schema file.
Arguments:
    - json_object: json as a dictionary object.
    - json_path: path to file with json schema</doc>
<status status="PASS" start="2025-06-08T02:54:46.076554" elapsed="0.002354"/>
</kw>
<arg>response=${response}</arg>
<status status="PASS" start="2025-06-08T02:54:46.075954" elapsed="0.002954"/>
</kw>
<kw name="Validate Response Time" owner="generic">
<kw name="Evaluate" owner="BuiltIn">
<msg time="2025-06-08T02:54:46.081342" level="INFO">${time_float} = 1.0</msg>
<var>${time_float}</var>
<arg>float(${time})</arg>
<doc>Evaluates the given expression in Python and returns the result.</doc>
<status status="PASS" start="2025-06-08T02:54:46.078908" elapsed="0.002434"/>
</kw>
<kw name="Evaluate" owner="BuiltIn">
<msg time="2025-06-08T02:54:46.083051" level="INFO">${response_time} = 0.527454</msg>
<var>${response_time}</var>
<arg>float(${response.elapsed.total_seconds()})</arg>
<doc>Evaluates the given expression in Python and returns the result.</doc>
<status status="PASS" start="2025-06-08T02:54:46.081913" elapsed="0.001138"/>
</kw>
<kw name="Should Be True" owner="BuiltIn">
<arg>${response_time} &lt; ${time_float}</arg>
<doc>Fails if the given condition is not true.</doc>
<status status="PASS" start="2025-06-08T02:54:46.083051" elapsed="0.000564"/>
</kw>
<arg>response=${response}</arg>
<arg>time=${MAX_RESPONSE_TIME}</arg>
<status status="PASS" start="2025-06-08T02:54:46.078908" elapsed="0.005279"/>
</kw>
<doc>Perform a login request with a known combination of e-mail/password. Validate afterwards.</doc>
<status status="PASS" start="2025-06-08T02:54:45.527121" elapsed="0.557066"/>
</test>
<test id="s1-s1-s2-t2" name="TC5-2 - Login Without Password" line="14">
<kw name="Login With Credentials" owner="login">
<kw name="Create Session" owner="RequestsLibrary">
<msg time="2025-06-08T02:54:46.087568" level="INFO">Creating Session using : alias=reqres, url=https://reqres.in/api, headers={'x-api-key': 'reqres-free-v1'},                     cookies={}, auth=None, timeout=None, proxies=None, verify=False,                     debug=0 </msg>
<arg>alias=reqres</arg>
<arg>url=${REQRES_BASE_URL}</arg>
<arg>headers=${HEADERS}</arg>
<doc>Create Session: create a HTTP session to a server</doc>
<status status="PASS" start="2025-06-08T02:54:46.087009" elapsed="0.001076"/>
</kw>
<variable name="&amp;{params}">
<msg time="2025-06-08T02:54:46.088728" level="INFO">&amp;{params} = { email=eve.holt@reqres.in | password= }</msg>
<var>email=${email}</var>
<var>password=${password}</var>
<status status="PASS" start="2025-06-08T02:54:46.088127" elapsed="0.000601"/>
</variable>
<if>
<branch type="IF" condition="$password == ''">
<kw name="POST On Session" owner="RequestsLibrary">
<msg time="2025-06-08T02:54:46.500940" level="INFO">POST Request : url=https://reqres.in/api/login 
 path_url=/api/login 
 headers={'User-Agent': 'python-requests/2.32.3', 'Accept-Encoding': 'gzip, deflate', 'Accept': '*/*', 'Connection': 'keep-alive', 'x-api-key': 'reqres-free-v1', 'Content-Length': '36', 'Content-Type': 'application/x-www-form-urlencoded'} 
 body=email=eve.holt%40reqres.in&amp;password= 
 </msg>
<msg time="2025-06-08T02:54:46.500940" level="INFO">POST Response : url=https://reqres.in/api/login 
 status=400, reason=Bad Request 
 headers={'Date': 'Sun, 08 Jun 2025 02:54:46 GMT', 'Content-Type': 'application/json; charset=utf-8', 'Content-Length': '28', 'Connection': 'keep-alive', 'Cf-Ray': '94c51b4399e27fd5-IAD', 'Report-To': '{"group":"heroku-nel","max_age":3600,"endpoints":[{"url":"https://nel.heroku.com/reports?ts=1749351286&amp;sid=c4c9725f-1ab0-44d8-820f-430df2718e11&amp;s=4Fu4jFkVuqnhcHaRY6sIy7F3zu74xsMD84sv%2B96LtFo%3D"}]}', 'Reporting-Endpoints': 'heroku-nel=https://nel.heroku.com/reports?ts=1749351286&amp;sid=c4c9725f-1ab0-44d8-820f-430df2718e11&amp;s=4Fu4jFkVuqnhcHaRY6sIy7F3zu74xsMD84sv%2B96LtFo%3D', 'Nel': '{"report_to":"heroku-nel","max_age":3600,"success_fraction":0.005,"failure_fraction":0.05,"response_headers":["Via"]}', 'X-Powered-By': 'Express', 'Access-Control-Allow-Origin': '*', 'Ratelimit-Policy': '100;w=60', 'Ratelimit-Limit': '100', 'Ratelimit-Remaining': '92', 'Ratelimit-Reset': '60', 'Etag': 'W/"1c-NmpazMScs9tOqR7eDEesn+pqC9Q"', 'Via': '1.1 vegur', 'Cf-Cache-Status': 'DYNAMIC', 'Server': 'cloudflare', 'server-timing': 'cfL4;desc="?proto=TCP&amp;rtt=5405&amp;min_rtt=5226&amp;rtt_var=2088&amp;sent=4&amp;recv=7&amp;lost=0&amp;retrans=0&amp;sent_bytes=2834&amp;recv_bytes=923&amp;delivery_rate=551090&amp;cwnd=152&amp;unsent_bytes=0&amp;cid=4cf27a25cd5b3b1c&amp;ts=173&amp;x=0"'} 
 body={"error":"Missing password"} 
 </msg>
<msg time="2025-06-08T02:54:46.500940" level="INFO">C:\hostedtoolcache\windows\Python\3.12.10\x64\Lib\site-packages\urllib3\connectionpool.py:1097: InsecureRequestWarning: Unverified HTTPS request is being made to host 'reqres.in'. Adding certificate verification is strongly advised. See: https://urllib3.readthedocs.io/en/latest/advanced-usage.html#tls-warnings
  warnings.warn(</msg>
<msg time="2025-06-08T02:54:46.509580" level="INFO">${response} = &lt;Response [400]&gt;</msg>
<var>${response}</var>
<arg>alias=reqres</arg>
<arg>url=/login</arg>
<arg>data=${params}</arg>
<arg>expected_status=400</arg>
<doc>Sends a POST request on a previously created HTTP Session.</doc>
<status status="PASS" start="2025-06-08T02:54:46.089325" elapsed="0.420255"/>
</kw>
<status status="PASS" start="2025-06-08T02:54:46.088728" elapsed="0.420852"/>
</branch>
<branch type="ELSE">
<kw name="POST On Session" owner="RequestsLibrary">
<var>${response}</var>
<arg>alias=reqres</arg>
<arg>url=/login</arg>
<arg>data=${params}</arg>
<doc>Sends a POST request on a previously created HTTP Session.</doc>
<status status="NOT RUN" start="2025-06-08T02:54:46.510226" elapsed="0.000000"/>
</kw>
<status status="NOT RUN" start="2025-06-08T02:54:46.509580" elapsed="0.000646"/>
</branch>
<status status="PASS" start="2025-06-08T02:54:46.088728" elapsed="0.421498"/>
</if>
<return>
<value>${response}</value>
<status status="PASS" start="2025-06-08T02:54:46.510226" elapsed="0.000669"/>
</return>
<msg time="2025-06-08T02:54:46.510895" level="INFO">${response} = &lt;Response [400]&gt;</msg>
<var>${response}</var>
<arg>email=${EMAIL_API}</arg>
<status status="PASS" start="2025-06-08T02:54:46.085886" elapsed="0.425009"/>
</kw>
<kw name="Validate Unsuccessful Login Against Schema" owner="login">
<kw name="Validate Json By Schema File" owner="JSONLibrary">
<arg>json_object=${response.json()}</arg>
<arg>path_to_schema=${LOGIN_FAILED_SCHEMA_LOC}</arg>
<doc>Validate json object by json schema file.
Arguments:
    - json_object: json as a dictionary object.
    - json_path: path to file with json schema</doc>
<status status="PASS" start="2025-06-08T02:54:46.511647" elapsed="0.002456"/>
</kw>
<arg>response=${response}</arg>
<status status="PASS" start="2025-06-08T02:54:46.510895" elapsed="0.003208"/>
</kw>
<kw name="Validate Response Time" owner="generic">
<kw name="Evaluate" owner="BuiltIn">
<msg time="2025-06-08T02:54:46.514672" level="INFO">${time_float} = 1.0</msg>
<var>${time_float}</var>
<arg>float(${time})</arg>
<doc>Evaluates the given expression in Python and returns the result.</doc>
<status status="PASS" start="2025-06-08T02:54:46.514672" elapsed="0.000000"/>
</kw>
<kw name="Evaluate" owner="BuiltIn">
<msg time="2025-06-08T02:54:46.515812" level="INFO">${response_time} = 0.410739</msg>
<var>${response_time}</var>
<arg>float(${response.elapsed.total_seconds()})</arg>
<doc>Evaluates the given expression in Python and returns the result.</doc>
<status status="PASS" start="2025-06-08T02:54:46.514672" elapsed="0.001140"/>
</kw>
<kw name="Should Be True" owner="BuiltIn">
<arg>${response_time} &lt; ${time_float}</arg>
<doc>Fails if the given condition is not true.</doc>
<status status="PASS" start="2025-06-08T02:54:46.515812" elapsed="0.000000"/>
</kw>
<arg>response=${response}</arg>
<arg>time=${MAX_RESPONSE_TIME}</arg>
<status status="PASS" start="2025-06-08T02:54:46.514103" elapsed="0.001709"/>
</kw>
<doc>Perform a login request with a known email, but no password. Validate afterwards.</doc>
<status status="PASS" start="2025-06-08T02:54:46.084754" elapsed="0.431058"/>
</test>
<doc>Testcases for login operations. Containing the second testcase as listed in the spriteCloud automation assignment.</doc>
<status status="PASS" start="2025-06-08T02:54:44.949525" elapsed="1.567875"/>
</suite>
<suite id="s1-s1-s3" name="03-Resource" source="C:\a\spriteCloud\spriteCloud\testsuites\reqres\03-resource.robot">
<test id="s1-s1-s3-t1" name="TC5-1 - Retrieve An Unknown Resource" line="7">
<kw name="Get Resource By Id" owner="resource">
<kw name="Create Session" owner="RequestsLibrary">
<msg time="2025-06-08T02:54:45.507457" level="INFO">Creating Session using : alias=reqres, url=https://reqres.in/api, headers={'x-api-key': 'reqres-free-v1'},                     cookies={}, auth=None, timeout=None, proxies=None, verify=False,                     debug=0 </msg>
<arg>alias=reqres</arg>
<arg>url=${REQRES_BASE_URL}</arg>
<arg>headers=${HEADERS}</arg>
<doc>Create Session: create a HTTP session to a server</doc>
<status status="PASS" start="2025-06-08T02:54:45.507457" elapsed="0.000000"/>
</kw>
<if>
<branch type="IF" condition="$unknown == 'Yes'">
<kw name="GET On Session" owner="RequestsLibrary">
<msg time="2025-06-08T02:54:46.092242" level="INFO">GET Request : url=https://reqres.in/api/resource/9999 
 path_url=/api/resource/9999 
 headers={'User-Agent': 'python-requests/2.32.3', 'Accept-Encoding': 'gzip, deflate', 'Accept': '*/*', 'Connection': 'keep-alive', 'x-api-key': 'reqres-free-v1'} 
 body=None 
 </msg>
<msg time="2025-06-08T02:54:46.092242" level="INFO">GET Response : url=https://reqres.in/api/resource/9999 
 status=404, reason=Not Found 
 headers={'Date': 'Sun, 08 Jun 2025 02:54:46 GMT', 'Content-Type': 'application/json; charset=utf-8', 'Content-Length': '2', 'Connection': 'keep-alive', 'Cf-Ray': '94c51b40f9c32431-IAD', 'Report-To': '{"group":"heroku-nel","max_age":3600,"endpoints":[{"url":"https://nel.heroku.com/reports?ts=1749351286&amp;sid=c4c9725f-1ab0-44d8-820f-430df2718e11&amp;s=4Fu4jFkVuqnhcHaRY6sIy7F3zu74xsMD84sv%2B96LtFo%3D"}]}', 'Reporting-Endpoints': 'heroku-nel=https://nel.heroku.com/reports?ts=1749351286&amp;sid=c4c9725f-1ab0-44d8-820f-430df2718e11&amp;s=4Fu4jFkVuqnhcHaRY6sIy7F3zu74xsMD84sv%2B96LtFo%3D', 'Nel': '{"report_to":"heroku-nel","max_age":3600,"success_fraction":0.005,"failure_fraction":0.05,"response_headers":["Via"]}', 'X-Powered-By': 'Express', 'Access-Control-Allow-Origin': '*', 'Ratelimit-Policy': '100;w=60', 'Ratelimit-Limit': '100', 'Ratelimit-Remaining': '94', 'Ratelimit-Reset': '60', 'Etag': 'W/"2-vyGp6PvFo4RvsFtPoIWeCReyIC8"', 'Via': '1.1 vegur', 'Cache-Control': 'max-age=14400', 'Cf-Cache-Status': 'EXPIRED', 'Vary': 'Accept-Encoding', 'Server': 'cloudflare', 'server-timing': 'cfL4;desc="?proto=TCP&amp;rtt=5314&amp;min_rtt=5310&amp;rtt_var=2000&amp;sent=4&amp;recv=6&amp;lost=0&amp;retrans=0&amp;sent_bytes=2834&amp;recv_bytes=803&amp;delivery_rate=538720&amp;cwnd=183&amp;unsent_bytes=0&amp;cid=b1d9a049fd0de643&amp;ts=281&amp;x=0"'} 
 body={} 
 </msg>
<msg time="2025-06-08T02:54:46.092242" level="INFO">C:\hostedtoolcache\windows\Python\3.12.10\x64\Lib\site-packages\urllib3\connectionpool.py:1097: InsecureRequestWarning: Unverified HTTPS request is being made to host 'reqres.in'. Adding certificate verification is strongly advised. See: https://urllib3.readthedocs.io/en/latest/advanced-usage.html#tls-warnings
  warnings.warn(</msg>
<msg time="2025-06-08T02:54:46.092843" level="INFO">${response} = &lt;Response [404]&gt;</msg>
<var>${response}</var>
<arg>alias=reqres</arg>
<arg>url=/resource/${id}</arg>
<arg>expected_status=404</arg>
<doc>Sends a GET request on a previously created HTTP Session.</doc>
<status status="PASS" start="2025-06-08T02:54:45.507457" elapsed="0.585386"/>
</kw>
<status status="PASS" start="2025-06-08T02:54:45.507457" elapsed="0.585386"/>
</branch>
<branch type="ELSE">
<kw name="GET On Session" owner="RequestsLibrary">
<var>${response}</var>
<arg>alias=reqres</arg>
<arg>url=/resource/${id}</arg>
<doc>Sends a GET request on a previously created HTTP Session.</doc>
<status status="NOT RUN" start="2025-06-08T02:54:46.093505" elapsed="0.000000"/>
</kw>
<status status="NOT RUN" start="2025-06-08T02:54:46.092843" elapsed="0.000662"/>
</branch>
<status status="PASS" start="2025-06-08T02:54:45.507457" elapsed="0.586048"/>
</if>
<return>
<value>${response}</value>
<status status="PASS" start="2025-06-08T02:54:46.093505" elapsed="0.000610"/>
</return>
<msg time="2025-06-08T02:54:46.094115" level="INFO">${response} = &lt;Response [404]&gt;</msg>
<var>${response}</var>
<arg>id=9999</arg>
<arg>unknown=Yes</arg>
<status status="PASS" start="2025-06-08T02:54:45.507457" elapsed="0.586658"/>
</kw>
<kw name="Validate Unsuccessful Resource Retrieval" owner="resource">
<kw name="Should Be Empty" owner="BuiltIn">
<msg time="2025-06-08T02:54:46.095401" level="INFO">Length is 0.</msg>
<arg>${response.json()}</arg>
<doc>Verifies that the given item is empty.</doc>
<status status="PASS" start="2025-06-08T02:54:46.095323" elapsed="0.000078"/>
</kw>
<arg>response=${response}</arg>
<status status="PASS" start="2025-06-08T02:54:46.094717" elapsed="0.000684"/>
</kw>
<kw name="Validate Response Time" owner="generic">
<kw name="Evaluate" owner="BuiltIn">
<msg time="2025-06-08T02:54:46.095401" level="INFO">${time_float} = 1.0</msg>
<var>${time_float}</var>
<arg>float(${time})</arg>
<doc>Evaluates the given expression in Python and returns the result.</doc>
<status status="PASS" start="2025-06-08T02:54:46.095401" elapsed="0.000000"/>
</kw>
<kw name="Evaluate" owner="BuiltIn">
<msg time="2025-06-08T02:54:46.095401" level="INFO">${response_time} = 0.575213</msg>
<var>${response_time}</var>
<arg>float(${response.elapsed.total_seconds()})</arg>
<doc>Evaluates the given expression in Python and returns the result.</doc>
<status status="PASS" start="2025-06-08T02:54:46.095401" elapsed="0.000000"/>
</kw>
<kw name="Should Be True" owner="BuiltIn">
<arg>${response_time} &lt; ${time_float}</arg>
<doc>Fails if the given condition is not true.</doc>
<status status="PASS" start="2025-06-08T02:54:46.095401" elapsed="0.000000"/>
</kw>
<arg>response=${response}</arg>
<arg>time=${MAX_RESPONSE_TIME}</arg>
<status status="PASS" start="2025-06-08T02:54:46.095401" elapsed="0.000000"/>
</kw>
<doc>Try and retrieve a resource with an unknown id</doc>
<status status="PASS" start="2025-06-08T02:54:45.507457" elapsed="0.587944"/>
</test>
<doc>Testcases for login operations. Containing the fifth testcase as listed in the spriteCloud automation assignment.</doc>
<status status="PASS" start="2025-06-08T02:54:44.933431" elapsed="1.161970"/>
</suite>
<status status="PASS" start="2025-06-08T02:54:44.921000" elapsed="9.457000"/>
</suite>
<suite id="s1-s2" name="Saucedemo" source="C:\a\spriteCloud\spriteCloud\testsuites\saucedemo">
<suite id="s1-s2-s1" name="01-Checkout" source="C:\a\spriteCloud\spriteCloud\testsuites\saucedemo\01-checkout.robot">
<test id="s1-s2-s1-t1" name="Checkout With Atleast Two Items" line="8">
<kw name="Open Site" owner="generic" type="SETUP">
<if>
<branch type="IF" condition="$new_browser == &quot;Yes&quot;">
<kw name="New Browser" owner="Browser">
<msg time="2025-06-08T02:54:45.343027" level="INFO">{"browser": "firefox", "headless": true, "chromiumSandbox": false, "devtools": false, "handleSIGHUP": true, "handleSIGINT": true, "handleSIGTERM": true, "slowMo": 0.0, "timeout": 30000.0, "tracesDir": "C:\\a\\spriteCloud\\spriteCloud\\results\\pabot_results\\3\\browser\\traces\\temp\\4a5d5dd1-c590-4b79-9fe3-d64e2dd08df2"}</msg>
<msg time="2025-06-08T02:54:45.390228" level="INFO">Starting Browser process C:\hostedtoolcache\windows\Python\3.12.10\x64\Lib\site-packages\Browser\wrapper\index.js using at 127.0.0.1:64296</msg>
<msg time="2025-06-08T02:54:48.523855" level="INFO">Successfully created browser with options: {"browser":"firefox","headless":true,"chromiumSandbox":false,"devtools":false,"handleSIGHUP":true,"handleSIGINT":true,"handleSIGTERM":true,"slowMo":0,"timeout":30000,"tracesDir":"C:\\a\\spriteCloud\\spriteCloud\\results\\pabot_results\\3\\browser\\traces\\temp\\4a5d5dd1-c590-4b79-9fe3-d64e2dd08df2"}</msg>
<arg>browser=${BROWSER}</arg>
<arg>headless=${HEADLESS}</arg>
<tag>BrowserControl</tag>
<tag>Setter</tag>
<doc>Create a new playwright Browser with specified options.</doc>
<status status="PASS" start="2025-06-08T02:54:45.343027" elapsed="3.180828"/>
</kw>
<status status="PASS" start="2025-06-08T02:54:45.343027" elapsed="3.180828"/>
</branch>
<status status="PASS" start="2025-06-08T02:54:45.343027" elapsed="3.180828"/>
</if>
<kw name="New Page" owner="Browser">
<msg time="2025-06-08T02:54:53.499442" level="INFO">Successfully initialized new page object and opened url: https://www.saucedemo.com/</msg>
<msg time="2025-06-08T02:54:53.500447" level="INFO">No context was open. New context was automatically opened when this page is created.</msg>
<arg>${url}</arg>
<tag>BrowserControl</tag>
<tag>Setter</tag>
<doc>Open a new Page.</doc>
<status status="PASS" start="2025-06-08T02:54:48.523855" elapsed="4.976592"/>
</kw>
<kw name="Set Viewport Size" owner="Browser">
<msg time="2025-06-08T02:54:53.533714" level="INFO">Set viewport size to: [object Object]</msg>
<arg>1200</arg>
<arg>900</arg>
<tag>BrowserControl</tag>
<tag>Setter</tag>
<doc>Sets current Pages viewport size to specified dimensions.</doc>
<status status="PASS" start="2025-06-08T02:54:53.501062" elapsed="0.032652"/>
</kw>
<kw name="Set Browser Timeout" owner="Browser">
<arg>10s</arg>
<tag>Config</tag>
<tag>Setter</tag>
<doc>Sets the timeout used by most input and getter keywords.</doc>
<status status="PASS" start="2025-06-08T02:54:53.533714" elapsed="0.001092"/>
</kw>
<arg>url=${SAUCEDEMO_URL}</arg>
<arg>new_browser=Yes</arg>
<status status="PASS" start="2025-06-08T02:54:45.343027" elapsed="8.191779"/>
</kw>
<kw name="Login With Known User" owner="login">
<kw name="Fill In Credentials" owner="login">
<kw name="Get Element By Test Id" owner="generic">
<kw name="Get Element" owner="Browser">
<msg time="2025-06-08T02:54:53.584491" level="INFO">Locator found successfully.</msg>
<msg time="2025-06-08T02:54:53.584491" level="INFO">${element} = [data-test="username"]</msg>
<var>${element}</var>
<arg>selector=[${TEST_ID_ATTRIBUTE}="${test_id}"]</arg>
<tag>Getter</tag>
<tag>PageContent</tag>
<doc>Returns a reference to a Playwright [https://playwright.dev/docs/api/class-locator|Locator].</doc>
<status status="PASS" start="2025-06-08T02:54:53.537073" elapsed="0.047418"/>
</kw>
<return>
<value>${element}</value>
<status status="PASS" start="2025-06-08T02:54:53.584491" elapsed="0.000998"/>
</return>
<msg time="2025-06-08T02:54:53.585489" level="INFO">${username_input} = [data-test="username"]</msg>
<var>${username_input}</var>
<arg>test_id=${USERNAME_TEST_ID}</arg>
<status status="PASS" start="2025-06-08T02:54:53.536481" elapsed="0.049008"/>
</kw>
<kw name="Get Element By Test Id" owner="generic">
<kw name="Get Element" owner="Browser">
<msg time="2025-06-08T02:54:53.597482" level="INFO">Locator found successfully.</msg>
<msg time="2025-06-08T02:54:53.597482" level="INFO">${element} = [data-test="password"]</msg>
<var>${element}</var>
<arg>selector=[${TEST_ID_ATTRIBUTE}="${test_id}"]</arg>
<tag>Getter</tag>
<tag>PageContent</tag>
<doc>Returns a reference to a Playwright [https://playwright.dev/docs/api/class-locator|Locator].</doc>
<status status="PASS" start="2025-06-08T02:54:53.586491" elapsed="0.010991"/>
</kw>
<return>
<value>${element}</value>
<status status="PASS" start="2025-06-08T02:54:53.597482" elapsed="0.001000"/>
</return>
<msg time="2025-06-08T02:54:53.598482" level="INFO">${password_input} = [data-test="password"]</msg>
<var>${password_input}</var>
<arg>test_id=${PASSWORD_TEST_ID}</arg>
<status status="PASS" start="2025-06-08T02:54:53.585489" elapsed="0.012993"/>
</kw>
<kw name="Fill Text" owner="Browser">
<msg time="2025-06-08T02:54:53.599478" level="INFO">Fills the text 'standard_user' in the given field.</msg>
<arg>selector=${username_input}</arg>
<arg>txt=${username}</arg>
<tag>PageContent</tag>
<tag>Setter</tag>
<doc>Clears and fills the given ``txt`` into the text field found by ``selector``.</doc>
<status status="PASS" start="2025-06-08T02:54:53.598482" elapsed="0.032840"/>
</kw>
<kw name="Fill Secret" owner="Browser">
<arg>selector=${password_input}</arg>
<arg>secret=$password</arg>
<tag>PageContent</tag>
<tag>Setter</tag>
<doc>Fills the given secret from ``variable_name`` into the
text field found by ``selector``.</doc>
<status status="PASS" start="2025-06-08T02:54:53.632323" elapsed="0.036816"/>
</kw>
<arg>username=${USERNAME}</arg>
<arg>password=${PASSWORD}</arg>
<status status="PASS" start="2025-06-08T02:54:53.535904" elapsed="0.133235"/>
</kw>
<kw name="Click On Login" owner="login">
<kw name="Click Element By Test Id" owner="generic">
<kw name="Click" owner="Browser">
<msg time="2025-06-08T02:54:53.671136" level="INFO">Clicks the element '[data-test="login-button"]'.</msg>
<arg>[${TEST_ID_ATTRIBUTE}="${test_id}"]</arg>
<tag>PageContent</tag>
<tag>Setter</tag>
<doc>Simulates mouse click on the element found by ``selector``.</doc>
<status status="PASS" start="2025-06-08T02:54:53.670138" elapsed="0.340045"/>
</kw>
<arg>test_id=${LOGIN_BTN_TEST_ID}</arg>
<status status="PASS" start="2025-06-08T02:54:53.670138" elapsed="0.340045"/>
</kw>
<status status="PASS" start="2025-06-08T02:54:53.669139" elapsed="0.341044"/>
</kw>
<status status="PASS" start="2025-06-08T02:54:53.535360" elapsed="0.475812"/>
</kw>
<kw name="Generate Random Numbers In A List" owner="generic">
<kw name="Evaluate" owner="BuiltIn">
<msg time="2025-06-08T02:54:54.012849" level="INFO">${list} = [2, 3, 5]</msg>
<var>${list}</var>
<arg>__import__('random').sample(range(${min}, ${max} + 1), ${amount})</arg>
<doc>Evaluates the given expression in Python and returns the result.</doc>
<status status="PASS" start="2025-06-08T02:54:54.012316" elapsed="0.000533"/>
</kw>
<return>
<value>${list}</value>
<status status="PASS" start="2025-06-08T02:54:54.013897" elapsed="0.000000"/>
</return>
<msg time="2025-06-08T02:54:54.013897" level="INFO">@{index_list} = [ 2 | 3 | 5 ]</msg>
<var>@{index_list}</var>
<arg>min=0</arg>
<arg>max=5</arg>
<arg>amount=3</arg>
<status status="PASS" start="2025-06-08T02:54:54.011172" elapsed="0.002725"/>
</kw>
<kw name="Add Items To Cart By Index" owner="inventory">
<for flavor="IN">
<iter>
<kw name="Add Item To Cart By Index" owner="inventory">
<kw name="Load Json From File" owner="JSONLibrary">
<msg time="2025-06-08T02:54:54.017880" level="INFO">${products} = [{'name': 'Sauce Labs Bike Light', 'price': 9.99, 'id': 0, 'add_to_cart_id': 'add-to-cart-sauce-labs-bike-light'}, {'name': 'Sauce Labs Bolt T-Shirt', 'price': 15.99, 'id': 1, 'add_to_cart_id': 'add-t...</msg>
<var>${products}</var>
<arg>file_name=${PRODUCTS_FILE}</arg>
<doc>Load JSON from file.</doc>
<status status="PASS" start="2025-06-08T02:54:54.016896" elapsed="0.000984"/>
</kw>
<kw name="Get From List" owner="Collections">
<msg time="2025-06-08T02:54:54.018891" level="INFO">${item} = {'name': 'Sauce Labs Onesie', 'price': 7.99, 'id': 2, 'add_to_cart_id': 'add-to-cart-sauce-labs-onesie'}</msg>
<var>${item}</var>
<arg>${products}</arg>
<arg>${index}</arg>
<doc>Returns the value specified with an ``index`` from ``list``.</doc>
<status status="PASS" start="2025-06-08T02:54:54.017880" elapsed="0.001011"/>
</kw>
<kw name="Get From Dictionary" owner="Collections">
[...]
<arg>[${TEST_ID_ATTRIBUTE}="${test_id}"]</arg>
<arg>${select_by}</arg>
<arg>${option}</arg>
<tag>PageContent</tag>
<tag>Setter</tag>
<doc>Selects options from select element found by ``selector``.</doc>
<status status="PASS" start="2025-06-08T02:55:01.170135" elapsed="0.085182"/>
</kw>
<arg>option=${sort_type}</arg>
<arg>select_by=text</arg>
<arg>test_id=${SORT_BTN_TEST_ID}</arg>
<status status="PASS" start="2025-06-08T02:55:01.170135" elapsed="0.085182"/>
</kw>
<arg>sort_type=Name (A to Z)</arg>
<status status="PASS" start="2025-06-08T02:55:01.166144" elapsed="0.089760"/>
</kw>
<kw name="Validate Sorting" owner="inventory">
<if>
<branch type="IF" condition="$sort_type == &quot;Name (Z to A)&quot;">
<kw name="_Validate Name Sorting" owner="inventory">
<arg>sort_type=${sort_type}</arg>
<status status="NOT RUN" start="2025-06-08T02:55:01.256860" elapsed="0.000000"/>
</kw>
<status status="NOT RUN" start="2025-06-08T02:55:01.255904" elapsed="0.000956"/>
</branch>
<branch type="ELSE IF" condition="$sort_type == &quot;Name (A to Z)&quot;">
<kw name="Log" owner="BuiltIn">
<msg time="2025-06-08T02:55:01.257858" level="INFO">tbi</msg>
<arg>tbi</arg>
<doc>Logs the given message with the given level.</doc>
<status status="PASS" start="2025-06-08T02:55:01.256860" elapsed="0.000998"/>
</kw>
<status status="PASS" start="2025-06-08T02:55:01.256860" elapsed="0.000998"/>
</branch>
<branch type="ELSE IF" condition="$sort_type == &quot;Price (low to high)&quot;">
<kw name="Log" owner="BuiltIn">
<arg>tbi</arg>
<doc>Logs the given message with the given level.</doc>
<status status="NOT RUN" start="2025-06-08T02:55:01.257858" elapsed="0.000000"/>
</kw>
<status status="NOT RUN" start="2025-06-08T02:55:01.257858" elapsed="0.000000"/>
</branch>
<branch type="ELSE IF" condition="$sort_type == &quot;Price (high to low)&quot;">
<kw name="Log" owner="BuiltIn">
<arg>tbi</arg>
<doc>Logs the given message with the given level.</doc>
<status status="NOT RUN" start="2025-06-08T02:55:01.258859" elapsed="0.000000"/>
</kw>
<status status="NOT RUN" start="2025-06-08T02:55:01.257858" elapsed="0.001001"/>
</branch>
<status status="PASS" start="2025-06-08T02:55:01.255904" elapsed="0.002955"/>
</if>
<arg>sort_type=Name (A to Z)</arg>
<status status="PASS" start="2025-06-08T02:55:01.255904" elapsed="0.002955"/>
</kw>
<kw name="Run Keywords" owner="BuiltIn" type="TEARDOWN">
<kw name="Delete All Cookies" owner="Browser">
<msg time="2025-06-08T02:55:01.263863" level="INFO">All cookies deleted.</msg>
<tag>BrowserControl</tag>
<tag>Setter</tag>
<doc>Deletes all cookies from the currently active browser context.</doc>
<status status="PASS" start="2025-06-08T02:55:01.258859" elapsed="0.005004"/>
</kw>
<kw name="Close Browser" owner="Browser">
<msg time="2025-06-08T02:55:06.550109" level="INFO">Closed browser</msg>
<tag>BrowserControl</tag>
<tag>Setter</tag>
<doc>Closes the current browser.</doc>
<status status="PASS" start="2025-06-08T02:55:01.263863" elapsed="5.286246"/>
</kw>
<arg>Delete All Cookies</arg>
<arg>Close Browser</arg>
<doc>Executes all the given keywords in a sequence.</doc>
<status status="PASS" start="2025-06-08T02:55:01.258859" elapsed="5.291250"/>
</kw>
<doc>Sort the products by name from A-Z and validate afterwards</doc>
<status status="PASS" start="2025-06-08T02:54:57.336771" elapsed="9.213338"/>
</test>
<doc>This file contains the second test case to code for the spriteCloud automation challenge: Write a test that sorts the items by name Z-A and validate that the sorting is correct.</doc>
<status status="PASS" start="2025-06-08T02:54:47.062357" elapsed="19.487752"/>
</suite>
<suite id="s1-s2-s3" name="03-Failed-Login" source="C:\a\spriteCloud\spriteCloud\testsuites\saucedemo\03-failed-login.robot">
<test id="s1-s2-s3-t1" name="Failed Login Validation" line="8">
<kw name="Open Site" owner="generic" type="SETUP">
<if>
<branch type="IF" condition="$new_browser == &quot;Yes&quot;">
<kw name="New Browser" owner="Browser">
<msg time="2025-06-08T02:54:47.664048" level="INFO">{"browser": "firefox", "headless": true, "chromiumSandbox": false, "devtools": false, "handleSIGHUP": true, "handleSIGINT": true, "handleSIGTERM": true, "slowMo": 0.0, "timeout": 30000.0, "tracesDir": "C:\\a\\spriteCloud\\spriteCloud\\results\\pabot_results\\5\\browser\\traces\\temp\\50f94170-b43f-4364-8b2c-d169a66f478e"}</msg>
<msg time="2025-06-08T02:54:47.732193" level="INFO">Starting Browser process C:\hostedtoolcache\windows\Python\3.12.10\x64\Lib\site-packages\Browser\wrapper\index.js using at 127.0.0.1:64342</msg>
<msg time="2025-06-08T02:54:52.124118" level="INFO">Successfully created browser with options: {"browser":"firefox","headless":true,"chromiumSandbox":false,"devtools":false,"handleSIGHUP":true,"handleSIGINT":true,"handleSIGTERM":true,"slowMo":0,"timeout":30000,"tracesDir":"C:\\a\\spriteCloud\\spriteCloud\\results\\pabot_results\\5\\browser\\traces\\temp\\50f94170-b43f-4364-8b2c-d169a66f478e"}</msg>
<arg>browser=${BROWSER}</arg>
<arg>headless=${HEADLESS}</arg>
<tag>BrowserControl</tag>
<tag>Setter</tag>
<doc>Create a new playwright Browser with specified options.</doc>
<status status="PASS" start="2025-06-08T02:54:47.664048" elapsed="4.460070"/>
</kw>
<status status="PASS" start="2025-06-08T02:54:47.664048" elapsed="4.460706"/>
</branch>
<status status="PASS" start="2025-06-08T02:54:47.664048" elapsed="4.460706"/>
</if>
<kw name="New Page" owner="Browser">
<msg time="2025-06-08T02:54:56.167427" level="INFO">Successfully initialized new page object and opened url: https://www.saucedemo.com/</msg>
<msg time="2025-06-08T02:54:56.167427" level="INFO">No context was open. New context was automatically opened when this page is created.</msg>
<arg>${url}</arg>
<tag>BrowserControl</tag>
<tag>Setter</tag>
<doc>Open a new Page.</doc>
<status status="PASS" start="2025-06-08T02:54:52.124754" elapsed="4.042673"/>
</kw>
<kw name="Set Viewport Size" owner="Browser">
<msg time="2025-06-08T02:54:56.212215" level="INFO">Set viewport size to: [object Object]</msg>
<arg>1200</arg>
<arg>900</arg>
<tag>BrowserControl</tag>
<tag>Setter</tag>
<doc>Sets current Pages viewport size to specified dimensions.</doc>
<status status="PASS" start="2025-06-08T02:54:56.167427" elapsed="0.044788"/>
</kw>
<kw name="Set Browser Timeout" owner="Browser">
<arg>10s</arg>
<tag>Config</tag>
<tag>Setter</tag>
<doc>Sets the timeout used by most input and getter keywords.</doc>
<status status="PASS" start="2025-06-08T02:54:56.212215" elapsed="0.002000"/>
</kw>
<arg>url=${SAUCEDEMO_URL}</arg>
<arg>new_browser=Yes</arg>
<status status="PASS" start="2025-06-08T02:54:47.664048" elapsed="8.550167"/>
</kw>
<kw name="Login With Unknown User" owner="login">
<kw name="Fill In Credentials" owner="login">
<kw name="Get Element By Test Id" owner="generic">
<kw name="Get Element" owner="Browser">
<msg time="2025-06-08T02:54:56.291102" level="INFO">Locator found successfully.</msg>
<msg time="2025-06-08T02:54:56.291187" level="INFO">${element} = [data-test="username"]</msg>
<var>${element}</var>
<arg>selector=[${TEST_ID_ATTRIBUTE}="${test_id}"]</arg>
<tag>Getter</tag>
<tag>PageContent</tag>
<doc>Returns a reference to a Playwright [https://playwright.dev/docs/api/class-locator|Locator].</doc>
<status status="PASS" start="2025-06-08T02:54:56.218227" elapsed="0.072960"/>
</kw>
<return>
<value>${element}</value>
<status status="PASS" start="2025-06-08T02:54:56.291850" elapsed="0.000578"/>
</return>
<msg time="2025-06-08T02:54:56.292805" level="INFO">${username_input} = [data-test="username"]</msg>
<var>${username_input}</var>
<arg>test_id=${USERNAME_TEST_ID}</arg>
<status status="PASS" start="2025-06-08T02:54:56.218227" elapsed="0.074578"/>
</kw>
<kw name="Get Element By Test Id" owner="generic">
<kw name="Get Element" owner="Browser">
<msg time="2025-06-08T02:54:56.313530" level="INFO">Locator found successfully.</msg>
<msg time="2025-06-08T02:54:56.313530" level="INFO">${element} = [data-test="password"]</msg>
<var>${element}</var>
<arg>selector=[${TEST_ID_ATTRIBUTE}="${test_id}"]</arg>
<tag>Getter</tag>
<tag>PageContent</tag>
<doc>Returns a reference to a Playwright [https://playwright.dev/docs/api/class-locator|Locator].</doc>
<status status="PASS" start="2025-06-08T02:54:56.295454" elapsed="0.018076"/>
</kw>
<return>
<value>${element}</value>
<status status="PASS" start="2025-06-08T02:54:56.313530" elapsed="0.000000"/>
</return>
<msg time="2025-06-08T02:54:56.315518" level="INFO">${password_input} = [data-test="password"]</msg>
<var>${password_input}</var>
<arg>test_id=${PASSWORD_TEST_ID}</arg>
<status status="PASS" start="2025-06-08T02:54:56.293504" elapsed="0.022014"/>
</kw>
<kw name="Fill Text" owner="Browser">
<msg time="2025-06-08T02:54:56.315518" level="INFO">Fills the text 'unknown' in the given field.</msg>
<arg>selector=${username_input}</arg>
<arg>txt=${username}</arg>
<tag>PageContent</tag>
<tag>Setter</tag>
<doc>Clears and fills the given ``txt`` into the text field found by ``selector``.</doc>
<status status="PASS" start="2025-06-08T02:54:56.315518" elapsed="0.036003"/>
</kw>
<kw name="Fill Secret" owner="Browser">
<arg>selector=${password_input}</arg>
<arg>secret=$password</arg>
<tag>PageContent</tag>
<tag>Setter</tag>
<doc>Fills the given secret from ``variable_name`` into the
text field found by ``selector``.</doc>
<status status="PASS" start="2025-06-08T02:54:56.351521" elapsed="0.023998"/>
</kw>
<arg>username=unknown</arg>
<arg>password=unknown</arg>
<status status="PASS" start="2025-06-08T02:54:56.216219" elapsed="0.159300"/>
</kw>
<kw name="Click On Login" owner="login">
<kw name="Click Element By Test Id" owner="generic">
<kw name="Click" owner="Browser">
<msg time="2025-06-08T02:54:56.377525" level="INFO">Clicks the element '[data-test="login-button"]'.</msg>
<arg>[${TEST_ID_ATTRIBUTE}="${test_id}"]</arg>
<tag>PageContent</tag>
<tag>Setter</tag>
<doc>Simulates mouse click on the element found by ``selector``.</doc>
<status status="PASS" start="2025-06-08T02:54:56.377525" elapsed="0.513865"/>
</kw>
<arg>test_id=${LOGIN_BTN_TEST_ID}</arg>
<status status="PASS" start="2025-06-08T02:54:56.375519" elapsed="0.515898"/>
</kw>
<status status="PASS" start="2025-06-08T02:54:56.375519" elapsed="0.515898"/>
</kw>
<status status="PASS" start="2025-06-08T02:54:56.216219" elapsed="0.675198"/>
</kw>
<kw name="Validate Failed Login Attempt" owner="login">
<kw name="_Validate Failed Login Attempt By Error Message" owner="login">
<kw name="Wait For Elements State By Test Id" owner="generic">
<kw name="Wait For Elements State" owner="Browser">
<msg time="2025-06-08T02:54:56.903542" level="INFO">Waited for Element with selector [data-test="error"] at state visible</msg>
<arg>selector=[${TEST_ID_ATTRIBUTE}="${test_id}"]</arg>
<arg>state=${state}</arg>
<tag>PageContent</tag>
<tag>Wait</tag>
<doc>Waits for the element found by ``selector`` to satisfy state option.</doc>
<status status="PASS" start="2025-06-08T02:54:56.893024" elapsed="0.010518"/>
</kw>
<arg>test_id=${ERROR_TEST_ID}</arg>
<arg>state=visible</arg>
<status status="PASS" start="2025-06-08T02:54:56.892489" elapsed="0.011053"/>
</kw>
<kw name="Get Element By Test Id" owner="generic">
<kw name="Get Element" owner="Browser">
<msg time="2025-06-08T02:54:56.913545" level="INFO">Locator found successfully.</msg>
<msg time="2025-06-08T02:54:56.913545" level="INFO">${element} = [data-test="error"]</msg>
<var>${element}</var>
<arg>selector=[${TEST_ID_ATTRIBUTE}="${test_id}"]</arg>
<tag>Getter</tag>
<tag>PageContent</tag>
<doc>Returns a reference to a Playwright [https://playwright.dev/docs/api/class-locator|Locator].</doc>
<status status="PASS" start="2025-06-08T02:54:56.903542" elapsed="0.010003"/>
</kw>
<return>
<value>${element}</value>
<status status="PASS" start="2025-06-08T02:54:56.913545" elapsed="0.001992"/>
</return>
<msg time="2025-06-08T02:54:56.915537" level="INFO">${element} = [data-test="error"]</msg>
<var>${element}</var>
<arg>test_id=${ERROR_TEST_ID}</arg>
<status status="PASS" start="2025-06-08T02:54:56.903542" elapsed="0.011995"/>
</kw>
<kw name="Get Text" owner="Browser">
<msg time="2025-06-08T02:54:56.969627" level="INFO">Text: 'Epic sadface: Username and password do not match any user in this service'</msg>
<msg time="2025-06-08T02:54:56.971628" level="INFO">${error_text} = Epic sadface: Username and password do not match any user in this service</msg>
<var>${error_text}</var>
<arg>selector=${element}</arg>
<tag>Assertion</tag>
<tag>Getter</tag>
<tag>PageContent</tag>
<doc>Returns text attribute of the element found by ``selector``.</doc>
<status status="PASS" start="2025-06-08T02:54:56.915537" elapsed="0.056091"/>
</kw>
<kw name="Should Contain" owner="BuiltIn">
<arg>container=${error_text}</arg>
<arg>item=${ERROR_MESSAGE}</arg>
<doc>Fails if ``container`` does not contain ``item`` one or more times.</doc>
<status status="PASS" start="2025-06-08T02:54:56.971628" elapsed="0.000000"/>
</kw>
<status status="PASS" start="2025-06-08T02:54:56.892489" elapsed="0.079139"/>
</kw>
<kw name="_Validate Failed Login Attempt By Url" owner="login">
<kw name="Get Url" owner="Browser">
<msg time="2025-06-08T02:54:56.975625" level="INFO">${url} = https://www.saucedemo.com/</msg>
<var>${url}</var>
<tag>Assertion</tag>
<tag>Getter</tag>
<tag>PageContent</tag>
<doc>Returns the current URL.</doc>
<status status="PASS" start="2025-06-08T02:54:56.971628" elapsed="0.003997"/>
</kw>
<kw name="Should Be Equal" owner="BuiltIn">
<arg>first=${url}</arg>
<arg>second=${SAUCEDEMO_URL}</arg>
<doc>Fails if the given objects are unequal.</doc>
<status status="PASS" start="2025-06-08T02:54:56.975625" elapsed="0.000000"/>
</kw>
<status status="PASS" start="2025-06-08T02:54:56.971628" elapsed="0.003997"/>
</kw>
<kw name="_Validate Failed Login By Seeing The Login Form" owner="login">
<kw name="Wait For Elements State By Test Id" owner="generic">
<kw name="Wait For Elements State" owner="Browser">
<msg time="2025-06-08T02:54:56.991216" level="INFO">Waited for Element with selector [data-test="username"] at state visible</msg>
<arg>selector=[${TEST_ID_ATTRIBUTE}="${test_id}"]</arg>
<arg>state=${state}</arg>
<tag>PageContent</tag>
<tag>Wait</tag>
<doc>Waits for the element found by ``selector`` to satisfy state option.</doc>
<status status="PASS" start="2025-06-08T02:54:56.977627" elapsed="0.013589"/>
</kw>
<arg>test_id=${USERNAME_TEST_ID}</arg>
<arg>state=visible</arg>
<status status="PASS" start="2025-06-08T02:54:56.977627" elapsed="0.013589"/>
</kw>
<kw name="Wait For Elements State By Test Id" owner="generic">
<kw name="Wait For Elements State" owner="Browser">
<msg time="2025-06-08T02:54:57.005200" level="INFO">Waited for Element with selector [data-test="password"] at state visible</msg>
<arg>selector=[${TEST_ID_ATTRIBUTE}="${test_id}"]</arg>
<arg>state=${state}</arg>
<tag>PageContent</tag>
<tag>Wait</tag>
<doc>Waits for the element found by ``selector`` to satisfy state option.</doc>
<status status="PASS" start="2025-06-08T02:54:56.991216" elapsed="0.013984"/>
</kw>
<arg>test_id=${PASSWORD_TEST_ID}</arg>
<arg>state=visible</arg>
<status status="PASS" start="2025-06-08T02:54:56.991216" elapsed="0.013984"/>
</kw>
<kw name="Wait For Elements State By Test Id" owner="generic">
<kw name="Wait For Elements State" owner="Browser">
<msg time="2025-06-08T02:54:57.023206" level="INFO">Waited for Element with selector [data-test="login-button"] at state visible</msg>
<arg>selector=[${TEST_ID_ATTRIBUTE}="${test_id}"]</arg>
<arg>state=${state}</arg>
<tag>PageContent</tag>
<tag>Wait</tag>
<doc>Waits for the element found by ``selector`` to satisfy state option.</doc>
<status status="PASS" start="2025-06-08T02:54:57.007205" elapsed="0.018002"/>
</kw>
<arg>test_id=${LOGIN_BTN_TEST_ID}</arg>
<arg>state=visible</arg>
<status status="PASS" start="2025-06-08T02:54:57.005200" elapsed="0.020007"/>
</kw>
<status status="PASS" start="2025-06-08T02:54:56.977627" elapsed="0.047580"/>
</kw>
<kw name=" _Validate Failed Login By Not Seeing The Inventory" owner="login">
<kw name="Wait For Elements State By Test Id" owner="generic">
<kw name="Wait For Elements State" owner="Browser">
<msg time="2025-06-08T02:54:57.035198" level="INFO">Waited for Element with selector [data-test="inventory-item-name"] at state detached</msg>
<arg>selector=[${TEST_ID_ATTRIBUTE}="${test_id}"]</arg>
<arg>state=${state}</arg>
<tag>PageContent</tag>
<tag>Wait</tag>
<doc>Waits for the element found by ``selector`` to satisfy state option.</doc>
<status status="PASS" start="2025-06-08T02:54:57.027205" elapsed="0.009998"/>
</kw>
<arg>test_id=${INV_ITEM_NAME_TEST_ID}</arg>
<arg>state=detached</arg>
<status status="PASS" start="2025-06-08T02:54:57.025207" elapsed="0.011996"/>
</kw>
<status status="PASS" start="2025-06-08T02:54:57.025207" elapsed="0.011996"/>
</kw>
<status status="PASS" start="2025-06-08T02:54:56.891952" elapsed="0.145251"/>
</kw>
<kw name="Run Keywords" owner="BuiltIn" type="TEARDOWN">
<kw name="Delete All Cookies" owner="Browser">
<msg time="2025-06-08T02:54:57.043200" level="INFO">All cookies deleted.</msg>
<tag>BrowserControl</tag>
<tag>Setter</tag>
<doc>Deletes all cookies from the currently active browser context.</doc>
<status status="PASS" start="2025-06-08T02:54:57.037203" elapsed="0.005997"/>
</kw>
<kw name="Close Browser" owner="Browser">
<msg time="2025-06-08T02:54:58.500902" level="INFO">Closed browser</msg>
<tag>BrowserControl</tag>
<tag>Setter</tag>
<doc>Closes the current browser.</doc>
<status status="PASS" start="2025-06-08T02:54:57.045130" elapsed="1.455772"/>
</kw>
<arg>Delete All Cookies</arg>
<arg>Close Browser</arg>
<doc>Executes all the given keywords in a sequence.</doc>
<status status="PASS" start="2025-06-08T02:54:57.037203" elapsed="1.464475"/>
</kw>
<doc>Try to login with an unknown user and validate that the login attempt was unsuccesful</doc>
<status status="PASS" start="2025-06-08T02:54:47.643278" elapsed="10.858400"/>
</test>
<doc>This file contains the third test case to code for the spriteCloud automation challenge: Write a validation for a failed log in.</doc>
<status status="PASS" start="2025-06-08T02:54:47.437784" elapsed="11.067637"/>
</suite>
<doc>This init file will be run before every single file within the same folder. This allows some repetitive task to be just written once.</doc>
<status status="PASS" start="2025-06-08T02:54:44.949000" elapsed="31.767000"/>
</suite>
<doc>[https://pabot.org/?ref=log|Pabot] result from 6 executions.</doc>
<status status="PASS" start="2025-06-08T02:54:44.905000" elapsed="21.669000"/>
</suite>
<statistics>
<total>
<stat pass="11" fail="0" skip="0">All Tests</stat>
</total>
<tag>
</tag>
<suite>
<stat name="Testsuites" id="s1" pass="11" fail="0" skip="0">Testsuites</stat>
<stat name="Reqres" id="s1-s1" pass="7" fail="0" skip="0">Testsuites.Reqres</stat>
<stat name="01-Users" id="s1-s1-s1" pass="4" fail="0" skip="0">Testsuites.Reqres.01-Users</stat>
<stat name="02-Login" id="s1-s1-s2" pass="2" fail="0" skip="0">Testsuites.Reqres.02-Login</stat>
<stat name="03-Resource" id="s1-s1-s3" pass="1" fail="0" skip="0">Testsuites.Reqres.03-Resource</stat>
<stat name="Saucedemo" id="s1-s2" pass="4" fail="0" skip="0">Testsuites.Saucedemo</stat>
<stat name="01-Checkout" id="s1-s2-s1" pass="1" fail="0" skip="0">Testsuites.Saucedemo.01-Checkout</stat>
<stat name="02-Sort-Items" id="s1-s2-s2" pass="2" fail="0" skip="0">Testsuites.Saucedemo.02-Sort-Items</stat>
<stat name="03-Failed-Login" id="s1-s2-s3" pass="1" fail="0" skip="0">Testsuites.Saucedemo.03-Failed-Login</stat>
</suite>
</statistics>
<errors>
</errors>
</robot>
