<?xml version="1.0" encoding="UTF-8"?>
<robot generator="Robot 7.2.2 (Python 3.12.10 on win32)" generated="2025-05-31T05:44:39.557522" rpa="false" schemaversion="5">
<suite id="s1" name="Testsuites" source="D:\a\spriteCloud\spriteCloud\testsuites">
<suite id="s1-s1" name="Reqres" source="D:\a\spriteCloud\spriteCloud\testsuites\reqres">
<suite id="s1-s1-s1" name="01-Users" source="D:\a\spriteCloud\spriteCloud\testsuites\reqres\01-users.robot">
<test id="s1-s1-s1-t1" name="TC1 - Retrieve all users" line="12">
<kw name="Retrieve all users" owner="users">
<kw name="Create Session" owner="RequestsLibrary">
<msg time="2025-05-31T05:44:39.938967" level="INFO">Creating Session using : alias=reqres, url=https://reqres.in/api, headers={'x-api-key': 'reqres-free-v1'},                     cookies={}, auth=None, timeout=None, proxies=None, verify=False,                     debug=0 </msg>
<arg>alias=reqres</arg>
<arg>url=${REQRES_BASE_URL}</arg>
<arg>headers=${HEADERS}</arg>
<doc>Create Session: create a HTTP session to a server</doc>
<status status="PASS" start="2025-05-31T05:44:39.937325" elapsed="0.001642"/>
</kw>
<kw name="Create Dictionary" owner="BuiltIn">
<msg time="2025-05-31T05:44:39.938967" level="INFO">${params} = {'page': '2', 'per_page': '5'}</msg>
<var>${params}</var>
<arg>page=${page}</arg>
<arg>per_page=${per_page}</arg>
<doc>Creates and returns a dictionary based on the given ``items``.</doc>
<status status="PASS" start="2025-05-31T05:44:39.938967" elapsed="0.000000"/>
</kw>
<kw name="GET On Session" owner="RequestsLibrary">
<msg time="2025-05-31T05:44:40.237209" level="INFO">GET Request : url=https://reqres.in/api/users?page=2&amp;per_page=5 
 path_url=/api/users?page=2&amp;per_page=5 
 headers={'User-Agent': 'python-requests/2.32.3', 'Accept-Encoding': 'gzip, deflate', 'Accept': '*/*', 'Connection': 'keep-alive', 'x-api-key': 'reqres-free-v1'} 
 body=None 
 </msg>
<msg time="2025-05-31T05:44:40.237209" level="INFO">GET Response : url=https://reqres.in/api/users?page=2&amp;per_page=5 
 status=200, reason=OK 
 headers={'Date': 'Sat, 31 May 2025 05:44:40 GMT', 'Content-Type': 'application/json; charset=utf-8', 'Transfer-Encoding': 'chunked', 'Connection': 'keep-alive', 'Cf-Ray': '948429234a1d25da-LAX', 'Server': 'cloudflare', 'Content-Encoding': 'gzip', 'Report-To': '{"group":"heroku-nel","max_age":3600,"endpoints":[{"url":"https://nel.heroku.com/reports?ts=1748631812&amp;sid=c4c9725f-1ab0-44d8-820f-430df2718e11&amp;s=gwvrXD%2FbUYRyIydHEg0SN6dK5c51M4sAORxImw2ieeA%3D"}]}', 'Reporting-Endpoints': 'heroku-nel=https://nel.heroku.com/reports?ts=1748631812&amp;sid=c4c9725f-1ab0-44d8-820f-430df2718e11&amp;s=gwvrXD%2FbUYRyIydHEg0SN6dK5c51M4sAORxImw2ieeA%3D', 'Nel': '{"report_to":"heroku-nel","max_age":3600,"success_fraction":0.005,"failure_fraction":0.05,"response_headers":["Via"]}', 'X-Powered-By': 'Express', 'Access-Control-Allow-Origin': '*', 'Ratelimit-Policy': '100;w=60', 'Ratelimit-Limit': '100', 'Ratelimit-Remaining': '98', 'Ratelimit-Reset': '60', 'Etag': 'W/"3af-s8lVpi4rsNpsUOlNUHYIjzkyYco"', 'Via': '1.1 vegur', 'Cache-Control': 'max-age=14400', 'Cf-Cache-Status': 'HIT', 'Age': '725', 'Vary': 'Accept-Encoding', 'server-timing': 'cfL4;desc="?proto=TCP&amp;rtt=8373&amp;min_rtt=8372&amp;rtt_var=3142&amp;sent=4&amp;recv=6&amp;lost=0&amp;retrans=0&amp;sent_bytes=2832&amp;recv_bytes=813&amp;delivery_rate=343593&amp;cwnd=211&amp;unsent_bytes=0&amp;cid=3e945142b4fb1ea4&amp;ts=86&amp;x=0"'} 
 body={"page":2,"per_page":5,"total":12,"total_pages":3,"data":[{"id":6,"email":"tracey.ramos@reqres.in","first_name":"Tracey","last_name":"Ramos","avatar":"https://reqres.in/img/faces/6-image.jpg"},{"id":7,"email":"michael.lawson@reqres.in","first_name":"Michael","last_name":"Lawson","avatar":"https://reqres.in/img/faces/7-image.jpg"},{"id":8,"email":"lindsay.ferguson@reqres.in","first_name":"Lindsay","last_name":"Ferguson","avatar":"https://reqres.in/img/faces/8-image.jpg"},{"id":9,"email":"tobias.funke@reqres.in","first_name":"Tobias","last_name":"Funke","avatar":"https://reqres.in/img/faces/9-image.jpg"},{"id":10,"email":"byron.fields@reqres.in","first_name":"Byron","last_name":"Fields","avatar":"https://reqres.in/img/faces/10-image.jpg"}],"support":{"url":"https://contentcaddy.io?utm_source=reqres&amp;utm_medium=json&amp;utm_campaign=referral","text":"Tired of writing endless social media content? Let Content Caddy generate it for you."}} 
 </msg>
<msg time="2025-05-31T05:44:40.237209" level="INFO">C:\hostedtoolcache\windows\Python\3.12.10\x64\Lib\site-packages\urllib3\connectionpool.py:1097: InsecureRequestWarning: Unverified HTTPS request is being made to host 'reqres.in'. Adding certificate verification is strongly advised. See: https://urllib3.readthedocs.io/en/latest/advanced-usage.html#tls-warnings
  warnings.warn(</msg>
<msg time="2025-05-31T05:44:40.237209" level="INFO">${response} = &lt;Response [200]&gt;</msg>
<var>${response}</var>
<arg>alias=reqres</arg>
<arg>url=/users</arg>
<arg>params=${params}</arg>
<doc>Sends a GET request on a previously created HTTP Session.</doc>
<status status="PASS" start="2025-05-31T05:44:39.938967" elapsed="0.298242"/>
</kw>
<kw name="Return From Keyword" owner="BuiltIn">
<msg time="2025-05-31T05:44:40.237780" level="INFO">Returning from the enclosing user keyword.</msg>
<arg>${response}</arg>
<doc>Returns from the enclosing user keyword.</doc>
<status status="PASS" start="2025-05-31T05:44:40.237780" elapsed="0.000000"/>
</kw>
<msg time="2025-05-31T05:44:40.237780" level="INFO">${response} = &lt;Response [200]&gt;</msg>
<var>${response}</var>
<arg>page=${PAGE}</arg>
<arg>per_page=${PER_PAGE}</arg>
<status status="PASS" start="2025-05-31T05:44:39.937325" elapsed="0.300455"/>
</kw>
<kw name="Validate number of users equal to per_page" owner="users">
<kw name="Length Should Be" owner="BuiltIn">
<msg time="2025-05-31T05:44:40.238866" level="INFO">Length is 5.</msg>
<arg>${response.json()}[data]</arg>
<arg>${per_page}</arg>
<doc>Verifies that the length of the given item is correct.</doc>
<status status="PASS" start="2025-05-31T05:44:40.238326" elapsed="0.000540"/>
</kw>
<arg>response=${response}</arg>
<arg>per_page=${PER_PAGE}</arg>
<status status="PASS" start="2025-05-31T05:44:40.238326" elapsed="0.000540"/>
</kw>
<kw name="Validate multiple users against schema" owner="users">
<for flavor="IN">
<iter>
<kw name="Validate Json By Schema File" owner="JSONLibrary">
<arg>json_object=${user}</arg>
<arg>path_to_schema=${USER_SCHEMA_LOC}</arg>
<doc>Validate json object by json schema file.
Arguments:
    - json_object: json as a dictionary object.
    - json_path: path to file with json schema</doc>
<status status="PASS" start="2025-05-31T05:44:40.239946" elapsed="0.003343"/>
</kw>
<var name="${user}">{'id': 6, 'email': 'tracey.ramos@reqres.in', 'first_name': 'Tracey', 'last_name': 'Ramos', 'avatar': 'https://reqres.in/img/faces/6-image.jpg'}</var>
<status status="PASS" start="2025-05-31T05:44:40.239946" elapsed="0.003391"/>
</iter>
<iter>
<kw name="Validate Json By Schema File" owner="JSONLibrary">
<arg>json_object=${user}</arg>
<arg>path_to_schema=${USER_SCHEMA_LOC}</arg>
<doc>Validate json object by json schema file.
Arguments:
    - json_object: json as a dictionary object.
    - json_path: path to file with json schema</doc>
<status status="PASS" start="2025-05-31T05:44:40.243384" elapsed="0.002828"/>
</kw>
<var name="${user}">{'id': 7, 'email': 'michael.lawson@reqres.in', 'first_name': 'Michael', 'last_name': 'Lawson', 'avatar': 'https://reqres.in/img/faces/7-image.jpg'}</var>
<status status="PASS" start="2025-05-31T05:44:40.243384" elapsed="0.002876"/>
</iter>
<iter>
<kw name="Validate Json By Schema File" owner="JSONLibrary">
<arg>json_object=${user}</arg>
<arg>path_to_schema=${USER_SCHEMA_LOC}</arg>
<doc>Validate json object by json schema file.
Arguments:
    - json_object: json as a dictionary object.
    - json_path: path to file with json schema</doc>
<status status="PASS" start="2025-05-31T05:44:40.246260" elapsed="0.002410"/>
</kw>
<var name="${user}">{'id': 8, 'email': 'lindsay.ferguson@reqres.in', 'first_name': 'Lindsay', 'last_name': 'Ferguson', 'avatar': 'https://reqres.in/img/faces/8-image.jpg'}</var>
<status status="PASS" start="2025-05-31T05:44:40.246260" elapsed="0.002410"/>
</iter>
<iter>
<kw name="Validate Json By Schema File" owner="JSONLibrary">
<arg>json_object=${user}</arg>
<arg>path_to_schema=${USER_SCHEMA_LOC}</arg>
<doc>Validate json object by json schema file.
Arguments:
    - json_object: json as a dictionary object.
    - json_path: path to file with json schema</doc>
<status status="PASS" start="2025-05-31T05:44:40.249234" elapsed="0.002404"/>
</kw>
<var name="${user}">{'id': 9, 'email': 'tobias.funke@reqres.in', 'first_name': 'Tobias', 'last_name': 'Funke', 'avatar': 'https://reqres.in/img/faces/9-image.jpg'}</var>
<status status="PASS" start="2025-05-31T05:44:40.249234" elapsed="0.002920"/>
</iter>
<iter>
<kw name="Validate Json By Schema File" owner="JSONLibrary">
<arg>json_object=${user}</arg>
<arg>path_to_schema=${USER_SCHEMA_LOC}</arg>
<doc>Validate json object by json schema file.
Arguments:
    - json_object: json as a dictionary object.
    - json_path: path to file with json schema</doc>
<status status="PASS" start="2025-05-31T05:44:40.252205" elapsed="0.002241"/>
</kw>
<var name="${user}">{'id': 10, 'email': 'byron.fields@reqres.in', 'first_name': 'Byron', 'last_name': 'Fields', 'avatar': 'https://reqres.in/img/faces/10-image.jpg'}</var>
<status status="PASS" start="2025-05-31T05:44:40.252205" elapsed="0.002241"/>
</iter>
<var>${user}</var>
<value>@{response.json()}[data]</value>
<status status="PASS" start="2025-05-31T05:44:40.239406" elapsed="0.015556"/>
</for>
<arg>response=${response}</arg>
<status status="PASS" start="2025-05-31T05:44:40.239406" elapsed="0.015603"/>
</kw>
<kw name="Validate response status" owner="generic">
<kw name="Status Should Be" owner="RequestsLibrary">
<arg>expected_status=${status}</arg>
<arg>response=${response}</arg>
<doc>Fails if response status code is different than the expected.</doc>
<status status="PASS" start="2025-05-31T05:44:40.255009" elapsed="0.000565"/>
</kw>
<arg>response=${response}</arg>
<arg>status=200</arg>
<status status="PASS" start="2025-05-31T05:44:40.255009" elapsed="0.000565"/>
</kw>
<kw name="Validate response time" owner="generic">
<kw name="Evaluate" owner="BuiltIn">
<msg time="2025-05-31T05:44:40.256137" level="INFO">${time_float} = 1.0</msg>
<var>${time_float}</var>
<arg>float(${time})</arg>
<doc>Evaluates the given expression in Python and returns the result.</doc>
<status status="PASS" start="2025-05-31T05:44:40.256137" elapsed="0.000000"/>
</kw>
<kw name="Evaluate" owner="BuiltIn">
<msg time="2025-05-31T05:44:40.256701" level="INFO">${response_time} = 0.295495</msg>
<var>${response_time}</var>
<arg>float(${response.elapsed.total_seconds()})</arg>
<doc>Evaluates the given expression in Python and returns the result.</doc>
<status status="PASS" start="2025-05-31T05:44:40.256137" elapsed="0.000564"/>
</kw>
<kw name="Should Be True" owner="BuiltIn">
<arg>${response_time} &lt; ${time_float}</arg>
<doc>Fails if the given condition is not true.</doc>
<status status="PASS" start="2025-05-31T05:44:40.256701" elapsed="0.000518"/>
</kw>
<arg>response=${response}</arg>
<arg>time=${MAX_RESPONSE_TIME}</arg>
<status status="PASS" start="2025-05-31T05:44:40.255574" elapsed="0.001694"/>
</kw>
<status status="PASS" start="2025-05-31T05:44:39.937325" elapsed="0.319943"/>
</test>
<test id="s1-s1-s1-t2" name="TC3 - Update an user" line="19">
<kw name="Update user by id" owner="users">
<kw name="Create Session" owner="RequestsLibrary">
<msg time="2025-05-31T05:44:40.258465" level="INFO">Creating Session using : alias=reqres, url=https://reqres.in/api, headers={'x-api-key': 'reqres-free-v1'},                     cookies={}, auth=None, timeout=None, proxies=None, verify=False,                     debug=0 </msg>
<arg>alias=reqres</arg>
<arg>url=${REQRES_BASE_URL}</arg>
<arg>headers=${HEADERS}</arg>
<doc>Create Session: create a HTTP session to a server</doc>
<status status="PASS" start="2025-05-31T05:44:40.258465" elapsed="0.000693"/>
</kw>
<kw name="Create Dictionary" owner="BuiltIn">
<msg time="2025-05-31T05:44:40.259718" level="INFO">${params} = {'email': 'test@test.nl', 'first_name': 'Jordy', 'last_name': 'Test', 'avatar': 'https://reqres.in/img/faces/1-image.jpg'}</msg>
<var>${params}</var>
<arg>email=${email}</arg>
<arg>first_name=${first_name}</arg>
<arg>last_name=${last_name}</arg>
<arg>avatar=${avatar}</arg>
<doc>Creates and returns a dictionary based on the given ``items``.</doc>
<status status="PASS" start="2025-05-31T05:44:40.259158" elapsed="0.000560"/>
</kw>
<kw name="PUT On Session" owner="RequestsLibrary">
<msg time="2025-05-31T05:44:40.759666" level="INFO">PUT Request : url=https://reqres.in/api/users/2 
 path_url=/api/users/2 
 headers={'User-Agent': 'python-requests/2.32.3', 'Accept-Encoding': 'gzip, deflate', 'Accept': '*/*', 'Connection': 'keep-alive', 'x-api-key': 'reqres-free-v1', 'Content-Length': '111', 'Content-Type': 'application/x-www-form-urlencoded'} 
 body=email=test%40test.nl&amp;first_name=Jordy&amp;last_name=Test&amp;avatar=https%3A%2F%2Freqres.in%2Fimg%2Ffaces%2F1-image.jpg 
 </msg>
<msg time="2025-05-31T05:44:40.759666" level="INFO">PUT Response : url=https://reqres.in/api/users/2 
 status=200, reason=OK 
 headers={'Date': 'Sat, 31 May 2025 05:44:40 GMT', 'Content-Type': 'application/json; charset=utf-8', 'Transfer-Encoding': 'chunked', 'Connection': 'keep-alive', 'Cf-Ray': '94842924dcdcf208-LAX', 'Server': 'cloudflare', 'Content-Encoding': 'gzip', 'Report-To': '{"group":"heroku-nel","max_age":3600,"endpoints":[{"url":"https://nel.heroku.com/reports?ts=1748670280&amp;sid=c4c9725f-1ab0-44d8-820f-430df2718e11&amp;s=jiNwhYXJFU54l3ZIjjb7LVN2%2B8tD%2BQMATITgk48xEd0%3D"}]}', 'Reporting-Endpoints': 'heroku-nel=https://nel.heroku.com/reports?ts=1748670280&amp;sid=c4c9725f-1ab0-44d8-820f-430df2718e11&amp;s=jiNwhYXJFU54l3ZIjjb7LVN2%2B8tD%2BQMATITgk48xEd0%3D', 'Nel': '{"report_to":"heroku-nel","max_age":3600,"success_fraction":0.005,"failure_fraction":0.05,"response_headers":["Via"]}', 'X-Powered-By': 'Express', 'Access-Control-Allow-Origin': '*', 'Ratelimit-Policy': '100;w=60', 'Ratelimit-Limit': '100', 'Ratelimit-Remaining': '98', 'Ratelimit-Reset': '60', 'Etag': 'W/"9a-iLv3pZZfRfK8w4kswx0YCcgvXbg"', 'Via': '1.1 vegur', 'Cf-Cache-Status': 'DYNAMIC', 'Vary': 'Accept-Encoding', 'server-timing': 'cfL4;desc="?proto=TCP&amp;rtt=9370&amp;min_rtt=8504&amp;rtt_var=3807&amp;sent=4&amp;recv=7&amp;lost=0&amp;retrans=0&amp;sent_bytes=2833&amp;recv_bytes=1000&amp;delivery_rate=338664&amp;cwnd=218&amp;unsent_bytes=0&amp;cid=8bf227f7b78a3abf&amp;ts=315&amp;x=0"'} 
 body={"email":"test@test.nl","first_name":"Jordy","last_name":"Test","avatar":"https://reqres.in/img/faces/1-image.jpg","updatedAt":"2025-05-31T05:44:40.679Z"} 
 </msg>
<msg time="2025-05-31T05:44:40.759666" level="INFO">C:\hostedtoolcache\windows\Python\3.12.10\x64\Lib\site-packages\urllib3\connectionpool.py:1097: InsecureRequestWarning: Unverified HTTPS request is being made to host 'reqres.in'. Adding certificate verification is strongly advised. See: https://urllib3.readthedocs.io/en/latest/advanced-usage.html#tls-warnings
  warnings.warn(</msg>
<msg time="2025-05-31T05:44:40.760182" level="INFO">${response} = &lt;Response [200]&gt;</msg>
<var>${response}</var>
<arg>alias=reqres</arg>
<arg>url=/users/${id}</arg>
<arg>data=${params}</arg>
<doc>Sends a PUT request on a previously created HTTP Session.</doc>
<status status="PASS" start="2025-05-31T05:44:40.260337" elapsed="0.499883"/>
</kw>
<kw name="Return From Keyword" owner="BuiltIn">
<msg time="2025-05-31T05:44:40.760220" level="INFO">Returning from the enclosing user keyword.</msg>
<arg>${response}</arg>
<doc>Returns from the enclosing user keyword.</doc>
<status status="PASS" start="2025-05-31T05:44:40.760220" elapsed="0.000000"/>
</kw>
<msg time="2025-05-31T05:44:40.760220" level="INFO">${response} = &lt;Response [200]&gt;</msg>
<var>${response}</var>
<arg>id=${USER_ID}</arg>
<arg>email=test@test.nl</arg>
<arg>first_name=Jordy</arg>
<arg>last_name=Test</arg>
<arg>avatar=https://reqres.in/img/faces/1-image.jpg</arg>
<status status="PASS" start="2025-05-31T05:44:40.257899" elapsed="0.502867"/>
</kw>
<kw name="Validate response status" owner="generic">
<kw name="Status Should Be" owner="RequestsLibrary">
<arg>expected_status=${status}</arg>
<arg>response=${response}</arg>
<doc>Fails if response status code is different than the expected.</doc>
<status status="PASS" start="2025-05-31T05:44:40.760766" elapsed="0.000541"/>
</kw>
<arg>response=${response}</arg>
<arg>status=200</arg>
<status status="PASS" start="2025-05-31T05:44:40.760766" elapsed="0.000541"/>
</kw>
<kw name="Validate update user against schema" owner="users">
<kw name="Validate Json By Schema File" owner="JSONLibrary">
<arg>json_object=${response.json()}</arg>
<arg>path_to_schema=${USER_PUT_SCHEMA_LOC}</arg>
<doc>Validate json object by json schema file.
Arguments:
    - json_object: json as a dictionary object.
    - json_path: path to file with json schema</doc>
<status status="PASS" start="2025-05-31T05:44:40.761847" elapsed="0.002201"/>
</kw>
<arg>response=${response}</arg>
<status status="PASS" start="2025-05-31T05:44:40.761307" elapsed="0.003282"/>
</kw>
<kw name="Validate response time" owner="generic">
<kw name="Evaluate" owner="BuiltIn">
<msg time="2025-05-31T05:44:40.765136" level="INFO">${time_float} = 1.0</msg>
<var>${time_float}</var>
<arg>float(${time})</arg>
<doc>Evaluates the given expression in Python and returns the result.</doc>
<status status="PASS" start="2025-05-31T05:44:40.765136" elapsed="0.000000"/>
</kw>
<kw name="Evaluate" owner="BuiltIn">
<msg time="2025-05-31T05:44:40.765676" level="INFO">${response_time} = 0.498023</msg>
<var>${response_time}</var>
<arg>float(${response.elapsed.total_seconds()})</arg>
<doc>Evaluates the given expression in Python and returns the result.</doc>
<status status="PASS" start="2025-05-31T05:44:40.765136" elapsed="0.000540"/>
</kw>
<kw name="Should Be True" owner="BuiltIn">
<arg>${response_time} &lt; ${time_float}</arg>
<doc>Fails if the given condition is not true.</doc>
<status status="PASS" start="2025-05-31T05:44:40.765676" elapsed="0.000000"/>
</kw>
<arg>response=${response}</arg>
<arg>time=${MAX_RESPONSE_TIME}</arg>
<status status="PASS" start="2025-05-31T05:44:40.764589" elapsed="0.001087"/>
</kw>
<status status="PASS" start="2025-05-31T05:44:40.257268" elapsed="0.508408"/>
</test>
<test id="s1-s1-s1-t3" name="TC4 - Delete an user" line="25">
<kw name="Delete user by id" owner="users">
<kw name="Create Session" owner="RequestsLibrary">
<msg time="2025-05-31T05:44:40.766721" level="INFO">Creating Session using : alias=reqres, url=https://reqres.in/api, headers={'x-api-key': 'reqres-free-v1'},                     cookies={}, auth=None, timeout=None, proxies=None, verify=False,                     debug=0 </msg>
<arg>alias=reqres</arg>
<arg>url=${REQRES_BASE_URL}</arg>
<arg>headers=${HEADERS}</arg>
<doc>Create Session: create a HTTP session to a server</doc>
<status status="PASS" start="2025-05-31T05:44:40.766721" elapsed="0.000000"/>
</kw>
<kw name="DELETE On Session" owner="RequestsLibrary">
<msg time="2025-05-31T05:44:41.229163" level="INFO">DELETE Request : url=https://reqres.in/api/users/2 
 path_url=/api/users/2 
 headers={'User-Agent': 'python-requests/2.32.3', 'Accept-Encoding': 'gzip, deflate', 'Accept': '*/*', 'Connection': 'keep-alive', 'x-api-key': 'reqres-free-v1', 'Content-Length': '0'} 
 body=None 
 </msg>
<msg time="2025-05-31T05:44:41.229163" level="INFO">DELETE Response : url=https://reqres.in/api/users/2 
 status=204, reason=No Content 
 headers={'Date': 'Sat, 31 May 2025 05:44:41 GMT', 'Connection': 'keep-alive', 'Server': 'cloudflare', 'Cf-Ray': '94842927d950cb85-LAX', 'Report-To': '{"group":"heroku-nel","max_age":3600,"endpoints":[{"url":"https://nel.heroku.com/reports?ts=1748670281&amp;sid=c4c9725f-1ab0-44d8-820f-430df2718e11&amp;s=Inr6KESRAq8BYrb9goeIyM8y4ibfnoHWx4mCG9tKE5Y%3D"}]}', 'Reporting-Endpoints': 'heroku-nel=https://nel.heroku.com/reports?ts=1748670281&amp;sid=c4c9725f-1ab0-44d8-820f-430df2718e11&amp;s=Inr6KESRAq8BYrb9goeIyM8y4ibfnoHWx4mCG9tKE5Y%3D', 'Nel': '{"report_to":"heroku-nel","max_age":3600,"success_fraction":0.005,"failure_fraction":0.05,"response_headers":["Via"]}', 'X-Powered-By': 'Express', 'Access-Control-Allow-Origin': '*', 'Ratelimit-Policy': '100;w=60', 'Ratelimit-Limit': '100', 'Ratelimit-Remaining': '96', 'Ratelimit-Reset': '60', 'Etag': 'W/"2-vyGp6PvFo4RvsFtPoIWeCReyIC8"', 'Via': '1.1 vegur', 'Cf-Cache-Status': 'DYNAMIC', 'server-timing': 'cfL4;desc="?proto=TCP&amp;rtt=8676&amp;min_rtt=8430&amp;rtt_var=3654&amp;sent=4&amp;recv=6&amp;lost=0&amp;retrans=0&amp;sent_bytes=2833&amp;recv_bytes=819&amp;delivery_rate=276816&amp;cwnd=237&amp;unsent_bytes=0&amp;cid=7ba96a9fd1a19de9&amp;ts=304&amp;x=0"'} 
 body=None 
 </msg>
<msg time="2025-05-31T05:44:41.229163" level="INFO">C:\hostedtoolcache\windows\Python\3.12.10\x64\Lib\site-packages\urllib3\connectionpool.py:1097: InsecureRequestWarning: Unverified HTTPS request is being made to host 'reqres.in'. Adding certificate verification is strongly advised. See: https://urllib3.readthedocs.io/en/latest/advanced-usage.html#tls-warnings
  warnings.warn(</msg>
<msg time="2025-05-31T05:44:41.234760" level="INFO">${response} = &lt;Response [204]&gt;</msg>
<var>${response}</var>
<arg>alias=reqres</arg>
<arg>url=/users/${id}</arg>
<doc>Sends a DELETE request on a previously created HTTP Session.</doc>
<status status="PASS" start="2025-05-31T05:44:40.766721" elapsed="0.468039"/>
</kw>
<kw name="Return From Keyword" owner="BuiltIn">
<msg time="2025-05-31T05:44:41.234760" level="INFO">Returning from the enclosing user keyword.</msg>
<arg>${response}</arg>
<doc>Returns from the enclosing user keyword.</doc>
<status status="PASS" start="2025-05-31T05:44:41.234760" elapsed="0.000530"/>
</kw>
<msg time="2025-05-31T05:44:41.235290" level="INFO">${response} = &lt;Response [204]&gt;</msg>
<var>${response}</var>
<arg>id=${USER_ID}</arg>
<status status="PASS" start="2025-05-31T05:44:40.766721" elapsed="0.468569"/>
</kw>
<kw name="Validate response status" owner="generic">
<kw name="Status Should Be" owner="RequestsLibrary">
<arg>expected_status=${status}</arg>
<arg>response=${response}</arg>
<doc>Fails if response status code is different than the expected.</doc>
<status status="PASS" start="2025-05-31T05:44:41.235290" elapsed="0.000000"/>
</kw>
<arg>response=${response}</arg>
<arg>status=204</arg>
<status status="PASS" start="2025-05-31T05:44:41.235290" elapsed="0.000000"/>
</kw>
<kw name="Validate user deletion response" owner="users">
<if>
<branch type="IF" condition="'${response.text}' != ''">
<kw name="Fail" owner="BuiltIn">
<arg>Expected empty response body but got: ${response.text}</arg>
<doc>Fails the test with the given message and optionally alters its tags.</doc>
<status status="NOT RUN" start="2025-05-31T05:44:41.236320" elapsed="0.000000"/>
</kw>
<status status="NOT RUN" start="2025-05-31T05:44:41.236320" elapsed="0.000000"/>
</branch>
<status status="PASS" start="2025-05-31T05:44:41.236320" elapsed="0.000000"/>
</if>
<arg>response=${response}</arg>
<status status="PASS" start="2025-05-31T05:44:41.236320" elapsed="0.000000"/>
</kw>
<kw name="Validate response time" owner="generic">
<kw name="Evaluate" owner="BuiltIn">
<msg time="2025-05-31T05:44:41.236320" level="INFO">${time_float} = 1.0</msg>
<var>${time_float}</var>
<arg>float(${time})</arg>
<doc>Evaluates the given expression in Python and returns the result.</doc>
<status status="PASS" start="2025-05-31T05:44:41.236320" elapsed="0.000000"/>
</kw>
<kw name="Evaluate" owner="BuiltIn">
<msg time="2025-05-31T05:44:41.238116" level="INFO">${response_time} = 0.466153</msg>
<var>${response_time}</var>
<arg>float(${response.elapsed.total_seconds()})</arg>
<doc>Evaluates the given expression in Python and returns the result.</doc>
<status status="PASS" start="2025-05-31T05:44:41.236320" elapsed="0.001796"/>
</kw>
<kw name="Should Be True" owner="BuiltIn">
<arg>${response_time} &lt; ${time_float}</arg>
<doc>Fails if the given condition is not true.</doc>
<status status="PASS" start="2025-05-31T05:44:41.238116" elapsed="0.000575"/>
</kw>
<arg>response=${response}</arg>
<arg>time=${MAX_RESPONSE_TIME}</arg>
<status status="PASS" start="2025-05-31T05:44:41.236320" elapsed="0.002371"/>
</kw>
<status status="PASS" start="2025-05-31T05:44:40.765676" elapsed="0.473015"/>
</test>
<test id="s1-s1-s1-t4" name="TC6 - Retrieve user by id with delay" line="31">
<for flavor="IN RANGE">
<iter>
<kw name="Get user by id" owner="users">
<kw name="Create Session" owner="RequestsLibrary">
<msg time="2025-05-31T05:44:41.240395" level="INFO">Creating Session using : alias=reqres, url=https://reqres.in/api, headers={'x-api-key': 'reqres-free-v1'},                     cookies={}, auth=None, timeout=None, proxies=None, verify=False,                     debug=0 </msg>
<arg>alias=reqres</arg>
<arg>url=${REQRES_BASE_URL}</arg>
<arg>headers=${HEADERS}</arg>
<doc>Create Session: create a HTTP session to a server</doc>
<status status="PASS" start="2025-05-31T05:44:41.239827" elapsed="0.000568"/>
</kw>
<kw name="GET On Session" owner="RequestsLibrary">
<msg time="2025-05-31T05:44:41.719225" level="INFO">GET Request : url=https://reqres.in/api/users/2?delay=0 
 path_url=/api/users/2?delay=0 
 headers={'User-Agent': 'python-requests/2.32.3', 'Accept-Encoding': 'gzip, deflate', 'Accept': '*/*', 'Connection': 'keep-alive', 'x-api-key': 'reqres-free-v1'} 
 body=None 
 </msg>
<msg time="2025-05-31T05:44:41.719756" level="INFO">GET Response : url=https://reqres.in/api/users/2?delay=0 
 status=200, reason=OK 
 headers={'Date': 'Sat, 31 May 2025 05:44:41 GMT', 'Content-Type': 'application/json; charset=utf-8', 'Transfer-Encoding': 'chunked', 'Connection': 'keep-alive', 'Cf-Ray': '9484292ad9ebcb8e-LAX', 'Server': 'cloudflare', 'Content-Encoding': 'gzip', 'Report-To': '{"group":"heroku-nel","max_age":3600,"endpoints":[{"url":"https://nel.heroku.com/reports?ts=1748670281&amp;sid=c4c9725f-1ab0-44d8-820f-430df2718e11&amp;s=Inr6KESRAq8BYrb9goeIyM8y4ibfnoHWx4mCG9tKE5Y%3D"}]}', 'Reporting-Endpoints': 'heroku-nel=https://nel.heroku.com/reports?ts=1748670281&amp;sid=c4c9725f-1ab0-44d8-820f-430df2718e11&amp;s=Inr6KESRAq8BYrb9goeIyM8y4ibfnoHWx4mCG9tKE5Y%3D', 'Nel': '{"report_to":"heroku-nel","max_age":3600,"success_fraction":0.005,"failure_fraction":0.05,"response_headers":["Via"]}', 'X-Powered-By': 'Express', 'Access-Control-Allow-Origin': '*', 'Ratelimit-Policy': '100;w=60', 'Ratelimit-Limit': '100', 'Ratelimit-Remaining': '94', 'Ratelimit-Reset': '60', 'Etag': 'W/"152-ApQgGHL6RKwaebFlrPCYPBO1xHg"', 'Via': '1.1 vegur', 'Cf-Cache-Status': 'DYNAMIC', 'server-timing': 'cfL4;desc="?proto=TCP&amp;rtt=8930&amp;min_rtt=8354&amp;rtt_var=3544&amp;sent=4&amp;recv=6&amp;lost=0&amp;retrans=0&amp;sent_bytes=2833&amp;recv_bytes=805&amp;delivery_rate=344745&amp;cwnd=250&amp;unsent_bytes=0&amp;cid=b8e50dc5bd292b56&amp;ts=306&amp;x=0"'} 
 body={"data":{"id":2,"email":"janet.weaver@reqres.in","first_name":"Janet","last_name":"Weaver","avatar":"https://reqres.in/img/faces/2-image.jpg"},"support":{"url":"https://contentcaddy.io?utm_source=reqres&amp;utm_medium=json&amp;utm_campaign=referral","text":"Tired of writing endless social media content? Let Content Caddy generate it for you."}} 
 </msg>
<msg time="2025-05-31T05:44:41.719756" level="INFO">C:\hostedtoolcache\windows\Python\3.12.10\x64\Lib\site-packages\urllib3\connectionpool.py:1097: InsecureRequestWarning: Unverified HTTPS request is being made to host 'reqres.in'. Adding certificate verification is strongly advised. See: https://urllib3.readthedocs.io/en/latest/advanced-usage.html#tls-warnings
  warnings.warn(</msg>
<msg time="2025-05-31T05:44:41.719756" level="INFO">${response} = &lt;Response [200]&gt;</msg>
<var>${response}</var>
<arg>alias=reqres</arg>
<arg>url=/users/${id}?delay=${delay}</arg>
<doc>Sends a GET request on a previously created HTTP Session.</doc>
<status status="PASS" start="2025-05-31T05:44:41.240395" elapsed="0.479361"/>
</kw>
<kw name="Return From Keyword" owner="BuiltIn">
<msg time="2025-05-31T05:44:41.720457" level="INFO">Returning from the enclosing user keyword.</msg>
<arg>${response}</arg>
<doc>Returns from the enclosing user keyword.</doc>
<status status="PASS" start="2025-05-31T05:44:41.720275" elapsed="0.000182"/>
</kw>
<msg time="2025-05-31T05:44:41.720457" level="INFO">${response} = &lt;Response [200]&gt;</msg>
<var>${response}</var>
<arg>id=${USER_ID}</arg>
<arg>delay=${delay}</arg>
<status status="PASS" start="2025-05-31T05:44:41.239827" elapsed="0.480630"/>
</kw>
<kw name="Validate response status" owner="generic">
<kw name="Status Should Be" owner="RequestsLibrary">
<arg>expected_status=${status}</arg>
<arg>response=${response}</arg>
<doc>Fails if response status code is different than the expected.</doc>
<status status="PASS" start="2025-05-31T05:44:41.720991" elapsed="0.000000"/>
</kw>
<arg>response=${response}</arg>
<arg>status=200</arg>
<status status="PASS" start="2025-05-31T05:44:41.720457" elapsed="0.000534"/>
</kw>
<kw name="Validate user against schema" owner="users">
<kw name="Validate Json By Schema File" owner="JSONLibrary">
<arg>json_object=${response.json()}[data]</arg>
<arg>path_to_schema=${USER_SCHEMA_LOC}</arg>
<doc>Validate json object by json schema file.
Arguments:
    - json_object: json as a dictionary object.
    - json_path: path to file with json schema</doc>
<status status="PASS" start="2025-05-31T05:44:41.721522" elapsed="0.002636"/>
</kw>
<arg>response=${response}</arg>
<status status="PASS" start="2025-05-31T05:44:41.720991" elapsed="0.003167"/>
</kw>
<kw name="Validate response time" owner="generic">
<kw name="Evaluate" owner="BuiltIn">
<msg time="2025-05-31T05:44:41.725307" level="INFO">${time_float} = 1.0</msg>
<var>${time_float}</var>
<arg>float(${time})</arg>
<doc>Evaluates the given expression in Python and returns the result.</doc>
<status status="PASS" start="2025-05-31T05:44:41.724158" elapsed="0.001149"/>
</kw>
<kw name="Evaluate" owner="BuiltIn">
<msg time="2025-05-31T05:44:41.725914" level="INFO">${response_time} = 0.478099</msg>
<var>${response_time}</var>
<arg>float(${response.elapsed.total_seconds()})</arg>
<doc>Evaluates the given expression in Python and returns the result.</doc>
<status status="PASS" start="2025-05-31T05:44:41.725307" elapsed="0.000607"/>
</kw>
<kw name="Should Be True" owner="BuiltIn">
<arg>${response_time} &lt; ${time_float}</arg>
<doc>Fails if the given condition is not true.</doc>
<status status="PASS" start="2025-05-31T05:44:41.725914" elapsed="0.000000"/>
</kw>
<arg>response=${response}</arg>
<arg>time=${MAX_RESPONSE_TIME}+${delay}</arg>
<status status="PASS" start="2025-05-31T05:44:41.724158" elapsed="0.002317"/>
</kw>
<var name="${delay}">0</var>
<status status="PASS" start="2025-05-31T05:44:41.239255" elapsed="0.487220"/>
</iter>
<iter>
<kw name="Get user by id" owner="users">
<kw name="Create Session" owner="RequestsLibrary">
<msg time="2025-05-31T05:44:41.727078" level="INFO">Creating Session using : alias=reqres, url=https://reqres.in/api, headers={'x-api-key': 'reqres-free-v1'},                     cookies={}, auth=None, timeout=None, proxies=None, verify=False,                     debug=0 </msg>
<arg>alias=reqres</arg>
<arg>url=${REQRES_BASE_URL}</arg>
<arg>headers=${HEADERS}</arg>
<doc>Create Session: create a HTTP session to a server</doc>
<status status="PASS" start="2025-05-31T05:44:41.727078" elapsed="0.000000"/>
</kw>
<kw name="GET On Session" owner="RequestsLibrary">
<msg time="2025-05-31T05:44:43.230945" level="INFO">GET Request : url=https://reqres.in/api/users/2?delay=1 
 path_url=/api/users/2?delay=1 
 headers={'User-Agent': 'python-requests/2.32.3', 'Accept-Encoding': 'gzip, deflate', 'Accept': '*/*', 'Connection': 'keep-alive', 'x-api-key': 'reqres-free-v1'} 
 body=None 
 </msg>
<msg time="2025-05-31T05:44:43.230945" level="INFO">GET Response : url=https://reqres.in/api/users/2?delay=1 
 status=200, reason=OK 
 headers={'Date': 'Sat, 31 May 2025 05:44:43 GMT', 'Content-Type': 'application/json; charset=utf-8', 'Transfer-Encoding': 'chunked', 'Connection': 'keep-alive', 'Cf-Ray': '9484292de8cd49d4-LAX', 'Server': 'cloudflare', 'Content-Encoding': 'gzip', 'Report-To': '{"group":"heroku-nel","max_age":3600,"endpoints":[{"url":"https://nel.heroku.com/reports?ts=1748670282&amp;sid=c4c9725f-1ab0-44d8-820f-430df2718e11&amp;s=D8YWI6yOMgPcSaeb7z0RkbzO1ZwHEd6%2Fkonj9CGeJjY%3D"}]}', 'Reporting-Endpoints': 'heroku-nel=https://nel.heroku.com/reports?ts=1748670282&amp;sid=c4c9725f-1ab0-44d8-820f-430df2718e11&amp;s=D8YWI6yOMgPcSaeb7z0RkbzO1ZwHEd6%2Fkonj9CGeJjY%3D', 'Nel': '{"report_to":"heroku-nel","max_age":3600,"success_fraction":0.005,"failure_fraction":0.05,"response_headers":["Via"]}', 'X-Powered-By': 'Express', 'Access-Control-Allow-Origin': '*', 'Ratelimit-Policy': '100;w=60', 'Ratelimit-Limit': '100', 'Ratelimit-Remaining': '92', 'Ratelimit-Reset': '58', 'Etag': 'W/"152-ApQgGHL6RKwaebFlrPCYPBO1xHg"', 'Via': '1.1 vegur', 'Cf-Cache-Status': 'DYNAMIC', 'server-timing': 'cfL4;desc="?proto=TCP&amp;rtt=8499&amp;min_rtt=8456&amp;rtt_var=3202&amp;sent=4&amp;recv=6&amp;lost=0&amp;retrans=0&amp;sent_bytes=2833&amp;recv_bytes=805&amp;delivery_rate=340586&amp;cwnd=205&amp;unsent_bytes=0&amp;cid=c91ef116329a9c98&amp;ts=1335&amp;x=0"'} 
 body={"data":{"id":2,"email":"janet.weaver@reqres.in","first_name":"Janet","last_name":"Weaver","avatar":"https://reqres.in/img/faces/2-image.jpg"},"support":{"url":"https://contentcaddy.io?utm_source=reqres&amp;utm_medium=json&amp;utm_campaign=referral","text":"Tired of writing endless social media content? Let Content Caddy generate it for you."}} 
 </msg>
<msg time="2025-05-31T05:44:43.230945" level="INFO">C:\hostedtoolcache\windows\Python\3.12.10\x64\Lib\site-packages\urllib3\connectionpool.py:1097: InsecureRequestWarning: Unverified HTTPS request is being made to host 'reqres.in'. Adding certificate verification is strongly advised. See: https://urllib3.readthedocs.io/en/latest/advanced-usage.html#tls-warnings
  warnings.warn(</msg>
<msg time="2025-05-31T05:44:43.230945" level="INFO">${response} = &lt;Response [200]&gt;</msg>
<var>${response}</var>
<arg>alias=reqres</arg>
<arg>url=/users/${id}?delay=${delay}</arg>
<doc>Sends a GET request on a previously created HTTP Session.</doc>
<status status="PASS" start="2025-05-31T05:44:41.727078" elapsed="1.503867"/>
</kw>
<kw name="Return From Keyword" owner="BuiltIn">
<msg time="2025-05-31T05:44:43.231696" level="INFO">Returning from the enclosing user keyword.</msg>
<arg>${response}</arg>
<doc>Returns from the enclosing user keyword.</doc>
<status status="PASS" start="2025-05-31T05:44:43.231637" elapsed="0.000059"/>
</kw>
<msg time="2025-05-31T05:44:43.231696" level="INFO">${response} = &lt;Response [200]&gt;</msg>
<var>${response}</var>
<arg>id=${USER_ID}</arg>
<arg>delay=${delay}</arg>
<status status="PASS" start="2025-05-31T05:44:41.726475" elapsed="1.505221"/>
</kw>
<kw name="Validate response status" owner="generic">
<kw name="Status Should Be" owner="RequestsLibrary">
<arg>expected_status=${status}</arg>
<arg>response=${response}</arg>
<doc>Fails if response status code is different than the expected.</doc>
<status status="PASS" start="2025-05-31T05:44:43.232248" elapsed="0.000000"/>
</kw>
<arg>response=${response}</arg>
<arg>status=200</arg>
<status status="PASS" start="2025-05-31T05:44:43.231696" elapsed="0.000552"/>
</kw>
<kw name="Validate user against schema" owner="users">
<kw name="Validate Json By Schema File" owner="JSONLibrary">
<arg>json_object=${response.json()}[data]</arg>
<arg>path_to_schema=${USER_SCHEMA_LOC}</arg>
<doc>Validate json object by json schema file.
Arguments:
    - json_object: json as a dictionary object.
    - json_path: path to file with json schema</doc>
<status status="PASS" start="2025-05-31T05:44:43.232789" elapsed="0.002128"/>
</kw>
<arg>response=${response}</arg>
<status status="PASS" start="2025-05-31T05:44:43.232789" elapsed="0.002128"/>
</kw>
<kw name="Validate response time" owner="generic">
<kw name="Evaluate" owner="BuiltIn">
<msg time="2025-05-31T05:44:43.236453" level="INFO">${time_float} = 2.0</msg>
<var>${time_float}</var>
<arg>float(${time})</arg>
<doc>Evaluates the given expression in Python and returns the result.</doc>
<status status="PASS" start="2025-05-31T05:44:43.236453" elapsed="0.000000"/>
</kw>
<kw name="Evaluate" owner="BuiltIn">
<msg time="2025-05-31T05:44:43.236969" level="INFO">${response_time} = 1.502477</msg>
<var>${response_time}</var>
<arg>float(${response.elapsed.total_seconds()})</arg>
<doc>Evaluates the given expression in Python and returns the result.</doc>
<status status="PASS" start="2025-05-31T05:44:43.236453" elapsed="0.000516"/>
</kw>
<kw name="Should Be True" owner="BuiltIn">
<arg>${response_time} &lt; ${time_float}</arg>
<doc>Fails if the given condition is not true.</doc>
<status status="PASS" start="2025-05-31T05:44:43.236969" elapsed="0.000000"/>
</kw>
<arg>response=${response}</arg>
<arg>time=${MAX_RESPONSE_TIME}+${delay}</arg>
<status status="PASS" start="2025-05-31T05:44:43.234917" elapsed="0.002052"/>
</kw>
<var name="${delay}">1</var>
<status status="PASS" start="2025-05-31T05:44:41.726475" elapsed="1.510494"/>
</iter>
<iter>
<kw name="Get user by id" owner="users">
<kw name="Create Session" owner="RequestsLibrary">
<msg time="2025-05-31T05:44:43.238364" level="INFO">Creating Session using : alias=reqres, url=https://reqres.in/api, headers={'x-api-key': 'reqres-free-v1'},                     cookies={}, auth=None, timeout=None, proxies=None, verify=False,                     debug=0 </msg>
<arg>alias=reqres</arg>
<arg>url=${REQRES_BASE_URL}</arg>
<arg>headers=${HEADERS}</arg>
<doc>Create Session: create a HTTP session to a server</doc>
<status status="PASS" start="2025-05-31T05:44:43.238345" elapsed="0.000019"/>
</kw>
<kw name="GET On Session" owner="RequestsLibrary">
<msg time="2025-05-31T05:44:45.725269" level="INFO">GET Request : url=https://reqres.in/api/users/2?delay=2 
 path_url=/api/users/2?delay=2 
 headers={'User-Agent': 'python-requests/2.32.3', 'Accept-Encoding': 'gzip, deflate', 'Accept': '*/*', 'Connection': 'keep-alive', 'x-api-key': 'reqres-free-v1'} 
 body=None 
 </msg>
<msg time="2025-05-31T05:44:45.725269" level="INFO">GET Response : url=https://reqres.in/api/users/2?delay=2 
 status=200, reason=OK 
 headers={'Date': 'Sat, 31 May 2025 05:44:45 GMT', 'Content-Type': 'application/json; charset=utf-8', 'Transfer-Encoding': 'chunked', 'Connection': 'keep-alive', 'Cf-Ray': '94842937588a0fb3-LAX', 'Server': 'cloudflare', 'Content-Encoding': 'gzip', 'Report-To': '{"group":"heroku-nel","max_age":3600,"endpoints":[{"url":"https://nel.heroku.com/reports?ts=1748670283&amp;sid=c4c9725f-1ab0-44d8-820f-430df2718e11&amp;s=g%2FCQo9KTQ55cwcNCATcX5NXk34lEkOyK43%2F9yV5dil8%3D"}]}', 'Reporting-Endpoints': 'heroku-nel=https://nel.heroku.com/reports?ts=1748670283&amp;sid=c4c9725f-1ab0-44d8-820f-430df2718e11&amp;s=g%2FCQo9KTQ55cwcNCATcX5NXk34lEkOyK43%2F9yV5dil8%3D', 'Nel': '{"report_to":"heroku-nel","max_age":3600,"success_fraction":0.005,"failure_fraction":0.05,"response_headers":["Via"]}', 'X-Powered-By': 'Express', 'Access-Control-Allow-Origin': '*', 'Ratelimit-Policy': '100;w=60', 'Ratelimit-Limit': '100', 'Ratelimit-Remaining': '90', 'Ratelimit-Reset': '56', 'Etag': 'W/"152-ApQgGHL6RKwaebFlrPCYPBO1xHg"', 'Via': '1.1 vegur', 'Cf-Cache-Status': 'DYNAMIC', 'server-timing': 'cfL4;desc="?proto=TCP&amp;rtt=8447&amp;min_rtt=8318&amp;rtt_var=3211&amp;sent=4&amp;recv=6&amp;lost=0&amp;retrans=0&amp;sent_bytes=2833&amp;recv_bytes=805&amp;delivery_rate=346237&amp;cwnd=188&amp;unsent_bytes=0&amp;cid=12374f914de26ff7&amp;ts=2317&amp;x=0"'} 
 body={"data":{"id":2,"email":"janet.weaver@reqres.in","first_name":"Janet","last_name":"Weaver","avatar":"https://reqres.in/img/faces/2-image.jpg"},"support":{"url":"https://contentcaddy.io?utm_source=reqres&amp;utm_medium=json&amp;utm_campaign=referral","text":"Tired of writing endless social media content? Let Content Caddy generate it for you."}} 
 </msg>
<msg time="2025-05-31T05:44:45.725269" level="INFO">C:\hostedtoolcache\windows\Python\3.12.10\x64\Lib\site-packages\urllib3\connectionpool.py:1097: InsecureRequestWarning: Unverified HTTPS request is being made to host 'reqres.in'. Adding certificate verification is strongly advised. See: https://urllib3.readthedocs.io/en/latest/advanced-usage.html#tls-warnings
  warnings.warn(</msg>
<msg time="2025-05-31T05:44:45.725269" level="INFO">${response} = &lt;Response [200]&gt;</msg>
<var>${response}</var>
<arg>alias=reqres</arg>
<arg>url=/users/${id}?delay=${delay}</arg>
<doc>Sends a GET request on a previously created HTTP Session.</doc>
<status status="PASS" start="2025-05-31T05:44:43.238364" elapsed="2.486905"/>
</kw>
<kw name="Return From Keyword" owner="BuiltIn">
<msg time="2025-05-31T05:44:45.726218" level="INFO">Returning from the enclosing user keyword.</msg>
<arg>${response}</arg>
<doc>Returns from the enclosing user keyword.</doc>
<status status="PASS" start="2025-05-31T05:44:45.726056" elapsed="0.000265"/>
</kw>
<msg time="2025-05-31T05:44:45.726370" level="INFO">${response} = &lt;Response [200]&gt;</msg>
<var>${response}</var>
<arg>id=${USER_ID}</arg>
<arg>delay=${delay}</arg>
<status status="PASS" start="2025-05-31T05:44:43.237827" elapsed="2.488543"/>
</kw>
<kw name="Validate response status" owner="generic">
<kw name="Status Should Be" owner="RequestsLibrary">
<arg>expected_status=${status}</arg>
<arg>response=${response}</arg>
<doc>Fails if response status code is different than the expected.</doc>
<status status="PASS" start="2025-05-31T05:44:45.727114" elapsed="0.000000"/>
</kw>
<arg>response=${response}</arg>
<arg>status=200</arg>
<status status="PASS" start="2025-05-31T05:44:45.726370" elapsed="0.000744"/>
</kw>
<kw name="Validate user against schema" owner="users">
<kw name="Validate Json By Schema File" owner="JSONLibrary">
<arg>json_object=${response.json()}[data]</arg>
<arg>path_to_schema=${USER_SCHEMA_LOC}</arg>
<doc>Validate json object by json schema file.
Arguments:
    - json_object: json as a dictionary object.
    - json_path: path to file with json schema</doc>
<status status="PASS" start="2025-05-31T05:44:45.727757" elapsed="0.003466"/>
</kw>
<arg>response=${response}</arg>
<status status="PASS" start="2025-05-31T05:44:45.727114" elapsed="0.004109"/>
</kw>
<kw name="Validate response time" owner="generic">
<kw name="Evaluate" owner="BuiltIn">
<msg time="2025-05-31T05:44:45.731816" level="INFO">${time_float} = 3.0</msg>
<var>${time_float}</var>
<arg>float(${time})</arg>
<doc>Evaluates the given expression in Python and returns the result.</doc>
<status status="PASS" start="2025-05-31T05:44:45.731816" elapsed="0.000000"/>
</kw>
<kw name="Evaluate" owner="BuiltIn">
<msg time="2025-05-31T05:44:45.731816" level="INFO">${response_time} = 2.48558</msg>
<var>${response_time}</var>
<arg>float(${response.elapsed.total_seconds()})</arg>
<doc>Evaluates the given expression in Python and returns the result.</doc>
<status status="PASS" start="2025-05-31T05:44:45.731816" elapsed="0.001034"/>
</kw>
<kw name="Should Be True" owner="BuiltIn">
<arg>${response_time} &lt; ${time_float}</arg>
<doc>Fails if the given condition is not true.</doc>
<status status="PASS" start="2025-05-31T05:44:45.732912" elapsed="0.000000"/>
</kw>
<arg>response=${response}</arg>
<arg>time=${MAX_RESPONSE_TIME}+${delay}</arg>
<status status="PASS" start="2025-05-31T05:44:45.731223" elapsed="0.001689"/>
</kw>
<var name="${delay}">2</var>
<status status="PASS" start="2025-05-31T05:44:43.237827" elapsed="2.495085"/>
</iter>
<iter>
<kw name="Get user by id" owner="users">
<kw name="Create Session" owner="RequestsLibrary">
<msg time="2025-05-31T05:44:45.732912" level="INFO">Creating Session using : alias=reqres, url=https://reqres.in/api, headers={'x-api-key': 'reqres-free-v1'},                     cookies={}, auth=None, timeout=None, proxies=None, verify=False,                     debug=0 </msg>
<arg>alias=reqres</arg>
<arg>url=${REQRES_BASE_URL}</arg>
<arg>headers=${HEADERS}</arg>
<doc>Create Session: create a HTTP session to a server</doc>
<status status="PASS" start="2025-05-31T05:44:45.732912" elapsed="0.000000"/>
</kw>
<kw name="GET On Session" owner="RequestsLibrary">
<msg time="2025-05-31T05:44:49.215717" level="INFO">GET Request : url=https://reqres.in/api/users/2?delay=3 
 path_url=/api/users/2?delay=3 
 headers={'User-Agent': 'python-requests/2.32.3', 'Accept-Encoding': 'gzip, deflate', 'Accept': '*/*', 'Connection': 'keep-alive', 'x-api-key': 'reqres-free-v1'} 
 body=None 
 </msg>
<msg time="2025-05-31T05:44:49.215717" level="INFO">GET Response : url=https://reqres.in/api/users/2?delay=3 
 status=200, reason=OK 
 headers={'Date': 'Sat, 31 May 2025 05:44:49 GMT', 'Content-Type': 'application/json; charset=utf-8', 'Transfer-Encoding': 'chunked', 'Connection': 'keep-alive', 'Cf-Ray': '94842946ea19b7fd-LAX', 'Server': 'cloudflare', 'Content-Encoding': 'gzip', 'Report-To': '{"group":"heroku-nel","max_age":3600,"endpoints":[{"url":"https://nel.heroku.com/reports?ts=1748670286&amp;sid=c4c9725f-1ab0-44d8-820f-430df2718e11&amp;s=uSYO8bQuRjYkK10eFcbj0UgCfkujVjBiJwpjBwYIgJc%3D"}]}', 'Reporting-Endpoints': 'heroku-nel=https://nel.heroku.com/reports?ts=1748670286&amp;sid=c4c9725f-1ab0-44d8-820f-430df2718e11&amp;s=uSYO8bQuRjYkK10eFcbj0UgCfkujVjBiJwpjBwYIgJc%3D', 'Nel': '{"report_to":"heroku-nel","max_age":3600,"success_fraction":0.005,"failure_fraction":0.05,"response_headers":["Via"]}', 'X-Powered-By': 'Express', 'Access-Control-Allow-Origin': '*', 'Ratelimit-Policy': '100;w=60', 'Ratelimit-Limit': '100', 'Ratelimit-Remaining': '88', 'Ratelimit-Reset': '52', 'Etag': 'W/"152-ApQgGHL6RKwaebFlrPCYPBO1xHg"', 'Via': '1.1 vegur', 'Cf-Cache-Status': 'DYNAMIC', 'server-timing': 'cfL4;desc="?proto=TCP&amp;rtt=9153&amp;min_rtt=9086&amp;rtt_var=3455&amp;sent=4&amp;recv=6&amp;lost=0&amp;retrans=0&amp;sent_bytes=2833&amp;recv_bytes=805&amp;delivery_rate=316971&amp;cwnd=251&amp;unsent_bytes=0&amp;cid=db2a117de9aad11c&amp;ts=3314&amp;x=0"'} 
 body={"data":{"id":2,"email":"janet.weaver@reqres.in","first_name":"Janet","last_name":"Weaver","avatar":"https://reqres.in/img/faces/2-image.jpg"},"support":{"url":"https://contentcaddy.io?utm_source=reqres&amp;utm_medium=json&amp;utm_campaign=referral","text":"Tired of writing endless social media content? Let Content Caddy generate it for you."}} 
 </msg>
<msg time="2025-05-31T05:44:49.215717" level="INFO">C:\hostedtoolcache\windows\Python\3.12.10\x64\Lib\site-packages\urllib3\connectionpool.py:1097: InsecureRequestWarning: Unverified HTTPS request is being made to host 'reqres.in'. Adding certificate verification is strongly advised. See: https://urllib3.readthedocs.io/en/latest/advanced-usage.html#tls-warnings
  warnings.warn(</msg>
<msg time="2025-05-31T05:44:49.216271" level="INFO">${response} = &lt;Response [200]&gt;</msg>
<var>${response}</var>
<arg>alias=reqres</arg>
<arg>url=/users/${id}?delay=${delay}</arg>
<doc>Sends a GET request on a previously created HTTP Session.</doc>
<status status="PASS" start="2025-05-31T05:44:45.732912" elapsed="3.483359"/>
</kw>
<kw name="Return From Keyword" owner="BuiltIn">
<msg time="2025-05-31T05:44:49.216271" level="INFO">Returning from the enclosing user keyword.</msg>
<arg>${response}</arg>
<doc>Returns from the enclosing user keyword.</doc>
<status status="PASS" start="2025-05-31T05:44:49.216271" elapsed="0.000000"/>
</kw>
<msg time="2025-05-31T05:44:49.216836" level="INFO">${response} = &lt;Response [200]&gt;</msg>
<var>${response}</var>
<arg>id=${USER_ID}</arg>
<arg>delay=${delay}</arg>
<status status="PASS" start="2025-05-31T05:44:45.732912" elapsed="3.483924"/>
</kw>
<kw name="Validate response status" owner="generic">
<kw name="Status Should Be" owner="RequestsLibrary">
<arg>expected_status=${status}</arg>
<arg>response=${response}</arg>
<doc>Fails if response status code is different than the expected.</doc>
<status status="PASS" start="2025-05-31T05:44:49.217407" elapsed="0.000000"/>
</kw>
<arg>response=${response}</arg>
<arg>status=200</arg>
<status status="PASS" start="2025-05-31T05:44:49.216836" elapsed="0.000571"/>
</kw>
<kw name="Validate user against schema" owner="users">
<kw name="Validate Json By Schema File" owner="JSONLibrary">
<arg>json_object=${response.json()}[data]</arg>
<arg>path_to_schema=${USER_SCHEMA_LOC}</arg>
<doc>Validate json object by json schema file.
Arguments:
    - json_object: json as a dictionary object.
    - json_path: path to file with json schema</doc>
<status status="PASS" start="2025-05-31T05:44:49.217982" elapsed="0.003414"/>
</kw>
<arg>response=${response}</arg>
<status status="PASS" start="2025-05-31T05:44:49.217407" elapsed="0.003989"/>
</kw>
<kw name="Validate response time" owner="generic">
<kw name="Evaluate" owner="BuiltIn">
<msg time="2025-05-31T05:44:49.221968" level="INFO">${time_float} = 4.0</msg>
<var>${time_float}</var>
<arg>float(${time})</arg>
<doc>Evaluates the given expression in Python and returns the result.</doc>
<status status="PASS" start="2025-05-31T05:44:49.221968" elapsed="0.000000"/>
</kw>
<kw name="Evaluate" owner="BuiltIn">
<msg time="2025-05-31T05:44:49.223114" level="INFO">${response_time} = 3.480885</msg>
<var>${response_time}</var>
<arg>float(${response.elapsed.total_seconds()})</arg>
<doc>Evaluates the given expression in Python and returns the result.</doc>
<status status="PASS" start="2025-05-31T05:44:49.222541" elapsed="0.000573"/>
</kw>
<kw name="Should Be True" owner="BuiltIn">
<arg>${response_time} &lt; ${time_float}</arg>
<doc>Fails if the given condition is not true.</doc>
<status status="PASS" start="2025-05-31T05:44:49.223114" elapsed="0.000000"/>
</kw>
<arg>response=${response}</arg>
<arg>time=${MAX_RESPONSE_TIME}+${delay}</arg>
<status status="PASS" start="2025-05-31T05:44:49.221396" elapsed="0.001718"/>
</kw>
<var name="${delay}">3</var>
<status status="PASS" start="2025-05-31T05:44:45.732912" elapsed="3.490730"/>
</iter>
<var>${delay}</var>
<value>4</value>
<status status="PASS" start="2025-05-31T05:44:41.239255" elapsed="7.984433"/>
</for>
<status status="PASS" start="2025-05-31T05:44:41.239255" elapsed="7.984433"/>
</test>
<doc>Testcases for user operations. Containing the first testcase as listed in the spriteCloud automation assignment.</doc>
<status status="PASS" start="2025-05-31T05:44:39.588773" elapsed="9.635529"/>
</suite>
<suite id="s1-s1-s2" name="02-Login" source="D:\a\spriteCloud\spriteCloud\testsuites\reqres\02-login.robot">
<test id="s1-s1-s2-t1" name="TC2 - Perform a successful login" line="7">
<kw name="Login with credentials" owner="login">
<kw name="Create Session" owner="RequestsLibrary">
<msg time="2025-05-31T05:44:49.234118" level="INFO">Creating Session using : alias=reqres, url=https://reqres.in/api, headers={'x-api-key': 'reqres-free-v1'},                     cookies={}, auth=None, timeout=None, proxies=None, verify=False,                     debug=0 </msg>
<arg>alias=reqres</arg>
<arg>url=${REQRES_BASE_URL}</arg>
<arg>headers=${HEADERS}</arg>
<doc>Create Session: create a HTTP session to a server</doc>
<status status="PASS" start="2025-05-31T05:44:49.233489" elapsed="0.000629"/>
</kw>
<kw name="Create Dictionary" owner="BuiltIn">
<msg time="2025-05-31T05:44:49.234691" level="INFO">${params} = {'email': 'eve.holt@reqres.in', 'password': 'cityslicka'}</msg>
<var>${params}</var>
<arg>email=${email}</arg>
<arg>password=${password}</arg>
<doc>Creates and returns a dictionary based on the given ``items``.</doc>
<status status="PASS" start="2025-05-31T05:44:49.234691" elapsed="0.000000"/>
</kw>
<if>
<branch type="IF" condition="$password == ''">
<kw name="POST On Session" owner="RequestsLibrary">
<var>${response}</var>
<arg>alias=reqres</arg>
<arg>url=/login</arg>
<arg>data=${params}</arg>
<arg>expected_status=400</arg>
<doc>Sends a POST request on a previously created HTTP Session.</doc>
<status status="NOT RUN" start="2025-05-31T05:44:49.235268" elapsed="0.000000"/>
</kw>
<status status="NOT RUN" start="2025-05-31T05:44:49.234691" elapsed="0.000577"/>
</branch>
<branch type="ELSE">
<kw name="POST On Session" owner="RequestsLibrary">
<msg time="2025-05-31T05:44:49.712601" level="INFO">POST Request : url=https://reqres.in/api/login 
 path_url=/api/login 
 headers={'User-Agent': 'python-requests/2.32.3', 'Accept-Encoding': 'gzip, deflate', 'Accept': '*/*', 'Connection': 'keep-alive', 'x-api-key': 'reqres-free-v1', 'Content-Length': '46', 'Content-Type': 'application/x-www-form-urlencoded'} 
 body=email=eve.holt%40reqres.in&amp;password=cityslicka 
 </msg>
<msg time="2025-05-31T05:44:49.712601" level="INFO">POST Response : url=https://reqres.in/api/login 
 status=200, reason=OK 
 headers={'Date': 'Sat, 31 May 2025 05:44:49 GMT', 'Content-Type': 'application/json; charset=utf-8', 'Transfer-Encoding': 'chunked', 'Connection': 'keep-alive', 'Server': 'cloudflare', 'Cf-Ray': '9484295cde8a7c68-LAX', 'Report-To': '{"group":"heroku-nel","max_age":3600,"endpoints":[{"url":"https://nel.heroku.com/reports?ts=1748670289&amp;sid=c4c9725f-1ab0-44d8-820f-430df2718e11&amp;s=vF5TQfoQ6qQEICKDo09dLOoeVcP1vr6taGepfohGjIM%3D"}]}', 'Reporting-Endpoints': 'heroku-nel=https://nel.heroku.com/reports?ts=1748670289&amp;sid=c4c9725f-1ab0-44d8-820f-430df2718e11&amp;s=vF5TQfoQ6qQEICKDo09dLOoeVcP1vr6taGepfohGjIM%3D', 'Nel': '{"report_to":"heroku-nel","max_age":3600,"success_fraction":0.005,"failure_fraction":0.05,"response_headers":["Via"]}', 'X-Powered-By': 'Express', 'Access-Control-Allow-Origin': '*', 'Ratelimit-Policy': '100;w=60', 'Ratelimit-Limit': '100', 'Ratelimit-Remaining': '86', 'Ratelimit-Reset': '52', 'Etag': 'W/"1d-lGCrvD6B7Qzk11+2C98+nGhhuec"', 'Via': '1.1 vegur', 'Cf-Cache-Status': 'DYNAMIC', 'Content-Encoding': 'gzip', 'server-timing': 'cfL4;desc="?proto=TCP&amp;rtt=8534&amp;min_rtt=8528&amp;rtt_var=3211&amp;sent=4&amp;recv=7&amp;lost=0&amp;retrans=0&amp;sent_bytes=2833&amp;recv_bytes=933&amp;delivery_rate=335625&amp;cwnd=154&amp;unsent_bytes=0&amp;cid=7169a07e6d345258&amp;ts=304&amp;x=0"'} 
 body={"token":"QpwL5tke4Pnpja7X4"} 
 </msg>
<msg time="2025-05-31T05:44:49.712601" level="INFO">C:\hostedtoolcache\windows\Python\3.12.10\x64\Lib\site-packages\urllib3\connectionpool.py:1097: InsecureRequestWarning: Unverified HTTPS request is being made to host 'reqres.in'. Adding certificate verification is strongly advised. See: https://urllib3.readthedocs.io/en/latest/advanced-usage.html#tls-warnings
  warnings.warn(</msg>
<msg time="2025-05-31T05:44:49.713164" level="INFO">${response} = &lt;Response [200]&gt;</msg>
<var>${response}</var>
<arg>alias=reqres</arg>
<arg>url=/login</arg>
<arg>data=${params}</arg>
<doc>Sends a POST request on a previously created HTTP Session.</doc>
<status status="PASS" start="2025-05-31T05:44:49.235268" elapsed="0.477896"/>
</kw>
<status status="PASS" start="2025-05-31T05:44:49.235268" elapsed="0.477896"/>
</branch>
<status status="PASS" start="2025-05-31T05:44:49.234691" elapsed="0.478473"/>
</if>
<kw name="Return From Keyword" owner="BuiltIn">
<msg time="2025-05-31T05:44:49.713164" level="INFO">Returning from the enclosing user keyword.</msg>
<arg>${response}</arg>
<doc>Returns from the enclosing user keyword.</doc>
<status status="PASS" start="2025-05-31T05:44:49.713164" elapsed="0.000565"/>
</kw>
<msg time="2025-05-31T05:44:49.713729" level="INFO">${response} = &lt;Response [200]&gt;</msg>
<var>${response}</var>
<arg>email=${EMAIL_API}</arg>
<arg>password=${PASSWORD_API}</arg>
<status status="PASS" start="2025-05-31T05:44:49.232918" elapsed="0.480811"/>
</kw>
<kw name="Validate response status" owner="generic">
<kw name="Status Should Be" owner="RequestsLibrary">
<arg>expected_status=${status}</arg>
<arg>response=${response}</arg>
<doc>Fails if response status code is different than the expected.</doc>
<status status="PASS" start="2025-05-31T05:44:49.714287" elapsed="0.000000"/>
</kw>
<arg>response=${response}</arg>
<arg>status=200</arg>
<status status="PASS" start="2025-05-31T05:44:49.713729" elapsed="0.000558"/>
</kw>
<kw name="Validate successful login against schema" owner="login">
<kw name="Validate Json By Schema File" owner="JSONLibrary">
<arg>json_object=${response.json()}</arg>
<arg>path_to_schema=${LOGIN_SUCCESS_SCHEMA_LOC}</arg>
<doc>Validate json object by json schema file.
Arguments:
    - json_object: json as a dictionary object.
    - json_path: path to file with json schema</doc>
<status status="PASS" start="2025-05-31T05:44:49.714844" elapsed="0.001678"/>
</kw>
<arg>response=${response}</arg>
<status status="PASS" start="2025-05-31T05:44:49.714844" elapsed="0.001678"/>
</kw>
<kw name="Validate response time" owner="generic">
<kw name="Evaluate" owner="BuiltIn">
<msg time="2025-05-31T05:44:49.717646" level="INFO">${time_float} = 1.0</msg>
<var>${time_float}</var>
<arg>float(${time})</arg>
<doc>Evaluates the given expression in Python and returns the result.</doc>
<status status="PASS" start="2025-05-31T05:44:49.717082" elapsed="0.000564"/>
</kw>
<kw name="Evaluate" owner="BuiltIn">
<msg time="2025-05-31T05:44:49.718170" level="INFO">${response_time} = 0.476241</msg>
<var>${response_time}</var>
<arg>float(${response.elapsed.total_seconds()})</arg>
<doc>Evaluates the given expression in Python and returns the result.</doc>
<status status="PASS" start="2025-05-31T05:44:49.717646" elapsed="0.000524"/>
</kw>
<kw name="Should Be True" owner="BuiltIn">
<arg>${response_time} &lt; ${time_float}</arg>
<doc>Fails if the given condition is not true.</doc>
<status status="PASS" start="2025-05-31T05:44:49.718170" elapsed="0.000000"/>
</kw>
<arg>response=${response}</arg>
<arg>time=${MAX_RESPONSE_TIME}</arg>
<status status="PASS" start="2025-05-31T05:44:49.717082" elapsed="0.001088"/>
</kw>
<status status="PASS" start="2025-05-31T05:44:49.232334" elapsed="0.485836"/>
</test>
<test id="s1-s1-s2-t2" name="TC5-2 - Login without password" line="13">
<kw name="Login with credentials" owner="login">
<kw name="Create Session" owner="RequestsLibrary">
<msg time="2025-05-31T05:44:49.718170" level="INFO">Creating Session using : alias=reqres, url=https://reqres.in/api, headers={'x-api-key': 'reqres-free-v1'},                     cookies={}, auth=None, timeout=None, proxies=None, verify=False,                     debug=0 </msg>
<arg>alias=reqres</arg>
<arg>url=${REQRES_BASE_URL}</arg>
<arg>headers=${HEADERS}</arg>
<doc>Create Session: create a HTTP session to a server</doc>
<status status="PASS" start="2025-05-31T05:44:49.718170" elapsed="0.000000"/>
</kw>
<kw name="Create Dictionary" owner="BuiltIn">
<msg time="2025-05-31T05:44:49.718170" level="INFO">${params} = {'email': 'eve.holt@reqres.in', 'password': ''}</msg>
<var>${params}</var>
<arg>email=${email}</arg>
<arg>password=${password}</arg>
<doc>Creates and returns a dictionary based on the given ``items``.</doc>
<status status="PASS" start="2025-05-31T05:44:49.718170" elapsed="0.000000"/>
</kw>
<if>
<branch type="IF" condition="$password == ''">
<kw name="POST On Session" owner="RequestsLibrary">
<msg time="2025-05-31T05:44:50.234047" level="INFO">POST Request : url=https://reqres.in/api/login 
 path_url=/api/login 
 headers={'User-Agent': 'python-requests/2.32.3', 'Accept-Encoding': 'gzip, deflate', 'Accept': '*/*', 'Connection': 'keep-alive', 'x-api-key': 'reqres-free-v1', 'Content-Length': '36', 'Content-Type': 'application/x-www-form-urlencoded'} 
 body=email=eve.holt%40reqres.in&amp;password= 
 </msg>
<msg time="2025-05-31T05:44:50.234047" level="INFO">POST Response : url=https://reqres.in/api/login 
 status=400, reason=Bad Request 
 headers={'Date': 'Sat, 31 May 2025 05:44:50 GMT', 'Content-Type': 'application/json; charset=utf-8', 'Content-Length': '28', 'Connection': 'keep-alive', 'Server': 'cloudflare', 'Cf-Ray': '9484295fee9e7d1b-LAX', 'Report-To': '{"group":"heroku-nel","max_age":3600,"endpoints":[{"url":"https://nel.heroku.com/reports?ts=1748670290&amp;sid=c4c9725f-1ab0-44d8-820f-430df2718e11&amp;s=FXdfCjPad%2BvM0gNjrwWMQWNQ1FGB8j7YK89G7qh9gEA%3D"}]}', 'Reporting-Endpoints': 'heroku-nel=https://nel.heroku.com/reports?ts=1748670290&amp;sid=c4c9725f-1ab0-44d8-820f-430df2718e11&amp;s=FXdfCjPad%2BvM0gNjrwWMQWNQ1FGB8j7YK89G7qh9gEA%3D', 'Nel': '{"report_to":"heroku-nel","max_age":3600,"success_fraction":0.005,"failure_fraction":0.05,"response_headers":["Via"]}', 'X-Powered-By': 'Express', 'Access-Control-Allow-Origin': '*', 'Ratelimit-Policy': '100;w=60', 'Ratelimit-Limit': '100', 'Ratelimit-Remaining': '84', 'Ratelimit-Reset': '51', 'Etag': 'W/"1c-NmpazMScs9tOqR7eDEesn+pqC9Q"', 'Via': '1.1 vegur', 'Cf-Cache-Status': 'DYNAMIC', 'server-timing': 'cfL4;desc="?proto=TCP&amp;rtt=8629&amp;min_rtt=8543&amp;rtt_var=3265&amp;sent=4&amp;recv=7&amp;lost=0&amp;retrans=0&amp;sent_bytes=2833&amp;recv_bytes=923&amp;delivery_rate=337118&amp;cwnd=179&amp;unsent_bytes=0&amp;cid=f2a32e0943cbf295&amp;ts=342&amp;x=0"'} 
 body={"error":"Missing password"} 
 </msg>
<msg time="2025-05-31T05:44:50.234047" level="INFO">C:\hostedtoolcache\windows\Python\3.12.10\x64\Lib\site-packages\urllib3\connectionpool.py:1097: InsecureRequestWarning: Unverified HTTPS request is being made to host 'reqres.in'. Adding certificate verification is strongly advised. See: https://urllib3.readthedocs.io/en/latest/advanced-usage.html#tls-warnings
  warnings.warn(</msg>
<msg time="2025-05-31T05:44:50.234610" level="INFO">${response} = &lt;Response [400]&gt;</msg>
<var>${response}</var>
<arg>alias=reqres</arg>
<arg>url=/login</arg>
<arg>data=${params}</arg>
<arg>expected_status=400</arg>
<doc>Sends a POST request on a previously created HTTP Session.</doc>
<status status="PASS" start="2025-05-31T05:44:49.718170" elapsed="0.516440"/>
</kw>
<status status="PASS" start="2025-05-31T05:44:49.718170" elapsed="0.516440"/>
</branch>
<branch type="ELSE">
<kw name="POST On Session" owner="RequestsLibrary">
<var>${response}</var>
<arg>alias=reqres</arg>
<arg>url=/login</arg>
<arg>data=${params}</arg>
<doc>Sends a POST request on a previously created HTTP Session.</doc>
<status status="NOT RUN" start="2025-05-31T05:44:50.234610" elapsed="0.000000"/>
</kw>
<status status="NOT RUN" start="2025-05-31T05:44:50.234610" elapsed="0.000000"/>
</branch>
<status status="PASS" start="2025-05-31T05:44:49.718170" elapsed="0.516440"/>
</if>
<kw name="Return From Keyword" owner="BuiltIn">
<msg time="2025-05-31T05:44:50.235175" level="INFO">Returning from the enclosing user keyword.</msg>
<arg>${response}</arg>
<doc>Returns from the enclosing user keyword.</doc>
<status status="PASS" start="2025-05-31T05:44:50.235175" elapsed="0.000000"/>
</kw>
<msg time="2025-05-31T05:44:50.235175" level="INFO">${response} = &lt;Response [400]&gt;</msg>
<var>${response}</var>
<arg>email=${EMAIL_API}</arg>
<status status="PASS" start="2025-05-31T05:44:49.718170" elapsed="0.517005"/>
</kw>
<kw name="Validate unsuccessful login against schema" owner="login">
<kw name="Validate Json By Schema File" owner="JSONLibrary">
<arg>json_object=${response.json()}</arg>
<arg>path_to_schema=${LOGIN_FAILED_SCHEMA_LOC}</arg>
<doc>Validate json object by json schema file.
Arguments:
    - json_object: json as a dictionary object.
    - json_path: path to file with json schema</doc>
<status status="PASS" start="2025-05-31T05:44:50.235734" elapsed="0.001692"/>
</kw>
<arg>response=${response}</arg>
<status status="PASS" start="2025-05-31T05:44:50.235175" elapsed="0.002251"/>
</kw>
<kw name="Validate response time" owner="generic">
<kw name="Evaluate" owner="BuiltIn">
<msg time="2025-05-31T05:44:50.237987" level="INFO">${time_float} = 1.0</msg>
<var>${time_float}</var>
<arg>float(${time})</arg>
<doc>Evaluates the given expression in Python and returns the result.</doc>
<status status="PASS" start="2025-05-31T05:44:50.237987" elapsed="0.000000"/>
</kw>
<kw name="Evaluate" owner="BuiltIn">
<msg time="2025-05-31T05:44:50.238550" level="INFO">${response_time} = 0.512517</msg>
<var>${response_time}</var>
<arg>float(${response.elapsed.total_seconds()})</arg>
<doc>Evaluates the given expression in Python and returns the result.</doc>
<status status="PASS" start="2025-05-31T05:44:50.238550" elapsed="0.000560"/>
</kw>
<kw name="Should Be True" owner="BuiltIn">
<arg>${response_time} &lt; ${time_float}</arg>
<doc>Fails if the given condition is not true.</doc>
<status status="PASS" start="2025-05-31T05:44:50.239110" elapsed="0.000000"/>
</kw>
<arg>response=${response}</arg>
<arg>time=${MAX_RESPONSE_TIME}</arg>
<status status="PASS" start="2025-05-31T05:44:50.237426" elapsed="0.001684"/>
</kw>
<status status="PASS" start="2025-05-31T05:44:49.718170" elapsed="0.520940"/>
</test>
<doc>Testcases for login operations. Containing the second testcase as listed in the spriteCloud automation assignment.</doc>
<status status="PASS" start="2025-05-31T05:44:49.224874" elapsed="1.014788"/>
</suite>
<suite id="s1-s1-s3" name="03-Resource" source="D:\a\spriteCloud\spriteCloud\testsuites\reqres\03-resource.robot">
<test id="s1-s1-s3-t1" name="TC5-1 - Retrieve an unknown resource" line="7">
<kw name="Get resource by id" owner="resource">
<kw name="Create Session" owner="RequestsLibrary">
<msg time="2025-05-31T05:44:50.247795" level="INFO">Creating Session using : alias=reqres, url=https://reqres.in/api, headers={'x-api-key': 'reqres-free-v1'},                     cookies={}, auth=None, timeout=None, proxies=None, verify=False,                     debug=0 </msg>
<arg>alias=reqres</arg>
<arg>url=${REQRES_BASE_URL}</arg>
<arg>headers=${HEADERS}</arg>
<doc>Create Session: create a HTTP session to a server</doc>
<status status="PASS" start="2025-05-31T05:44:50.247795" elapsed="0.000532"/>
</kw>
<if>
<branch type="IF" condition="$unknown == 'Yes'">
<kw name="GET On Session" owner="RequestsLibrary">
<msg time="2025-05-31T05:44:50.736439" level="INFO">GET Request : url=https://reqres.in/api/resource/9999 
 path_url=/api/resource/9999 
 headers={'User-Agent': 'python-requests/2.32.3', 'Accept-Encoding': 'gzip, deflate', 'Accept': '*/*', 'Connection': 'keep-alive', 'x-api-key': 'reqres-free-v1'} 
 body=None 
 </msg>
<msg time="2025-05-31T05:44:50.736439" level="INFO">GET Response : url=https://reqres.in/api/resource/9999 
 status=404, reason=Not Found 
 headers={'Date': 'Sat, 31 May 2025 05:44:50 GMT', 'Content-Type': 'application/json; charset=utf-8', 'Transfer-Encoding': 'chunked', 'Connection': 'keep-alive', 'Server': 'cloudflare', 'Vary': 'Accept-Encoding', 'Cf-Ray': '948429632bb9d7af-LAX', 'Report-To': '{"group":"heroku-nel","max_age":3600,"endpoints":[{"url":"https://nel.heroku.com/reports?ts=1748670290&amp;sid=c4c9725f-1ab0-44d8-820f-430df2718e11&amp;s=FXdfCjPad%2BvM0gNjrwWMQWNQ1FGB8j7YK89G7qh9gEA%3D"}]}', 'Reporting-Endpoints': 'heroku-nel=https://nel.heroku.com/reports?ts=1748670290&amp;sid=c4c9725f-1ab0-44d8-820f-430df2718e11&amp;s=FXdfCjPad%2BvM0gNjrwWMQWNQ1FGB8j7YK89G7qh9gEA%3D', 'Nel': '{"report_to":"heroku-nel","max_age":3600,"success_fraction":0.005,"failure_fraction":0.05,"response_headers":["Via"]}', 'X-Powered-By': 'Express', 'Access-Control-Allow-Origin': '*', 'Ratelimit-Policy': '100;w=60', 'Ratelimit-Limit': '100', 'Ratelimit-Remaining': '82', 'Ratelimit-Reset': '51', 'Etag': 'W/"2-vyGp6PvFo4RvsFtPoIWeCReyIC8"', 'Via': '1.1 vegur', 'Cache-Control': 'max-age=14400', 'Cf-Cache-Status': 'EXPIRED', 'Content-Encoding': 'gzip', 'server-timing': 'cfL4;desc="?proto=TCP&amp;rtt=8424&amp;min_rtt=8333&amp;rtt_var=3190&amp;sent=4&amp;recv=6&amp;lost=0&amp;retrans=0&amp;sent_bytes=2833&amp;recv_bytes=803&amp;delivery_rate=345613&amp;cwnd=243&amp;unsent_bytes=0&amp;cid=70640f7532abc978&amp;ts=316&amp;x=0"'} 
 body={} 
 </msg>
<msg time="2025-05-31T05:44:50.736439" level="INFO">C:\hostedtoolcache\windows\Python\3.12.10\x64\Lib\site-packages\urllib3\connectionpool.py:1097: InsecureRequestWarning: Unverified HTTPS request is being made to host 'reqres.in'. Adding certificate verification is strongly advised. See: https://urllib3.readthedocs.io/en/latest/advanced-usage.html#tls-warnings
  warnings.warn(</msg>
<msg time="2025-05-31T05:44:50.736439" level="INFO">${response} = &lt;Response [404]&gt;</msg>
<var>${response}</var>
<arg>alias=reqres</arg>
<arg>url=/resource/${id}</arg>
<arg>expected_status=404</arg>
<doc>Sends a GET request on a previously created HTTP Session.</doc>
<status status="PASS" start="2025-05-31T05:44:50.248327" elapsed="0.488112"/>
</kw>
<status status="PASS" start="2025-05-31T05:44:50.248327" elapsed="0.488112"/>
</branch>
<branch type="ELSE">
<kw name="GET On Session" owner="RequestsLibrary">
<var>${response}</var>
<arg>alias=reqres</arg>
<arg>url=/resource/${id}</arg>
<doc>Sends a GET request on a previously created HTTP Session.</doc>
<status status="NOT RUN" start="2025-05-31T05:44:50.736439" elapsed="0.000000"/>
</kw>
<status status="NOT RUN" start="2025-05-31T05:44:50.736439" elapsed="0.000000"/>
</branch>
<status status="PASS" start="2025-05-31T05:44:50.248327" elapsed="0.488112"/>
</if>
<kw name="Return From Keyword" owner="BuiltIn">
<msg time="2025-05-31T05:44:50.736439" level="INFO">Returning from the enclosing user keyword.</msg>
<arg>${response}</arg>
<doc>Returns from the enclosing user keyword.</doc>
<status status="PASS" start="2025-05-31T05:44:50.736439" elapsed="0.000000"/>
</kw>
<msg time="2025-05-31T05:44:50.736439" level="INFO">${response} = &lt;Response [404]&gt;</msg>
<var>${response}</var>
<arg>id=9999</arg>
<arg>unknown=Yes</arg>
<status status="PASS" start="2025-05-31T05:44:50.247258" elapsed="0.489181"/>
</kw>
<kw name="Validate unsuccessful resource retrieval" owner="resource">
<kw name="Should Be Empty" owner="BuiltIn">
<msg time="2025-05-31T05:44:50.736439" level="INFO">Length is 0.</msg>
<arg>${response.json()}</arg>
<doc>Verifies that the given item is empty.</doc>
<status status="PASS" start="2025-05-31T05:44:50.736439" elapsed="0.000000"/>
</kw>
<arg>response=${response}</arg>
<status status="PASS" start="2025-05-31T05:44:50.736439" elapsed="0.004588"/>
</kw>
<kw name="Validate response time" owner="generic">
<kw name="Evaluate" owner="BuiltIn">
<msg time="2025-05-31T05:44:50.741567" level="INFO">${time_float} = 1.0</msg>
<var>${time_float}</var>
<arg>float(${time})</arg>
<doc>Evaluates the given expression in Python and returns the result.</doc>
<status status="PASS" start="2025-05-31T05:44:50.741027" elapsed="0.000540"/>
</kw>
<kw name="Evaluate" owner="BuiltIn">
<msg time="2025-05-31T05:44:50.742097" level="INFO">${response_time} = 0.489424</msg>
<var>${response_time}</var>
<arg>float(${response.elapsed.total_seconds()})</arg>
<doc>Evaluates the given expression in Python and returns the result.</doc>
<status status="PASS" start="2025-05-31T05:44:50.741567" elapsed="0.000530"/>
</kw>
<kw name="Should Be True" owner="BuiltIn">
<arg>${response_time} &lt; ${time_float}</arg>
<doc>Fails if the given condition is not true.</doc>
<status status="PASS" start="2025-05-31T05:44:50.742097" elapsed="0.000000"/>
</kw>
<arg>response=${response}</arg>
<arg>time=${MAX_RESPONSE_TIME}</arg>
<status status="PASS" start="2025-05-31T05:44:50.741027" elapsed="0.001070"/>
</kw>
<status status="PASS" start="2025-05-31T05:44:50.247205" elapsed="0.495423"/>
</test>
<doc>Testcases for login operations. Containing the fifth testcase as listed in the spriteCloud automation assignment.</doc>
<status status="PASS" start="2025-05-31T05:44:50.240259" elapsed="0.502369"/>
</suite>
<status status="PASS" start="2025-05-31T05:44:39.588773" elapsed="11.154392"/>
</suite>
<suite id="s1-s2" name="Saucedemo" source="D:\a\spriteCloud\spriteCloud\testsuites\saucedemo">
<suite id="s1-s2-s1" name="01-Checkout" source="D:\a\spriteCloud\spriteCloud\testsuites\saucedemo\01-checkout.robot">
<test id="s1-s2-s1-t1" name="Checkout with atleast two items" line="8">
<kw name="Open saucedemo site" owner="generic" type="SETUP">
<if>
<branch type="IF" condition="$new_browser == &quot;Yes&quot;">
<kw name="New Browser" owner="Browser">
<msg time="2025-05-31T05:44:50.919515" level="INFO">{"browser": "firefox", "headless": false, "chromiumSandbox": false, "devtools": false, "handleSIGHUP": true, "handleSIGINT": true, "handleSIGTERM": true, "slowMo": 0.0, "timeout": 30000.0, "tracesDir": "D:\\a\\spriteCloud\\spriteCloud\\browser\\traces\\temp\\e50b9cc1-547c-422f-8c4c-da6a84d64c15"}</msg>
<msg time="2025-05-31T05:44:50.953053" level="INFO">Starting Browser process C:\hostedtoolcache\windows\Python\3.12.10\x64\Lib\site-packages\Browser\wrapper\index.js using at 127.0.0.1:51416</msg>
<msg time="2025-05-31T05:44:53.591378" level="INFO">Successfully created browser with options: {"browser":"firefox","headless":false,"chromiumSandbox":false,"devtools":false,"handleSIGHUP":true,"handleSIGINT":true,"handleSIGTERM":true,"slowMo":0,"timeout":30000,"tracesDir":"D:\\a\\spriteCloud\\spriteCloud\\browser\\traces\\temp\\e50b9cc1-547c-422f-8c4c-da6a84d64c15"}</msg>
<arg>browser=${BROWSER}</arg>
<arg>headless=${HEADLESS}</arg>
<tag>BrowserControl</tag>
<tag>Setter</tag>
<doc>Create a new playwright Browser with specified options.</doc>
<status status="PASS" start="2025-05-31T05:44:50.917659" elapsed="2.673719"/>
</kw>
<status status="PASS" start="2025-05-31T05:44:50.917659" elapsed="2.673719"/>
</branch>
<status status="PASS" start="2025-05-31T05:44:50.917659" elapsed="2.673719"/>
</if>
<kw name="New Page" owner="Browser">
<msg time="2025-05-31T05:44:56.410162" level="INFO">Successfully initialized new page object and opened url: https://www.saucedemo.com/</msg>
<msg time="2025-05-31T05:44:56.411189" level="INFO">No context was open. New context was automatically opened when this page is created.</msg>
<arg>${SAUCEDEMO_URL}</arg>
<tag>BrowserControl</tag>
<tag>Setter</tag>
<doc>Open a new Page.</doc>
<status status="PASS" start="2025-05-31T05:44:53.591378" elapsed="2.819811"/>
</kw>
<kw name="Set Viewport Size" owner="Browser">
<msg time="2025-05-31T05:44:56.452191" level="INFO">Set viewport size to: [object Object]</msg>
<arg>1200</arg>
<arg>900</arg>
<tag>BrowserControl</tag>
<tag>Setter</tag>
<doc>Sets current Pages viewport size to specified dimensions.</doc>
<status status="PASS" start="2025-05-31T05:44:56.411189" elapsed="0.041002"/>
</kw>
<kw name="Set Browser Timeout" owner="Browser">
<arg>10s</arg>
<tag>Config</tag>
<tag>Setter</tag>
<doc>Sets the timeout used by most input and getter keywords.</doc>
<status status="PASS" start="2025-05-31T05:44:56.452191" elapsed="0.001225"/>
</kw>
<arg>new_browser=Yes</arg>
<status status="PASS" start="2025-05-31T05:44:50.917659" elapsed="5.535757"/>
</kw>
<kw name="Login with known user" owner="login">
<kw name="Fill in credentials" owner="login">
<kw name="Get element by test id" owner="generic">
<kw name="Get Element" owner="Browser">
<msg time="2025-05-31T05:44:56.505845" level="INFO">Locator found successfully.</msg>
<msg time="2025-05-31T05:44:56.505845" level="INFO">${element} = [data-test="username"]</msg>
<var>${element}</var>
<arg>selector=[${test_id_attribute}="${test_id}"]</arg>
<tag>Getter</tag>
<tag>PageContent</tag>
<doc>Returns a reference to a Playwright [https://playwright.dev/docs/api/class-locator|Locator].</doc>
<status status="PASS" start="2025-05-31T05:44:56.455160" elapsed="0.050685"/>
</kw>
<kw name="Return From Keyword" owner="BuiltIn">
<msg time="2025-05-31T05:44:56.505845" level="INFO">Returning from the enclosing user keyword.</msg>
<arg>${element}</arg>
<doc>Returns from the enclosing user keyword.</doc>
<status status="PASS" start="2025-05-31T05:44:56.505845" elapsed="0.000000"/>
</kw>
<msg time="2025-05-31T05:44:56.505845" level="INFO">${username_input} = [data-test="username"]</msg>
<var>${username_input}</var>
<arg>test_id=${USERNAME_TEST_ID}</arg>
<status status="PASS" start="2025-05-31T05:44:56.454566" elapsed="0.052285"/>
</kw>
<kw name="Get element by test id" owner="generic">
<kw name="Get Element" owner="Browser">
<msg time="2025-05-31T05:44:56.516184" level="INFO">Locator found successfully.</msg>
<msg time="2025-05-31T05:44:56.516184" level="INFO">${element} = [data-test="password"]</msg>
<var>${element}</var>
<arg>selector=[${test_id_attribute}="${test_id}"]</arg>
<tag>Getter</tag>
<tag>PageContent</tag>
<doc>Returns a reference to a Playwright [https://playwright.dev/docs/api/class-locator|Locator].</doc>
<status status="PASS" start="2025-05-31T05:44:56.506851" elapsed="0.009333"/>
</kw>
<kw name="Return From Keyword" owner="BuiltIn">
<msg time="2025-05-31T05:44:56.516745" level="INFO">Returning from the enclosing user keyword.</msg>
<arg>${element}</arg>
<doc>Returns from the enclosing user keyword.</doc>
<status status="PASS" start="2025-05-31T05:44:56.516745" elapsed="0.000000"/>
</kw>
<msg time="2025-05-31T05:44:56.516745" level="INFO">${password_input} = [data-test="password"]</msg>
<var>${password_input}</var>
<arg>test_id=${PASSWORD_TEST_ID}</arg>
<status status="PASS" start="2025-05-31T05:44:56.506851" elapsed="0.010410"/>
</kw>
<kw name="Fill Text" owner="Browser">
<msg time="2025-05-31T05:44:56.517830" level="INFO">Fills the text 'standard_user' in the given field.</msg>
<arg>selector=${username_input}</arg>
<arg>txt=${username}</arg>
<tag>PageContent</tag>
<tag>Setter</tag>
<doc>Clears and fills the given ``txt`` into the text field found by ``selector``.</doc>
<status status="PASS" start="2025-05-31T05:44:56.517292" elapsed="0.036199"/>
</kw>
<kw name="Fill Secret" owner="Browser">
<arg>selector=${password_input}</arg>
<arg>secret=$password</arg>
<tag>PageContent</tag>
<tag>Setter</tag>
<doc>Fills the given secret from ``variable_name`` into the
text field found by ``selector``.</doc>
<status status="PASS" start="2025-05-31T05:44:56.554108" elapsed="0.043324"/>
</kw>
<arg>username=${USERNAME}</arg>
<arg>password=${PASSWORD}</arg>
<status status="PASS" start="2025-05-31T05:44:56.453988" elapsed="0.143444"/>
</kw>
<kw name="Click on login" owner="login">
<kw name="Click element by test id" owner="generic">
<kw name="Click" owner="Browser">
<msg time="2025-05-31T05:44:56.600760" level="INFO">Clicks the element '[data-test="login-button"]'.</msg>
<arg>[${test_id_attribute}="${test_id}"]</arg>
<tag>PageContent</tag>
<tag>Setter</tag>
<doc>Simulates mouse click on the element found by ``selector``.</doc>
<status status="PASS" start="2025-05-31T05:44:56.599918" elapsed="0.350526"/>
</kw>
<arg>test_id=${LOGIN_BTN_TEST_ID}</arg>
<status status="PASS" start="2025-05-31T05:44:56.599391" elapsed="0.351616"/>
</kw>
<status status="PASS" start="2025-05-31T05:44:56.598166" elapsed="0.352841"/>
</kw>
<status status="PASS" start="2025-05-31T05:44:56.453988" elapsed="0.497019"/>
[...]
<arg>[${test_id_attribute}="${test_id}"]</arg>
<arg>${select_by}</arg>
<arg>${option}</arg>
<tag>PageContent</tag>
<tag>Setter</tag>
<doc>Selects options from select element found by ``selector``.</doc>
<status status="PASS" start="2025-05-31T05:45:10.975923" elapsed="0.072699"/>
</kw>
<arg>option=${sort_type}</arg>
<arg>select_by=text</arg>
<arg>test_id=${SORT_BTN_TEST_ID}</arg>
<status status="PASS" start="2025-05-31T05:45:10.974924" elapsed="0.074698"/>
</kw>
<arg>sort_type=Name (A to Z)</arg>
<status status="PASS" start="2025-05-31T05:45:10.973926" elapsed="0.075696"/>
</kw>
<kw name="Validate sorting" owner="inventory">
<if>
<branch type="IF" condition="$sort_type == &quot;Name (Z to A)&quot;">
<kw name="_Validate name sorting" owner="inventory">
<arg>sort_type=${sort_type}</arg>
<status status="NOT RUN" start="2025-05-31T05:45:11.050618" elapsed="0.000000"/>
</kw>
<status status="NOT RUN" start="2025-05-31T05:45:11.049622" elapsed="0.000996"/>
</branch>
<branch type="ELSE IF" condition="$sort_type == &quot;Name (A to Z)&quot;">
<kw name="Log" owner="BuiltIn">
<msg time="2025-05-31T05:45:11.050618" level="INFO">tbi</msg>
<arg>tbi</arg>
<doc>Logs the given message with the given level.</doc>
<status status="PASS" start="2025-05-31T05:45:11.050618" elapsed="0.000000"/>
</kw>
<status status="PASS" start="2025-05-31T05:45:11.050618" elapsed="0.001001"/>
</branch>
<branch type="ELSE IF" condition="$sort_type == &quot;Price (low to high)&quot;">
<kw name="Log" owner="BuiltIn">
<arg>tbi</arg>
<doc>Logs the given message with the given level.</doc>
<status status="NOT RUN" start="2025-05-31T05:45:11.051619" elapsed="0.000000"/>
</kw>
<status status="NOT RUN" start="2025-05-31T05:45:11.051619" elapsed="0.000000"/>
</branch>
<branch type="ELSE IF" condition="$sort_type == &quot;Price (high to low)&quot;">
<kw name="Log" owner="BuiltIn">
<arg>tbi</arg>
<doc>Logs the given message with the given level.</doc>
<status status="NOT RUN" start="2025-05-31T05:45:11.051619" elapsed="0.000000"/>
</kw>
<status status="NOT RUN" start="2025-05-31T05:45:11.051619" elapsed="0.000000"/>
</branch>
<status status="PASS" start="2025-05-31T05:45:11.049622" elapsed="0.001997"/>
</if>
<arg>sort_type=Name (A to Z)</arg>
<status status="PASS" start="2025-05-31T05:45:11.049622" elapsed="0.001997"/>
</kw>
<kw name="Run Keywords" owner="BuiltIn" type="TEARDOWN">
<kw name="Delete All Cookies" owner="Browser">
<msg time="2025-05-31T05:45:11.056631" level="INFO">All cookies deleted.</msg>
<tag>BrowserControl</tag>
<tag>Setter</tag>
<doc>Deletes all cookies from the currently active browser context.</doc>
<status status="PASS" start="2025-05-31T05:45:11.052616" elapsed="0.004015"/>
</kw>
<kw name="Close Browser" owner="Browser">
<msg time="2025-05-31T05:45:12.671321" level="INFO">Closed browser</msg>
<tag>BrowserControl</tag>
<tag>Setter</tag>
<doc>Closes the current browser.</doc>
<status status="PASS" start="2025-05-31T05:45:11.056631" elapsed="1.614690"/>
</kw>
<arg>Delete All Cookies</arg>
<arg>Close Browser</arg>
<doc>Executes all the given keywords in a sequence.</doc>
<status status="PASS" start="2025-05-31T05:45:11.052616" elapsed="1.618705"/>
</kw>
<status status="PASS" start="2025-05-31T05:45:06.448017" elapsed="6.223304"/>
</test>
<doc>This file contains the second test case to code for the spriteCloud automation challenge: Write a test that sorts the items by name Z-A and validate that the sorting is correct.</doc>
<status status="PASS" start="2025-05-31T05:44:59.846946" elapsed="12.827069"/>
</suite>
<suite id="s1-s2-s3" name="03-Failed-Login" source="D:\a\spriteCloud\spriteCloud\testsuites\saucedemo\03-failed-login.robot">
<test id="s1-s2-s3-t1" name="Failed login validation" line="8">
<kw name="Open saucedemo site" owner="generic" type="SETUP">
<if>
<branch type="IF" condition="$new_browser == &quot;Yes&quot;">
<kw name="New Browser" owner="Browser">
<msg time="2025-05-31T05:45:12.689698" level="INFO">{"browser": "firefox", "headless": false, "chromiumSandbox": false, "devtools": false, "handleSIGHUP": true, "handleSIGINT": true, "handleSIGTERM": true, "slowMo": 0.0, "timeout": 30000.0, "tracesDir": "D:\\a\\spriteCloud\\spriteCloud\\browser\\traces\\temp\\5d6512a6-e495-4e49-be04-e8df776d3fe8"}</msg>
<msg time="2025-05-31T05:45:13.749359" level="INFO">Successfully created browser with options: {"browser":"firefox","headless":false,"chromiumSandbox":false,"devtools":false,"handleSIGHUP":true,"handleSIGINT":true,"handleSIGTERM":true,"slowMo":0,"timeout":30000,"tracesDir":"D:\\a\\spriteCloud\\spriteCloud\\browser\\traces\\temp\\5d6512a6-e495-4e49-be04-e8df776d3fe8"}</msg>
<arg>browser=${BROWSER}</arg>
<arg>headless=${HEADLESS}</arg>
<tag>BrowserControl</tag>
<tag>Setter</tag>
<doc>Create a new playwright Browser with specified options.</doc>
<status status="PASS" start="2025-05-31T05:45:12.689698" elapsed="1.061421"/>
</kw>
<status status="PASS" start="2025-05-31T05:45:12.689698" elapsed="1.061421"/>
</branch>
<status status="PASS" start="2025-05-31T05:45:12.689698" elapsed="1.061951"/>
</if>
<kw name="New Page" owner="Browser">
<msg time="2025-05-31T05:45:15.916425" level="INFO">Successfully initialized new page object and opened url: https://www.saucedemo.com/</msg>
<msg time="2025-05-31T05:45:15.916425" level="INFO">No context was open. New context was automatically opened when this page is created.</msg>
<arg>${SAUCEDEMO_URL}</arg>
<tag>BrowserControl</tag>
<tag>Setter</tag>
<doc>Open a new Page.</doc>
<status status="PASS" start="2025-05-31T05:45:13.751649" elapsed="2.164776"/>
</kw>
<kw name="Set Viewport Size" owner="Browser">
<msg time="2025-05-31T05:45:15.946379" level="INFO">Set viewport size to: [object Object]</msg>
<arg>1200</arg>
<arg>900</arg>
<tag>BrowserControl</tag>
<tag>Setter</tag>
<doc>Sets current Pages viewport size to specified dimensions.</doc>
<status status="PASS" start="2025-05-31T05:45:15.916425" elapsed="0.030529"/>
</kw>
<kw name="Set Browser Timeout" owner="Browser">
<arg>10s</arg>
<tag>Config</tag>
<tag>Setter</tag>
<doc>Sets the timeout used by most input and getter keywords.</doc>
<status status="PASS" start="2025-05-31T05:45:15.946954" elapsed="0.001049"/>
</kw>
<arg>new_browser=Yes</arg>
<status status="PASS" start="2025-05-31T05:45:12.689698" elapsed="3.258305"/>
</kw>
<kw name="Login with unknown user" owner="login">
<kw name="Fill in credentials" owner="login">
<kw name="Get element by test id" owner="generic">
<kw name="Get Element" owner="Browser">
<msg time="2025-05-31T05:45:15.985794" level="INFO">Locator found successfully.</msg>
<msg time="2025-05-31T05:45:15.986372" level="INFO">${element} = [data-test="username"]</msg>
<var>${element}</var>
<arg>selector=[${test_id_attribute}="${test_id}"]</arg>
<tag>Getter</tag>
<tag>PageContent</tag>
<doc>Returns a reference to a Playwright [https://playwright.dev/docs/api/class-locator|Locator].</doc>
<status status="PASS" start="2025-05-31T05:45:15.949719" elapsed="0.036653"/>
</kw>
<kw name="Return From Keyword" owner="BuiltIn">
<msg time="2025-05-31T05:45:15.986944" level="INFO">Returning from the enclosing user keyword.</msg>
<arg>${element}</arg>
<doc>Returns from the enclosing user keyword.</doc>
<status status="PASS" start="2025-05-31T05:45:15.986372" elapsed="0.000572"/>
</kw>
<msg time="2025-05-31T05:45:15.986944" level="INFO">${username_input} = [data-test="username"]</msg>
<var>${username_input}</var>
<arg>test_id=${USERNAME_TEST_ID}</arg>
<status status="PASS" start="2025-05-31T05:45:15.949127" elapsed="0.037817"/>
</kw>
<kw name="Get element by test id" owner="generic">
<kw name="Get Element" owner="Browser">
<msg time="2025-05-31T05:45:15.996605" level="INFO">Locator found successfully.</msg>
<msg time="2025-05-31T05:45:15.997247" level="INFO">${element} = [data-test="password"]</msg>
<var>${element}</var>
<arg>selector=[${test_id_attribute}="${test_id}"]</arg>
<tag>Getter</tag>
<tag>PageContent</tag>
<doc>Returns a reference to a Playwright [https://playwright.dev/docs/api/class-locator|Locator].</doc>
<status status="PASS" start="2025-05-31T05:45:15.988091" elapsed="0.009156"/>
</kw>
<kw name="Return From Keyword" owner="BuiltIn">
<msg time="2025-05-31T05:45:15.997959" level="INFO">Returning from the enclosing user keyword.</msg>
<arg>${element}</arg>
<doc>Returns from the enclosing user keyword.</doc>
<status status="PASS" start="2025-05-31T05:45:15.997247" elapsed="0.000766"/>
</kw>
<msg time="2025-05-31T05:45:15.998013" level="INFO">${password_input} = [data-test="password"]</msg>
<var>${password_input}</var>
<arg>test_id=${PASSWORD_TEST_ID}</arg>
<status status="PASS" start="2025-05-31T05:45:15.987518" elapsed="0.010495"/>
</kw>
<kw name="Fill Text" owner="Browser">
<msg time="2025-05-31T05:45:15.999144" level="INFO">Fills the text 'unknown' in the given field.</msg>
<arg>selector=${username_input}</arg>
<arg>txt=${username}</arg>
<tag>PageContent</tag>
<tag>Setter</tag>
<doc>Clears and fills the given ``txt`` into the text field found by ``selector``.</doc>
<status status="PASS" start="2025-05-31T05:45:15.998575" elapsed="0.030094"/>
</kw>
<kw name="Fill Secret" owner="Browser">
<arg>selector=${password_input}</arg>
<arg>secret=$password</arg>
<tag>PageContent</tag>
<tag>Setter</tag>
<doc>Fills the given secret from ``variable_name`` into the
text field found by ``selector``.</doc>
<status status="PASS" start="2025-05-31T05:45:16.028669" elapsed="0.019575"/>
</kw>
<arg>username=unknown</arg>
<arg>password=unknown</arg>
<status status="PASS" start="2025-05-31T05:45:15.948569" elapsed="0.100509"/>
</kw>
<kw name="Click on login" owner="login">
<kw name="Click element by test id" owner="generic">
<kw name="Click" owner="Browser">
<msg time="2025-05-31T05:45:16.051370" level="INFO">Clicks the element '[data-test="login-button"]'.</msg>
<arg>[${test_id_attribute}="${test_id}"]</arg>
<tag>PageContent</tag>
<tag>Setter</tag>
<doc>Simulates mouse click on the element found by ``selector``.</doc>
<status status="PASS" start="2025-05-31T05:45:16.051064" elapsed="0.321883"/>
</kw>
<arg>test_id=${LOGIN_BTN_TEST_ID}</arg>
<status status="PASS" start="2025-05-31T05:45:16.050258" elapsed="0.322689"/>
</kw>
<status status="PASS" start="2025-05-31T05:45:16.049470" elapsed="0.323477"/>
</kw>
<status status="PASS" start="2025-05-31T05:45:15.948523" elapsed="0.424424"/>
</kw>
<kw name="Validate failed login attempt" owner="login">
<kw name="_Validate failed login attempt by error message" owner="login">
<kw name="Wait for elements state by test id" owner="generic">
<kw name="Wait For Elements State" owner="Browser">
<msg time="2025-05-31T05:45:16.384751" level="INFO">Waited for Element with selector [data-test="error"] at state visible</msg>
<arg>selector=[${test_id_attribute}="${test_id}"]</arg>
<arg>state=${state}</arg>
<tag>PageContent</tag>
<tag>Wait</tag>
<doc>Waits for the element found by ``selector`` to satisfy state option.</doc>
<status status="PASS" start="2025-05-31T05:45:16.375936" elapsed="0.008815"/>
</kw>
<arg>test_id=${ERROR_TEST_ID}</arg>
<arg>state=visible</arg>
<status status="PASS" start="2025-05-31T05:45:16.374945" elapsed="0.009806"/>
</kw>
<kw name="Get element by test id" owner="generic">
<kw name="Get Element" owner="Browser">
<msg time="2025-05-31T05:45:16.415692" level="INFO">Locator found successfully.</msg>
<msg time="2025-05-31T05:45:16.416693" level="INFO">${element} = [data-test="error"]</msg>
<var>${element}</var>
<arg>selector=[${test_id_attribute}="${test_id}"]</arg>
<tag>Getter</tag>
<tag>PageContent</tag>
<doc>Returns a reference to a Playwright [https://playwright.dev/docs/api/class-locator|Locator].</doc>
<status status="PASS" start="2025-05-31T05:45:16.386915" elapsed="0.029778"/>
</kw>
<kw name="Return From Keyword" owner="BuiltIn">
<msg time="2025-05-31T05:45:16.417905" level="INFO">Returning from the enclosing user keyword.</msg>
<arg>${element}</arg>
<doc>Returns from the enclosing user keyword.</doc>
<status status="PASS" start="2025-05-31T05:45:16.417905" elapsed="0.000000"/>
</kw>
<msg time="2025-05-31T05:45:16.418945" level="INFO">${element} = [data-test="error"]</msg>
<var>${element}</var>
<arg>test_id=${ERROR_TEST_ID}</arg>
<status status="PASS" start="2025-05-31T05:45:16.385351" elapsed="0.033594"/>
</kw>
<kw name="Get Text" owner="Browser">
<msg time="2025-05-31T05:45:16.477484" level="INFO">Text: 'Epic sadface: Username and password do not match any user in this service'</msg>
<msg time="2025-05-31T05:45:16.477484" level="INFO">${error_text} = Epic sadface: Username and password do not match any user in this service</msg>
<var>${error_text}</var>
<arg>selector=${element}</arg>
<tag>Assertion</tag>
<tag>Getter</tag>
<tag>PageContent</tag>
<doc>Returns text attribute of the element found by ``selector``.</doc>
<status status="PASS" start="2025-05-31T05:45:16.418945" elapsed="0.058539"/>
</kw>
<kw name="Should Contain" owner="BuiltIn">
<arg>container=${error_text}</arg>
<arg>item=${ERROR_MESSAGE}</arg>
<doc>Fails if ``container`` does not contain ``item`` one or more times.</doc>
<status status="PASS" start="2025-05-31T05:45:16.477484" elapsed="0.000000"/>
</kw>
<status status="PASS" start="2025-05-31T05:45:16.373940" elapsed="0.104535"/>
</kw>
<kw name="_Validate failed login attempt by url" owner="login">
<kw name="Get Url" owner="Browser">
<msg time="2025-05-31T05:45:16.481480" level="INFO">${url} = https://www.saucedemo.com/</msg>
<var>${url}</var>
<tag>Assertion</tag>
<tag>Getter</tag>
<tag>PageContent</tag>
<doc>Returns the current URL.</doc>
<status status="PASS" start="2025-05-31T05:45:16.478475" elapsed="0.004009"/>
</kw>
<kw name="Should Be Equal" owner="BuiltIn">
<arg>first=${url}</arg>
<arg>second=${SAUCEDEMO_URL}</arg>
<doc>Fails if the given objects are unequal.</doc>
<status status="PASS" start="2025-05-31T05:45:16.482484" elapsed="0.000000"/>
</kw>
<status status="PASS" start="2025-05-31T05:45:16.478475" elapsed="0.004009"/>
</kw>
<kw name="_Validate failed login by seeing the login form" owner="login">
<kw name="Wait for elements state by test id" owner="generic">
<kw name="Wait For Elements State" owner="Browser">
<msg time="2025-05-31T05:45:16.490479" level="INFO">Waited for Element with selector [data-test="username"] at state visible</msg>
<arg>selector=[${test_id_attribute}="${test_id}"]</arg>
<arg>state=${state}</arg>
<tag>PageContent</tag>
<tag>Wait</tag>
<doc>Waits for the element found by ``selector`` to satisfy state option.</doc>
<status status="PASS" start="2025-05-31T05:45:16.483480" elapsed="0.006999"/>
</kw>
<arg>test_id=${USERNAME_TEST_ID}</arg>
<arg>state=visible</arg>
<status status="PASS" start="2025-05-31T05:45:16.483480" elapsed="0.006999"/>
</kw>
<kw name="Wait for elements state by test id" owner="generic">
<kw name="Wait For Elements State" owner="Browser">
<msg time="2025-05-31T05:45:16.498742" level="INFO">Waited for Element with selector [data-test="password"] at state visible</msg>
<arg>selector=[${test_id_attribute}="${test_id}"]</arg>
<arg>state=${state}</arg>
<tag>PageContent</tag>
<tag>Wait</tag>
<doc>Waits for the element found by ``selector`` to satisfy state option.</doc>
<status status="PASS" start="2025-05-31T05:45:16.490479" elapsed="0.008263"/>
</kw>
<arg>test_id=${PASSWORD_TEST_ID}</arg>
<arg>state=visible</arg>
<status status="PASS" start="2025-05-31T05:45:16.490479" elapsed="0.008789"/>
</kw>
<kw name="Wait for elements state by test id" owner="generic">
<kw name="Wait For Elements State" owner="Browser">
<msg time="2025-05-31T05:45:16.506289" level="INFO">Waited for Element with selector [data-test="login-button"] at state visible</msg>
<arg>selector=[${test_id_attribute}="${test_id}"]</arg>
<arg>state=${state}</arg>
<tag>PageContent</tag>
<tag>Wait</tag>
<doc>Waits for the element found by ``selector`` to satisfy state option.</doc>
<status status="PASS" start="2025-05-31T05:45:16.499852" elapsed="0.006437"/>
</kw>
<arg>test_id=${LOGIN_BTN_TEST_ID}</arg>
<arg>state=visible</arg>
<status status="PASS" start="2025-05-31T05:45:16.499307" elapsed="0.007572"/>
</kw>
<status status="PASS" start="2025-05-31T05:45:16.482484" elapsed="0.024395"/>
</kw>
<kw name=" _Validate failed login by not seeing the inventory" owner="login">
<kw name="Wait for elements state by test id" owner="generic">
<kw name="Wait For Elements State" owner="Browser">
<msg time="2025-05-31T05:45:16.513461" level="INFO">Waited for Element with selector [data-test="inventory-item-name"] at state detached</msg>
<arg>selector=[${test_id_attribute}="${test_id}"]</arg>
<arg>state=${state}</arg>
<tag>PageContent</tag>
<tag>Wait</tag>
<doc>Waits for the element found by ``selector`` to satisfy state option.</doc>
<status status="PASS" start="2025-05-31T05:45:16.507412" elapsed="0.006049"/>
</kw>
<arg>test_id=${INV_ITEM_NAME_TEST_ID}</arg>
<arg>state=detached</arg>
<status status="PASS" start="2025-05-31T05:45:16.507412" elapsed="0.006049"/>
</kw>
<status status="PASS" start="2025-05-31T05:45:16.506879" elapsed="0.006582"/>
</kw>
<status status="PASS" start="2025-05-31T05:45:16.373940" elapsed="0.139521"/>
</kw>
<kw name="Run Keywords" owner="BuiltIn" type="TEARDOWN">
<kw name="Delete All Cookies" owner="Browser">
<msg time="2025-05-31T05:45:16.517452" level="INFO">All cookies deleted.</msg>
<tag>BrowserControl</tag>
<tag>Setter</tag>
<doc>Deletes all cookies from the currently active browser context.</doc>
<status status="PASS" start="2025-05-31T05:45:16.514451" elapsed="0.003001"/>
</kw>
<kw name="Close Browser" owner="Browser">
<msg time="2025-05-31T05:45:17.538738" level="INFO">Closed browser</msg>
<tag>BrowserControl</tag>
<tag>Setter</tag>
<doc>Closes the current browser.</doc>
<status status="PASS" start="2025-05-31T05:45:16.517452" elapsed="1.021286"/>
</kw>
<arg>Delete All Cookies</arg>
<arg>Close Browser</arg>
<doc>Executes all the given keywords in a sequence.</doc>
<status status="PASS" start="2025-05-31T05:45:16.514451" elapsed="1.024287"/>
</kw>
<status status="PASS" start="2025-05-31T05:45:12.689698" elapsed="4.849612"/>
</test>
<doc>This file contains the third test case to code for the spriteCloud automation challenge: Write a validation for a failed log in.</doc>
<status status="PASS" start="2025-05-31T05:45:12.676279" elapsed="4.865319"/>
</suite>
<doc>This init file will be run before every single file within the same folder. This allows some repetitive task to be just written once.</doc>
<status status="PASS" start="2025-05-31T05:44:50.743703" elapsed="26.800726"/>
</suite>
<status status="PASS" start="2025-05-31T05:44:39.557522" elapsed="39.249787"/>
</suite>
<statistics>
<total>
<stat pass="11" fail="0" skip="0">All Tests</stat>
</total>
<tag>
</tag>
<suite>
<stat name="Testsuites" id="s1" pass="11" fail="0" skip="0">Testsuites</stat>
<stat name="Reqres" id="s1-s1" pass="7" fail="0" skip="0">Testsuites.Reqres</stat>
<stat name="01-Users" id="s1-s1-s1" pass="4" fail="0" skip="0">Testsuites.Reqres.01-Users</stat>
<stat name="02-Login" id="s1-s1-s2" pass="2" fail="0" skip="0">Testsuites.Reqres.02-Login</stat>
<stat name="03-Resource" id="s1-s1-s3" pass="1" fail="0" skip="0">Testsuites.Reqres.03-Resource</stat>
<stat name="Saucedemo" id="s1-s2" pass="4" fail="0" skip="0">Testsuites.Saucedemo</stat>
<stat name="01-Checkout" id="s1-s2-s1" pass="1" fail="0" skip="0">Testsuites.Saucedemo.01-Checkout</stat>
<stat name="02-Sort-Items" id="s1-s2-s2" pass="2" fail="0" skip="0">Testsuites.Saucedemo.02-Sort-Items</stat>
<stat name="03-Failed-Login" id="s1-s2-s3" pass="1" fail="0" skip="0">Testsuites.Saucedemo.03-Failed-Login</stat>
</suite>
</statistics>
<errors>
</errors>
</robot>
