<?xml version="1.0" encoding="UTF-8"?>
<robot generator="Robot 7.3.2 (Python 3.12.10 on win32)" generated="2025-11-04T02:42:05.379917" rpa="false" schemaversion="5">
<suite id="s1" name="Testsuites" source="D:\a\spriteCloud\spriteCloud\testsuites">
<suite id="s1-s1" name="Saucedemo" source="D:\a\spriteCloud\spriteCloud\testsuites\saucedemo">
<suite id="s1-s1-s1" name="01-Checkout" source="D:\a\spriteCloud\spriteCloud\testsuites\saucedemo\01-checkout.robot">
<test id="s1-s1-s1-t1" name="Checkout With Atleast Two Items" line="8">
<kw name="Open Site" owner="generic" type="SETUP">
<if>
<branch type="IF" condition="$new_browser == &quot;Yes&quot;">
<kw name="New Browser" owner="Browser">
<msg time="2025-11-04T02:42:05.910454" level="INFO">{"browser": "firefox", "headless": true, "chromiumSandbox": false, "devtools": false, "handleSIGHUP": true, "handleSIGINT": true, "handleSIGTERM": true, "slowMo": 0.0, "timeout": 30000.0, "tracesDir": "D:\\a\\spriteCloud\\spriteCloud\\results\\pabot_results\\3\\browser\\traces\\temp\\90bb1d1f-4934-4ae1-b682-5c00c8014477"}</msg>
<msg time="2025-11-04T02:42:05.942149" level="INFO">Starting Browser process C:\hostedtoolcache\windows\Python\3.12.10\x64\Lib\site-packages\Browser\wrapper\index.js using at 127.0.0.1:63706</msg>
<msg time="2025-11-04T02:42:08.261460" level="INFO">Successfully created browser with options: {"browser":"firefox","headless":true,"chromiumSandbox":false,"devtools":false,"handleSIGHUP":true,"handleSIGINT":true,"handleSIGTERM":true,"slowMo":0,"timeout":30000,"tracesDir":"D:\\a\\spriteCloud\\spriteCloud\\results\\pabot_results\\3\\browser\\traces\\temp\\90bb1d1f-4934-4ae1-b682-5c00c8014477"}</msg>
<arg>browser=${BROWSER}</arg>
<arg>headless=${HEADLESS}</arg>
<tag>BrowserControl</tag>
<tag>Setter</tag>
<doc>Create a new playwright Browser with specified options.</doc>
<status status="PASS" start="2025-11-04T02:42:05.909442" elapsed="2.352018"/>
</kw>
<status status="PASS" start="2025-11-04T02:42:05.907421" elapsed="2.354039"/>
</branch>
<status status="PASS" start="2025-11-04T02:42:05.907421" elapsed="2.354039"/>
</if>
<kw name="New Page" owner="Browser">
<msg time="2025-11-04T02:42:14.238475" level="INFO">Successfully initialized new page object and opened url: https://www.saucedemo.com/</msg>
<msg time="2025-11-04T02:42:14.241266" level="INFO">No context was open. New context was automatically opened when this page is created.</msg>
<arg>${url}</arg>
<tag>BrowserControl</tag>
<tag>Setter</tag>
<doc>Open a new Page.</doc>
<status status="PASS" start="2025-11-04T02:42:08.261460" elapsed="5.979806"/>
</kw>
<kw name="Set Viewport Size" owner="Browser">
<msg time="2025-11-04T02:42:14.273876" level="INFO">Set viewport size to: [object Object]</msg>
<arg>1200</arg>
<arg>900</arg>
<tag>BrowserControl</tag>
<tag>Setter</tag>
<doc>Sets current Pages viewport size to specified dimensions.</doc>
<status status="PASS" start="2025-11-04T02:42:14.241266" elapsed="0.032911"/>
</kw>
<kw name="Set Browser Timeout" owner="Browser">
<arg>10s</arg>
<tag>Config</tag>
<tag>Setter</tag>
<doc>Sets the timeout used by most input and getter keywords.</doc>
<status status="PASS" start="2025-11-04T02:42:14.275899" elapsed="0.002020"/>
</kw>
<arg>url=${SAUCEDEMO_URL}</arg>
<arg>new_browser=Yes</arg>
<status status="PASS" start="2025-11-04T02:42:05.907421" elapsed="8.370498"/>
</kw>
<kw name="Login With Known User" owner="login">
<kw name="Fill In Credentials" owner="login">
<kw name="Get Element By Test Id" owner="generic">
<kw name="Get Element" owner="Browser">
<msg time="2025-11-04T02:42:14.371756" level="INFO">Locator found successfully.</msg>
<msg time="2025-11-04T02:42:14.372434" level="INFO">${element} = [data-test="username"]</msg>
<var>${element}</var>
<arg>selector=[${TEST_ID_ATTRIBUTE}="${test_id}"]</arg>
<tag>Getter</tag>
<tag>PageContent</tag>
<doc>Returns a reference to a Playwright [https://playwright.dev/docs/api/class-locator|Locator].</doc>
<status status="PASS" start="2025-11-04T02:42:14.287827" elapsed="0.084607"/>
</kw>
<return>
<value>${element}</value>
<status status="PASS" start="2025-11-04T02:42:14.372434" elapsed="0.000000"/>
</return>
<msg time="2025-11-04T02:42:14.372434" level="INFO">${username_input} = [data-test="username"]</msg>
<var>${username_input}</var>
<arg>test_id=${USERNAME_TEST_ID}</arg>
<status status="PASS" start="2025-11-04T02:42:14.281259" elapsed="0.091175"/>
</kw>
<kw name="Get Element By Test Id" owner="generic">
<kw name="Get Element" owner="Browser">
<msg time="2025-11-04T02:42:14.388941" level="INFO">Locator found successfully.</msg>
<msg time="2025-11-04T02:42:14.388941" level="INFO">${element} = [data-test="password"]</msg>
<var>${element}</var>
<arg>selector=[${TEST_ID_ATTRIBUTE}="${test_id}"]</arg>
<tag>Getter</tag>
<tag>PageContent</tag>
<doc>Returns a reference to a Playwright [https://playwright.dev/docs/api/class-locator|Locator].</doc>
<status status="PASS" start="2025-11-04T02:42:14.374457" elapsed="0.014484"/>
</kw>
<return>
<value>${element}</value>
<status status="PASS" start="2025-11-04T02:42:14.388941" elapsed="0.000000"/>
</return>
<msg time="2025-11-04T02:42:14.388941" level="INFO">${password_input} = [data-test="password"]</msg>
<var>${password_input}</var>
<arg>test_id=${PASSWORD_TEST_ID}</arg>
<status status="PASS" start="2025-11-04T02:42:14.373782" elapsed="0.015159"/>
</kw>
<kw name="Fill Text" owner="Browser">
<msg time="2025-11-04T02:42:14.391976" level="INFO">Fills the text 'standard_user' in the given field.</msg>
<arg>selector=${username_input}</arg>
<arg>txt=${username}</arg>
<tag>PageContent</tag>
<tag>Setter</tag>
<doc>Clears and fills the given ``txt`` into the text field found by ``selector``.</doc>
<status status="PASS" start="2025-11-04T02:42:14.390620" elapsed="0.054461"/>
</kw>
<kw name="Fill Secret" owner="Browser">
<arg>selector=${password_input}</arg>
<arg>secret=$password</arg>
<tag>PageContent</tag>
<tag>Setter</tag>
<doc>Fills the given secret from ``variable_name`` into the
text field found by ``selector``.</doc>
<status status="PASS" start="2025-11-04T02:42:14.445616" elapsed="0.053829"/>
</kw>
<arg>username=${USERNAME}</arg>
<arg>password=${PASSWORD}</arg>
<status status="PASS" start="2025-11-04T02:42:14.279949" elapsed="0.220516"/>
</kw>
<kw name="Click On Login" owner="login">
<kw name="Click Element By Test Id" owner="generic">
<kw name="Click" owner="Browser">
<msg time="2025-11-04T02:42:14.508062" level="INFO">Clicks the element '[data-test="login-button"]'.</msg>
<arg>[${TEST_ID_ATTRIBUTE}="${test_id}"]</arg>
<tag>PageContent</tag>
<tag>Setter</tag>
<doc>Simulates mouse click on the element found by ``selector``.</doc>
<status status="PASS" start="2025-11-04T02:42:14.506045" elapsed="0.590406"/>
</kw>
<arg>test_id=${LOGIN_BTN_TEST_ID}</arg>
<status status="PASS" start="2025-11-04T02:42:14.502482" elapsed="0.594475"/>
</kw>
<status status="PASS" start="2025-11-04T02:42:14.500465" elapsed="0.596492"/>
</kw>
<status status="PASS" start="2025-11-04T02:42:14.278720" elapsed="0.818237"/>
</kw>
<kw name="Generate Random Numbers In A List" owner="generic">
<kw name="Evaluate" owner="BuiltIn">
<msg time="2025-11-04T02:42:15.098824" level="INFO">${list} = [1, 5, 0]</msg>
<var>${list}</var>
<arg>__import__('random').sample(range(${min}, ${max} + 1), ${amount})</arg>
<doc>Evaluates the given expression in Python and returns the result.</doc>
<status status="PASS" start="2025-11-04T02:42:15.098240" elapsed="0.000584"/>
</kw>
<return>
<value>${list}</value>
<status status="PASS" start="2025-11-04T02:42:15.099401" elapsed="0.000000"/>
</return>
<msg time="2025-11-04T02:42:15.100318" level="INFO">@{index_list} = [ 1 | 5 | 0 ]</msg>
<var>@{index_list}</var>
<arg>min=0</arg>
<arg>max=5</arg>
<arg>amount=3</arg>
<status status="PASS" start="2025-11-04T02:42:15.096957" elapsed="0.003361"/>
</kw>
<kw name="Add Items To Cart By Index" owner="inventory">
<for flavor="IN">
<iter>
<kw name="Add Item To Cart By Index" owner="inventory">
<kw name="Load Json From File" owner="JSONLibrary">
<msg time="2025-11-04T02:42:15.106511" level="INFO">${products} = [{'name': 'Sauce Labs Bike Light', 'price': 9.99, 'id': 0, 'add_to_cart_id': 'add-to-cart-sauce-labs-bike-light'}, {'name': 'Sauce Labs Bolt T-Shirt', 'price': 15.99, 'id': 1, 'add_to_cart_id': 'add-t...</msg>
<var>${products}</var>
<arg>file_name=${PRODUCTS_FILE}</arg>
<doc>Load JSON from file.</doc>
<status status="PASS" start="2025-11-04T02:42:15.104034" elapsed="0.002477"/>
</kw>
<kw name="Get From List" owner="Collections">
<msg time="2025-11-04T02:42:15.111567" level="INFO">${item} = {'name': 'Sauce Labs Bolt T-Shirt', 'price': 15.99, 'id': 1, 'add_to_cart_id': 'add-to-cart-sauce-labs-bolt-t-shirt'}</msg>
<var>${item}</var>
<arg>${products}</arg>
<arg>${index}</arg>
<doc>Returns the value specified with an ``index`` from ``list``.</doc>
<status status="PASS" start="2025-11-04T02:42:15.106511" elapsed="0.005056"/>
</kw>
<kw name="Get From Dictionary" owner="Collections">
<msg time="2025-11-04T02:42:15.116628" level="INFO">${test_id} = add-to-cart-sauce-labs-bolt-t-shirt</msg>
<var>${test_id}</var>
<arg>${item}</arg>
<arg>add_to_cart_id</arg>
<doc>Returns a value from the given ``dictionary`` based on the given ``key``.</doc>
<status status="PASS" start="2025-11-04T02:42:15.111567" elapsed="0.005061"/>
</kw>
<kw name="Click Element By Test Id" owner="generic">
<kw name="Click" owner="Browser">
<msg time="2025-11-04T02:42:15.131795" level="INFO">Clicks the element '[data-test="add-to-cart-sauce-labs-bolt-t-shirt"]'.</msg>
<arg>[${TEST_ID_ATTRIBUTE}="${test_id}"]</arg>
<tag>PageContent</tag>
<tag>Setter</tag>
<doc>Simulates mouse click on the element found by ``selector``.</doc>
<status status="PASS" start="2025-11-04T02:42:15.131795" elapsed="0.068356"/>
</kw>
<arg>test_id=${test_id}</arg>
<status status="PASS" start="2025-11-04T02:42:15.116628" elapsed="0.083523"/>
</kw>
<arg>index=${index}</arg>
<status status="PASS" start="2025-11-04T02:42:15.102472" elapsed="0.097679"/>
</kw>
<var name="${index}">1</var>
<status status="PASS" start="2025-11-04T02:42:15.101901" elapsed="0.100268"/>
</iter>
<iter>
<kw name="Add Item To Cart By Index" owner="inventory">
<kw name="Load Json From File" owner="JSONLibrary">
<msg time="2025-11-04T02:42:15.205234" level="INFO">${products} = [{'name': 'Sauce Labs Bike Light', 'price': 9.99, 'id': 0, 'add_to_cart_id': 'add-to-cart-sauce-labs-bike-light'}, {'name': 'Sauce Labs Bolt T-Shirt', 'price': 15.99, 'id': 1, 'add_to_cart_id': 'add-t...</msg>
<var>${products}</var>
<arg>file_name=${PRODUCTS_FILE}</arg>
<doc>Load JSON from file.</doc>
<status status="PASS" start="2025-11-04T02:42:15.204191" elapsed="0.001043"/>
</kw>
<kw name="Get From List" owner="Collections">
<msg time="2025-11-04T02:42:15.206500" level="INFO">${item} = {'name': 'Sauce Labs Fleece Jacket', 'price': 49.99, 'id': 5, 'add_to_cart_id': 'add-to-cart-sauce-labs-fleece-jacket'}</msg>
<var>${item}</var>
<arg>${products}</arg>
<arg>${index}</arg>
<doc>Returns the value specified with an ``index`` from ``list``.</doc>
<status status="PASS" start="2025-11-04T02:42:15.205234" elapsed="0.001266"/>
</kw>
<kw name="Get From Dictionary" owner="Collections">
<msg time="2025-11-04T02:42:15.207256" level="INFO">${test_id} = add-to-cart-sauce-labs-fleece-jacket</msg>
<var>${test_id}</var>
<arg>${item}</arg>
<arg>add_to_cart_id</arg>
<doc>Returns a value from the given ``dictionary`` based on the given ``key``.</doc>
<status status="PASS" start="2025-11-04T02:42:15.206500" elapsed="0.000756"/>
</kw>
<kw name="Click Element By Test Id" owner="generic">
<kw name="Click" owner="Browser">
<msg time="2025-11-04T02:42:15.208525" level="INFO">Clicks the element '[data-test="add-to-cart-sauce-labs-fleece-jacket"]'.</msg>
<arg>[${TEST_ID_ATTRIBUTE}="${test_id}"]</arg>
<tag>PageContent</tag>
<tag>Setter</tag>
<doc>Simulates mouse click on the element found by ``selector``.</doc>
<status status="PASS" start="2025-11-04T02:42:15.207256" elapsed="0.060488"/>
</kw>
<arg>test_id=${test_id}</arg>
<status status="PASS" start="2025-11-04T02:42:15.207256" elapsed="0.060488"/>
</kw>
<arg>index=${index}</arg>
<status status="PASS" start="2025-11-04T02:42:15.202169" elapsed="0.065575"/>
</kw>
<var name="${index}">5</var>
<status status="PASS" start="2025-11-04T02:42:15.202169" elapsed="0.065575"/>
</iter>
<iter>
<kw name="Add Item To Cart By Index" owner="inventory">
<kw name="Load Json From File" owner="JSONLibrary">
<msg time="2025-11-04T02:42:15.272402" level="INFO">${products} = [{'name': 'Sauce Labs Bike Light', 'price': 9.99, 'id': 0, 'add_to_cart_id': 'add-to-cart-sauce-labs-bike-light'}, {'name': 'Sauce Labs Bolt T-Shirt', 'price': 15.99, 'id': 1, 'add_to_cart_id': 'add-t...</msg>
<var>${products}</var>
<arg>file_name=${PRODUCTS_FILE}</arg>
<doc>Load JSON from file.</doc>
<status status="PASS" start="2025-11-04T02:42:15.269769" elapsed="0.002633"/>
</kw>
<kw name="Get From List" owner="Collections">
<msg time="2025-11-04T02:42:15.272825" level="INFO">${item} = {'name': 'Sauce Labs Bike Light', 'price': 9.99, 'id': 0, 'add_to_cart_id': 'add-to-cart-sauce-labs-bike-light'}</msg>
<var>${item}</var>
<arg>${products}</arg>
<arg>${index}</arg>
<doc>Returns the value specified with an ``index`` from ``list``.</doc>
<status status="PASS" start="2025-11-04T02:42:15.272825" elapsed="0.000000"/>
</kw>
<kw name="Get From Dictionary" owner="Collections">
<msg time="2025-11-04T02:42:15.274417" level="INFO">${test_id} = add-to-cart-sauce-labs-bike-light</msg>
<var>${test_id}</var>
<arg>${item}</arg>
<arg>add_to_cart_id</arg>
<doc>Returns a value from the given ``dictionary`` based on the given ``key``.</doc>
<status status="PASS" start="2025-11-04T02:42:15.272825" elapsed="0.001592"/>
</kw>
<kw name="Click Element By Test Id" owner="generic">
<kw name="Click" owner="Browser">
<msg time="2025-11-04T02:42:15.275880" level="INFO">Clicks the element '[data-test="add-to-cart-sauce-labs-bike-light"]'.</msg>
<arg>[${TEST_ID_ATTRIBUTE}="${test_id}"]</arg>
<tag>PageContent</tag>
<tag>Setter</tag>
<doc>Simulates mouse click on the element found by ``selector``.</doc>
<status status="PASS" start="2025-11-04T02:42:15.275365" elapsed="0.063677"/>
</kw>
<arg>test_id=${test_id}</arg>
<status status="PASS" start="2025-11-04T02:42:15.274848" elapsed="0.064194"/>
</kw>
<arg>index=${index}</arg>
<status status="PASS" start="2025-11-04T02:42:15.269369" elapsed="0.069673"/>
</kw>
<var name="${index}">0</var>
<status status="PASS" start="2025-11-04T02:42:15.267744" elapsed="0.071298"/>
</iter>
<var>${index}</var>
<value>@{index_list}</value>
<status status="PASS" start="2025-11-04T02:42:15.101272" elapsed="0.237770"/>
</for>
<arg>@{index_list}</arg>
<status status="PASS" start="2025-11-04T02:42:15.100754" elapsed="0.238288"/>
</kw>
<kw name="Navigate To Cart" owner="inventory">
<kw name="Click Element By Test Id" owner="generic">
<kw name="Click" owner="Browser">
<msg time="2025-11-04T02:42:15.342084" level="INFO">Clicks the element '[data-test="shopping-cart-link"]'.</msg>
<arg>[${TEST_ID_ATTRIBUTE}="${test_id}"]</arg>
<tag>PageContent</tag>
<tag>Setter</tag>
<doc>Simulates mouse click on the element found by ``selector``.</doc>
<status status="PASS" start="2025-11-04T02:42:15.340059" elapsed="0.119987"/>
</kw>
<arg>test_id=${CART_BTN_TEST_ID}</arg>
<status status="PASS" start="2025-11-04T02:42:15.340059" elapsed="0.120466"/>
</kw>
<status status="PASS" start="2025-11-04T02:42:15.340059" elapsed="0.120466"/>
</kw>
<kw name="Verify Items In Cart By Index" owner="cart">
<kw name="Load Json From File" owner="JSONLibrary">
<msg time="2025-11-04T02:42:15.463610" level="INFO">${products} = [{'name': 'Sauce Labs Bike Light', 'price': 9.99, 'id': 0, 'add_to_cart_id': 'add-to-cart-sauce-labs-bike-light'}, {'name': 'Sauce Labs Bolt T-Shirt', 'price': 15.99, 'id': 1, 'add_to_cart_id': 'add-t...</msg>
<var>${products}</var>
<arg>file_name=${PRODUCTS_FILE}</arg>
<doc>Load JSON from file.</doc>
<status status="PASS" start="2025-11-04T02:42:15.461561" elapsed="0.002049"/>
</kw>
<for flavor="IN">
<iter>
<kw name="Get From List" owner="Collections">
<msg time="2025-11-04T02:42:15.465328" level="INFO">${item} = {'name': 'Sauce Labs Bolt T-Shirt', 'price': 15.99, 'id': 1, 'add_to_cart_id': 'add-to-cart-sauce-labs-bolt-t-shirt'}</msg>
<var>${item}</var>
<arg>${products}</arg>
<arg>${index}</arg>
<doc>Returns the value specified with an ``index`` from ``list``.</doc>
<status status="PASS" start="2025-11-04T02:42:15.463610" elapsed="0.001718"/>
</kw>
<kw name="Get From Dictionary" owner="Collections">
<msg time="2025-11-04T02:42:15.466096" level="INFO">${name} = Sauce Labs Bolt T-Shirt</msg>
<var>${name}</var>
<arg>${item}</arg>
<arg>name</arg>
<doc>Returns a value from the given ``dictionary`` based on the given ``key``.</doc>
<status status="PASS" start="2025-11-04T02:42:15.465328" elapsed="0.000768"/>
</kw>
<kw name="Verify Item In Cart With Quantity" owner="cart">
<variable name="${found}">
<msg time="2025-11-04T02:42:15.466615" level="INFO">${found} = False</msg>
<var>${False}</var>
<status status="PASS" start="2025-11-04T02:42:15.466615" elapsed="0.000000"/>
</variable>
<kw name="Get Elements" owner="Browser">
<msg time="2025-11-04T02:42:15.486370" level="INFO">Found locator('.cart_item').first(),locator('.cart_item').nth(1),locator('.cart_item').nth(2) Locators successfully.</msg>
<msg time="2025-11-04T02:42:15.486370" level="INFO">@{items_in_cart} = [ .cart_item &gt;&gt; nth=0 | .cart_item &gt;&gt; nth=1 | .cart_item &gt;&gt; nth=2 ]</msg>
<var>@{items_in_cart}</var>
<arg>.cart_item</arg>
<tag>Getter</tag>
<tag>PageContent</tag>
<doc>Returns a reference to Playwright [https://playwright.dev/docs/api/class-locator|Locator]
for all matched elements by ``selector``.</doc>
<status status="PASS" start="2025-11-04T02:42:15.466615" elapsed="0.019755"/>
</kw>
<for flavor="IN">
<iter>
<kw name="Get Text" owner="Browser">
<msg time="2025-11-04T02:42:15.555776" level="INFO">Text: 'Sauce Labs Bolt T-Shirt'</msg>
<msg time="2025-11-04T02:42:15.556298" level="INFO">${item_name} = Sauce Labs Bolt T-Shirt</msg>
<var>${item_name}</var>
<arg>${item} &gt;&gt; .inventory_item_name</arg>
<tag>Assertion</tag>
<tag>Getter</tag>
<tag>PageContent</tag>
<doc>Returns text attribute of the element found by ``selector``.</doc>
<status status="PASS" start="2025-11-04T02:42:15.488394" elapsed="0.067904"/>
</kw>
<if>
<branch type="IF" condition="'${item_name}' == '${name}'">
<kw name="Get Text" owner="Browser">
<msg time="2025-11-04T02:42:15.580888" level="INFO">Text: '1'</msg>
<msg time="2025-11-04T02:42:15.580888" level="INFO">${quantity} = 1</msg>
<var>${quantity}</var>
<arg>${item} &gt;&gt; .cart_quantity</arg>
<tag>Assertion</tag>
<tag>Getter</tag>
<tag>PageContent</tag>
<doc>Returns text attribute of the element found by ``selector``.</doc>
<status status="PASS" start="2025-11-04T02:42:15.556812" elapsed="0.024076"/>
</kw>
<kw name="Should Be Equal" owner="BuiltIn">
<arg>first=${quantity}</arg>
<arg>second=${expected_quantity}</arg>
<doc>Fails if the given objects are unequal.</doc>
<status status="PASS" start="2025-11-04T02:42:15.580888" elapsed="0.002016"/>
</kw>
<variable name="${found}">
<msg time="2025-11-04T02:42:15.582904" level="INFO">${found} = True</msg>
<var>True</var>
<status status="PASS" start="2025-11-04T02:42:15.582904" elapsed="0.000000"/>
</variable>
<break>
<status status="PASS" start="2025-11-04T02:42:15.582904" elapsed="0.000000"/>
</break>
<status status="PASS" start="2025-11-04T02:42:15.556298" elapsed="0.026606"/>
</branch>
<status status="PASS" start="2025-11-04T02:42:15.556298" elapsed="0.026606"/>
</if>
<var name="${item}">.cart_item &gt;&gt; nth=0</var>
<status status="PASS" start="2025-11-04T02:42:15.488394" elapsed="0.094510"/>
</iter>
<var>${item}</var>
<value>@{items_in_cart}</value>
<status status="PASS" start="2025-11-04T02:42:15.486370" elapsed="0.096534"/>
</for>
<if>
<branch type="IF" condition="not ${found}">
<kw name="Fail" owner="BuiltIn">
<arg>Item '${name}' is not in the cart</arg>
<doc>Fails the test with the given message and optionally alters its tags.</doc>
<status status="NOT RUN" start="2025-11-04T02:42:15.582904" elapsed="0.000000"/>
</kw>
<status status="NOT RUN" start="2025-11-04T02:42:15.582904" elapsed="0.002016"/>
</branch>
<status status="PASS" start="2025-11-04T02:42:15.582904" elapsed="0.002016"/>
</if>
<arg>name=${name}</arg>
<arg>expected_quantity=1</arg>
<status status="PASS" start="2025-11-04T02:42:15.466615" elapsed="0.118305"/>
</kw>
<var name="${index}">1</var>
<status status="PASS" start="2025-11-04T02:42:15.463610" elapsed="0.121310"/>
</iter>
<iter>
<kw name="Get From List" owner="Collections">
<msg time="2025-11-04T02:42:15.585935" level="INFO">${item} = {'name': 'Sauce Labs Fleece Jacket', 'price': 49.99, 'id': 5, 'add_to_cart_id': 'add-to-cart-sauce-labs-fleece-jacket'}</msg>
<var>${item}</var>
<arg>${products}</arg>
<arg>${index}</arg>
<doc>Returns the value specified with an ``index`` from ``list``.</doc>
<status status="PASS" start="2025-11-04T02:42:15.584920" elapsed="0.001015"/>
</kw>
<kw name="Get From Dictionary" owner="Collections">
<msg time="2025-11-04T02:42:15.585935" level="INFO">${name} = Sauce Labs Fleece Jacket</msg>
<var>${name}</var>
<arg>${item}</arg>
<arg>name</arg>
<doc>Returns a value from the given ``dictionary`` based on the given ``key``.</doc>
<status status="PASS" start="2025-11-04T02:42:15.585935" elapsed="0.000000"/>
</kw>
<kw name="Verify Item In Cart With Quantity" owner="cart">
<variable name="${found}">
<msg time="2025-11-04T02:42:15.587952" level="INFO">${found} = False</msg>
<var>${False}</var>
<status status="PASS" start="2025-11-04T02:42:15.585935" elapsed="0.002017"/>
</variable>
<kw name="Get Elements" owner="Browser">
<msg time="2025-11-04T02:42:15.598061" level="INFO">Found locator('.cart_item').first(),locator('.cart_item').nth(1),locator('.cart_item').nth(2) Locators successfully.</msg>
<msg time="2025-11-04T02:42:15.600076" level="INFO">@{items_in_cart} = [ .cart_item &gt;&gt; nth=0 | .cart_item &gt;&gt; nth=1 | .cart_item &gt;&gt; nth=2 ]</msg>
<var>@{items_in_cart}</var>
<arg>.cart_item</arg>
<tag>Getter</tag>
<tag>PageContent</tag>
<doc>Returns a reference to Playwright [https://playwright.dev/docs/api/class-locator|Locator]
for all matched elements by ``selector``.</doc>
<status status="PASS" start="2025-11-04T02:42:15.587952" elapsed="0.012124"/>
</kw>
<for flavor="IN">
<iter>
<kw name="Get Text" owner="Browser">
<msg time="2025-11-04T02:42:15.623336" level="INFO">Text: 'Sauce Labs Bolt T-Shirt'</msg>
<msg time="2025-11-04T02:42:15.623336" level="INFO">${item_name} = Sauce Labs Bolt T-Shirt</msg>
<var>${item_name}</var>
<arg>${item} &gt;&gt; .inventory_item_name</arg>
<tag>Assertion</tag>
<tag>Getter</tag>
<tag>PageContent</tag>
<doc>Returns text attribute of the element found by ``selector``.</doc>
<status status="PASS" start="2025-11-04T02:42:15.600076" elapsed="0.023260"/>
</kw>
<if>
<branch type="IF" condition="'${item_name}' == '${name}'">
<kw name="Get Text" owner="Browser">
<var>${quantity}</var>
<arg>${item} &gt;&gt; .cart_quantity</arg>
<tag>Assertion</tag>
<tag>Getter</tag>
<tag>PageContent</tag>
<doc>Returns text attribute of the element found by ``selector``.</doc>
<status status="NOT RUN" start="2025-11-04T02:42:15.623336" elapsed="0.000000"/>
</kw>
<kw name="Should Be Equal" owner="BuiltIn">
<arg>first=${quantity}</arg>
<arg>second=${expected_quantity}</arg>
<doc>Fails if the given objects are unequal.</doc>
<status status="NOT RUN" start="2025-11-04T02:42:15.625362" elapsed="0.000000"/>
</kw>
<variable name="${found}">
<var>True</var>
<status status="NOT RUN" start="2025-11-04T02:42:15.625362" elapsed="0.000000"/>
</variable>
<break>
<status status="NOT RUN" start="2025-11-04T02:42:15.625362" elapsed="0.000000"/>
</break>
<status status="NOT RUN" start="2025-11-04T02:42:15.623336" elapsed="0.002026"/>
</branch>
<status status="PASS" start="2025-11-04T02:42:15.623336" elapsed="0.002026"/>
</if>
<var name="${item}">.cart_item &gt;&gt; nth=0</var>
<status status="PASS" start="2025-11-04T02:42:15.600076" elapsed="0.025286"/>
</iter>
<iter>
<kw name="Get Text" owner="Browser">
<msg time="2025-11-04T02:42:15.645612" level="INFO">Text: 'Sauce Labs Fleece Jacket'</msg>
<msg time="2025-11-04T02:42:15.646638" level="INFO">${item_name} = Sauce Labs Fleece Jacket</msg>
<var>${item_name}</var>
<arg>${item} &gt;&gt; .inventory_item_name</arg>
<tag>Assertion</tag>
<tag>Getter</tag>
<tag>PageContent</tag>
<doc>Returns text attribute of the element found by ``selector``.</doc>
<status status="PASS" start="2025-11-04T02:42:15.626385" elapsed="0.020253"/>
</kw>
<if>
<branch type="IF" condition="'${item_name}' == '${name}'">
<kw name="Get Text" owner="Browser">
<msg time="2025-11-04T02:42:15.668322" level="INFO">Text: '1'</msg>
<msg time="2025-11-04T02:42:15.668322" level="INFO">${quantity} = 1</msg>
<var>${quantity}</var>
<arg>${item} &gt;&gt; .cart_quantity</arg>
<tag>Assertion</tag>
<tag>Getter</tag>
<tag>PageContent</tag>
<doc>Returns text attribute of the element found by ``selector``.</doc>
<status status="PASS" start="2025-11-04T02:42:15.646638" elapsed="0.021684"/>
</kw>
<kw name="Should Be Equal" owner="BuiltIn">
<arg>first=${quantity}</arg>
<arg>second=${expected_quantity}</arg>
<doc>Fails if the given objects are unequal.</doc>
<status status="PASS" start="2025-11-04T02:42:15.668322" elapsed="0.000000"/>
</kw>
<variable name="${found}">
<msg time="2025-11-04T02:42:15.668322" level="INFO">${found} = True</msg>
<var>True</var>
<status status="PASS" start="2025-11-04T02:42:15.668322" elapsed="0.000000"/>
</variable>
<break>
<status status="PASS" start="2025-11-04T02:42:15.668322" elapsed="0.002026"/>
</break>
<status status="PASS" start="2025-11-04T02:42:15.646638" elapsed="0.023710"/>
</branch>
<status status="PASS" start="2025-11-04T02:42:15.646638" elapsed="0.023710"/>
</if>
<var name="${item}">.cart_item &gt;&gt; nth=1</var>
<status status="PASS" start="2025-11-04T02:42:15.625362" elapsed="0.044986"/>
</iter>
<var>${item}</var>
<value>@{items_in_cart}</value>
<status status="PASS" start="2025-11-04T02:42:15.600076" elapsed="0.070272"/>
</for>
<if>
<branch type="IF" condition="not ${found}">
<kw name="Fail" owner="BuiltIn">
<arg>Item '${name}' is not in the cart</arg>
<doc>Fails the test with the given message and optionally alters its tags.</doc>
<status status="NOT RUN" start="2025-11-04T02:42:15.670348" elapsed="0.000000"/>
</kw>
<status status="NOT RUN" start="2025-11-04T02:42:15.670348" elapsed="0.000000"/>
</branch>
<status status="PASS" start="2025-11-04T02:42:15.670348" elapsed="0.000000"/>
</if>
<arg>name=${name}</arg>
<arg>expected_quantity=1</arg>
<status status="PASS" start="2025-11-04T02:42:15.585935" elapsed="0.084413"/>
</kw>
<var name="${index}">5</var>
<status status="PASS" start="2025-11-04T02:42:15.584920" elapsed="0.086453"/>
</iter>
<iter>
<kw name="Get From List" owner="Collections">
<msg time="2025-11-04T02:42:15.671373" level="INFO">${item} = {'name': 'Sauce Labs Bike Light', 'price': 9.99, 'id': 0, 'add_to_cart_id': 'add-to-cart-sauce-labs-bike-light'}</msg>
<var>${item}</var>
<arg>${products}</arg>
<arg>${index}</arg>
<doc>Returns the value specified with an ``index`` from ``list``.</doc>
<status status="PASS" start="2025-11-04T02:42:15.671373" elapsed="0.000000"/>
</kw>
<kw name="Get From Dictionary" owner="Collections">
<msg time="2025-11-04T02:42:15.671373" level="INFO">${name} = Sauce Labs Bike Light</msg>
<var>${name}</var>
<arg>${item}</arg>
<arg>name</arg>
<doc>Returns a value from the given ``dictionary`` based on the given ``key``.</doc>
<status status="PASS" start="2025-11-04T02:42:15.671373" elapsed="0.000000"/>
</kw>
<kw name="Verify Item In Cart With Quantity" owner="cart">
<variable name="${found}">
<msg time="2025-11-04T02:42:15.673402" level="INFO">${found} = False</msg>
<var>${False}</var>
<status status="PASS" start="2025-11-04T02:42:15.673402" elapsed="0.000000"/>
</variable>
<kw name="Get Elements" owner="Browser">
<msg time="2025-11-04T02:42:15.685009" level="INFO">Found locator('.cart_item').first(),locator('.cart_item').nth(1),locator('.cart_item').nth(2) Locators successfully.</msg>
<msg time="2025-11-04T02:42:15.685628" level="INFO">@{items_in_cart} = [ .cart_item &gt;&gt; nth=0 | .cart_item &gt;&gt; nth=1 | .cart_item &gt;&gt; nth=2 ]</msg>
<var>@{items_in_cart}</var>
<arg>.cart_item</arg>
<tag>Getter</tag>
<tag>PageContent</tag>
<doc>Returns a reference to Playwright [https://playwright.dev/docs/api/class-locator|Locator]
for all matched elements by ``selector``.</doc>
<status status="PASS" start="2025-11-04T02:42:15.673402" elapsed="0.012226"/>
</kw>
<for flavor="IN">
<iter>
<kw name="Get Text" owner="Browser">
<msg time="2025-11-04T02:42:15.711068" level="INFO">Text: 'Sauce Labs Bolt T-Shirt'</msg>
<msg time="2025-11-04T02:42:15.711472" level="INFO">${item_name} = Sauce Labs Bolt T-Shirt</msg>
<var>${item_name}</var>
<arg>${item} &gt;&gt; .inventory_item_name</arg>
<tag>Assertion</tag>
<tag>Getter</tag>
<tag>PageContent</tag>
<doc>Returns text attribute of the element found by ``selector``.</doc>
<status status="PASS" start="2025-11-04T02:42:15.686034" elapsed="0.025438"/>
</kw>
<if>
<branch type="IF" condition="'${item_name}' == '${name}'">
<kw name="Get Text" owner="Browser">
<var>${quantity}</var>
<arg>${item} &gt;&gt; .cart_quantity</arg>
<tag>Assertion</tag>
<tag>Getter</tag>
<tag>PageContent</tag>
<doc>Returns text attribute of the element found by ``selector``.</doc>
<status status="NOT RUN" start="2025-11-04T02:42:15.711472" elapsed="0.000000"/>
</kw>
<kw name="Should Be Equal" owner="BuiltIn">
<arg>first=${quantity}</arg>
<arg>second=${expected_quantity}</arg>
<doc>Fails if the given objects are unequal.</doc>
<status status="NOT RUN" start="2025-11-04T02:42:15.711472" elapsed="0.000000"/>
</kw>
<variable name="${found}">
<var>True</var>
<status status="NOT RUN" start="2025-11-04T02:42:15.711472" elapsed="0.000000"/>
</variable>
<break>
<status status="NOT RUN" start="2025-11-04T02:42:15.713091" elapsed="0.000000"/>
</break>
<status status="NOT RUN" start="2025-11-04T02:42:15.711472" elapsed="0.001619"/>
</branch>
<status status="PASS" start="2025-11-04T02:42:15.711472" elapsed="0.001619"/>
</if>
<var name="${item}">.cart_item &gt;&gt; nth=0</var>
<status status="PASS" start="2025-11-04T02:42:15.686034" elapsed="0.027057"/>
</iter>
<iter>
<kw name="Get Text" owner="Browser">
<msg time="2025-11-04T02:42:15.739047" level="INFO">Text: 'Sauce Labs Fleece Jacket'</msg>
<msg time="2025-11-04T02:42:15.741070" level="INFO">${item_name} = Sauce Labs Fleece Jacket</msg>
<var>${item_name}</var>
<arg>${item} &gt;&gt; .inventory_item_name</arg>
<tag>Assertion</tag>
<tag>Getter</tag>
<tag>PageContent</tag>
<doc>Returns text attribute of the element found by ``selector``.</doc>
<status status="PASS" start="2025-11-04T02:42:15.713496" elapsed="0.027574"/>
</kw>
<if>
<branch type="IF" condition="'${item_name}' == '${name}'">
<kw name="Get Text" owner="Browser">
<var>${quantity}</var>
<arg>${item} &gt;&gt; .cart_quantity</arg>
<tag>Assertion</tag>
<tag>Getter</tag>
<tag>PageContent</tag>
<doc>Returns text attribute of the element found by ``selector``.</doc>
<status status="NOT RUN" start="2025-11-04T02:42:15.741846" elapsed="0.000000"/>
</kw>
<kw name="Should Be Equal" owner="BuiltIn">
<arg>first=${quantity}</arg>
<arg>second=${expected_quantity}</arg>
<doc>Fails if the given objects are unequal.</doc>
<status status="NOT RUN" start="2025-11-04T02:42:15.742363" elapsed="0.000000"/>
</kw>
<variable name="${found}">
<var>True</var>
<status status="NOT RUN" start="2025-11-04T02:42:15.742363" elapsed="0.000000"/>
</variable>
<break>
<status status="NOT RUN" start="2025-11-04T02:42:15.742363" elapsed="0.000000"/>
</break>
<status status="NOT RUN" start="2025-11-04T02:42:15.741070" elapsed="0.001293"/>
</branch>
<status status="PASS" start="2025-11-04T02:42:15.741070" elapsed="0.001293"/>
</if>
<var name="${item}">.cart_item &gt;&gt; nth=1</var>
<status status="PASS" start="2025-11-04T02:42:15.713496" elapsed="0.028867"/>
</iter>
<iter>
<kw name="Get Text" owner="Browser">
<msg time="2025-11-04T02:42:15.765759" level="INFO">Text: 'Sauce Labs Bike Light'</msg>
<msg time="2025-11-04T02:42:15.766611" level="INFO">${item_name} = Sauce Labs Bike Light</msg>
<var>${item_name}</var>
<arg>${item} &gt;&gt; .inventory_item_name</arg>
<tag>Assertion</tag>
<tag>Getter</tag>
<tag>PageContent</tag>
<doc>Returns text attribute of the element found by ``selector``.</doc>
<status status="PASS" start="2025-11-04T02:42:15.742363" elapsed="0.024248"/>
</kw>
<if>
<branch type="IF" condition="'${item_name}' == '${name}'">
<kw name="Get Text" owner="Browser">
<msg time="2025-11-04T02:42:15.794904" level="INFO">Text: '1'</msg>
<msg time="2025-11-04T02:42:15.794904" level="INFO">${quantity} = 1</msg>
<var>${quantity}</var>
<arg>${item} &gt;&gt; .cart_quantity</arg>
<tag>Assertion</tag>
<tag>Getter</tag>
<tag>PageContent</tag>
<doc>Returns text attribute of the element found by ``selector``.</doc>
<status status="PASS" start="2025-11-04T02:42:15.766611" elapsed="0.028293"/>
</kw>
<kw name="Should Be Equal" owner="BuiltIn">
<arg>first=${quantity}</arg>
<arg>second=${expected_quantity}</arg>
<doc>Fails if the given objects are unequal.</doc>
<status status="PASS" start="2025-11-04T02:42:15.794904" elapsed="0.000000"/>
</kw>
<variable name="${found}">
<msg time="2025-11-04T02:42:15.794904" level="INFO">${found} = True</msg>
<var>True</var>
<status status="PASS" start="2025-11-04T02:42:15.794904" elapsed="0.000000"/>
</variable>
<break>
<status status="PASS" start="2025-11-04T02:42:15.794904" elapsed="0.000000"/>
</break>
<status status="PASS" start="2025-11-04T02:42:15.766611" elapsed="0.030318"/>
</branch>
<status status="PASS" start="2025-11-04T02:42:15.766611" elapsed="0.030318"/>
</if>
<var name="${item}">.cart_item &gt;&gt; nth=2</var>
<status status="PASS" start="2025-11-04T02:42:15.742363" elapsed="0.054566"/>
</iter>
<var>${item}</var>
<value>@{items_in_cart}</value>
<status status="PASS" start="2025-11-04T02:42:15.685628" elapsed="0.111301"/>
</for>
<if>
<branch type="IF" condition="not ${found}">
<kw name="Fail" owner="BuiltIn">
<arg>Item '${name}' is not in the cart</arg>
<doc>Fails the test with the given message and optionally alters its tags.</doc>
<status status="NOT RUN" start="2025-11-04T02:42:15.797952" elapsed="0.000000"/>
</kw>
<status status="NOT RUN" start="2025-11-04T02:42:15.796929" elapsed="0.001023"/>
</branch>
<status status="PASS" start="2025-11-04T02:42:15.796929" elapsed="0.001023"/>
</if>
<arg>name=${name}</arg>
<arg>expected_quantity=1</arg>
<status status="PASS" start="2025-11-04T02:42:15.671373" elapsed="0.126579"/>
</kw>
<var name="${index}">0</var>
<status status="PASS" start="2025-11-04T02:42:15.671373" elapsed="0.126579"/>
</iter>
<var>${index}</var>
<value>@{index_list}</value>
<status status="PASS" start="2025-11-04T02:42:15.463610" elapsed="0.334867"/>
</for>
<arg>@{index_list}</arg>
<status status="PASS" start="2025-11-04T02:42:15.461561" elapsed="0.336916"/>
</kw>
<kw name="Navigate To Checkout" owner="cart">
<kw name="Click Element By Test Id" owner="generic">
<kw name="Click" owner="Browser">
<msg time="2025-11-04T02:42:15.800501" level="INFO">Clicks the element '[data-test="checkout"]'.</msg>
<arg>[${TEST_ID_ATTRIBUTE}="${test_id}"]</arg>
<tag>PageContent</tag>
<tag>Setter</tag>
<doc>Simulates mouse click on the element found by ``selector``.</doc>
<status status="PASS" start="2025-11-04T02:42:15.799976" elapsed="0.109885"/>
</kw>
<arg>test_id=${CHECKOUT_BTN_TEST_ID}</arg>
<status status="PASS" start="2025-11-04T02:42:15.798477" elapsed="0.112389"/>
</kw>
<status status="PASS" start="2025-11-04T02:42:15.798477" elapsed="0.112389"/>
</kw>
<kw name="Fill In Customer Information" owner="checkout">
<kw name="Fill Text By Test Id" owner="generic">
<kw name="Fill Text" owner="Browser">
<msg time="2025-11-04T02:42:15.923866" level="INFO">Fills the text 'Jordy' in the given field.</msg>
<arg>selector=[${TEST_ID_ATTRIBUTE}="${test_id}"]</arg>
<arg>txt=${text}</arg>
<tag>PageContent</tag>
<tag>Setter</tag>
<doc>Clears and fills the given ``txt`` into the text field found by ``selector``.</doc>
<status status="PASS" start="2025-11-04T02:42:15.916865" elapsed="0.050497"/>
</kw>
<arg>text=${first_name}</arg>
<arg>test_id=${FIRSTNAME_INP_TEST_ID}</arg>
<status status="PASS" start="2025-11-04T02:42:15.912867" elapsed="0.056511"/>
</kw>
<kw name="Fill Text By Test Id" owner="generic">
<kw name="Fill Text" owner="Browser">
<msg time="2025-11-04T02:42:15.975498" level="INFO">Fills the text 'Cramer' in the given field.</msg>
<arg>selector=[${TEST_ID_ATTRIBUTE}="${test_id}"]</arg>
<arg>txt=${text}</arg>
<tag>PageContent</tag>
<tag>Setter</tag>
<doc>Clears and fills the given ``txt`` into the text field found by ``selector``.</doc>
<status status="PASS" start="2025-11-04T02:42:15.972435" elapsed="0.078511"/>
</kw>
<arg>text=${last_name}</arg>
<arg>test_id=${LASTNAME_INP_TEST_ID}</arg>
<status status="PASS" start="2025-11-04T02:42:15.970418" elapsed="0.080528"/>
</kw>
<kw name="Fill Text By Test Id" owner="generic">
<kw name="Fill Text" owner="Browser">
<msg time="2025-11-04T02:42:16.054484" level="INFO">Fills the text '1704AE' in the given field.</msg>
<arg>selector=[${TEST_ID_ATTRIBUTE}="${test_id}"]</arg>
<arg>txt=${text}</arg>
<tag>PageContent</tag>
<tag>Setter</tag>
<doc>Clears and fills the given ``txt`` into the text field found by ``selector``.</doc>
<status status="PASS" start="2025-11-04T02:42:16.052969" elapsed="0.045675"/>
</kw>
<arg>text=${postal_code}</arg>
<arg>test_id=${POSTALCODE_INP_TEST_ID}</arg>
<status status="PASS" start="2025-11-04T02:42:16.050946" elapsed="0.049378"/>
</kw>
<arg>first_name=Jordy</arg>
<arg>last_name=Cramer</arg>
<arg>postal_code=1704AE</arg>
<status status="PASS" start="2025-11-04T02:42:15.911867" elapsed="0.188794"/>
</kw>
<kw name="Continue To Checkout Overview" owner="checkout">
<kw name="Click Element By Test Id" owner="generic">
<kw name="Click" owner="Browser">
<msg time="2025-11-04T02:42:16.103718" level="INFO">Clicks the element '[data-test="continue"]'.</msg>
<arg>[${TEST_ID_ATTRIBUTE}="${test_id}"]</arg>
<tag>PageContent</tag>
<tag>Setter</tag>
<doc>Simulates mouse click on the element found by ``selector``.</doc>
<status status="PASS" start="2025-11-04T02:42:16.101700" elapsed="0.107886"/>
</kw>
<arg>test_id=${CONTINUE_BTN_TEST_ID}</arg>
<status status="PASS" start="2025-11-04T02:42:16.101700" elapsed="0.107886"/>
</kw>
<status status="PASS" start="2025-11-04T02:42:16.101179" elapsed="0.108407"/>
</kw>
<kw name="Verify Total Price" owner="checkout">
<variable name="${subtotal}">
<msg time="2025-11-04T02:42:16.211343" level="INFO">${subtotal} = 0</msg>
<var>0</var>
<status status="PASS" start="2025-11-04T02:42:16.211343" elapsed="0.000000"/>
</variable>
<kw name="Load Json From File" owner="JSONLibrary">
<msg time="2025-11-04T02:42:16.212676" level="INFO">${products} = [{'name': 'Sauce Labs Bike Light', 'price': 9.99, 'id': 0, 'add_to_cart_id': 'add-to-cart-sauce-labs-bike-light'}, {'name': 'Sauce Labs Bolt T-Shirt', 'price': 15.99, 'id': 1, 'add_to_cart_id': 'add-t...</msg>
<var>${products}</var>
<arg>file_name=${PRODUCTS_FILE}</arg>
<doc>Load JSON from file.</doc>
<status status="PASS" start="2025-11-04T02:42:16.212241" elapsed="0.000435"/>
</kw>
<for flavor="IN">
<iter>
<kw name="Get From List" owner="Collections">
<msg time="2025-11-04T02:42:16.213817" level="INFO">${item} = {'name': 'Sauce Labs Bolt T-Shirt', 'price': 15.99, 'id': 1, 'add_to_cart_id': 'add-to-cart-sauce-labs-bolt-t-shirt'}</msg>
<var>${item}</var>
<arg>${products}</arg>
<arg>${index}</arg>
<doc>Returns the value specified with an ``index`` from ``list``.</doc>
<status status="PASS" start="2025-11-04T02:42:16.213243" elapsed="0.000574"/>
</kw>
<kw name="Get From Dictionary" owner="Collections">
<msg time="2025-11-04T02:42:16.214761" level="INFO">${price} = 15.99</msg>
<var>${price}</var>
<arg>${item}</arg>
<arg>price</arg>
<doc>Returns a value from the given ``dictionary`` based on the given ``key``.</doc>
<status status="PASS" start="2025-11-04T02:42:16.214377" elapsed="0.000384"/>
</kw>
<kw name="Evaluate" owner="BuiltIn">
<msg time="2025-11-04T02:42:16.215516" level="INFO">${subtotal} = 15.99</msg>
<var>${subtotal}</var>
<arg>${subtotal} + ${price}</arg>
<doc>Evaluates the given expression in Python and returns the result.</doc>
<status status="PASS" start="2025-11-04T02:42:16.214761" elapsed="0.000755"/>
</kw>
<var name="${index}">1</var>
<status status="PASS" start="2025-11-04T02:42:16.213243" elapsed="0.002273"/>
</iter>
<iter>
<kw name="Get From List" owner="Collections">
<msg time="2025-11-04T02:42:16.216662" level="INFO">${item} = {'name': 'Sauce Labs Fleece Jacket', 'price': 49.99, 'id': 5, 'add_to_cart_id': 'add-to-cart-sauce-labs-fleece-jacket'}</msg>
<var>${item}</var>
<arg>${products}</arg>
<arg>${index}</arg>
<doc>Returns the value specified with an ``index`` from ``list``.</doc>
<status status="PASS" start="2025-11-04T02:42:16.216083" elapsed="0.000579"/>
</kw>
<kw name="Get From Dictionary" owner="Collections">
<msg time="2025-11-04T02:42:16.217224" level="INFO">${price} = 49.99</msg>
<var>${price}</var>
<arg>${item}</arg>
<arg>price</arg>
<doc>Returns a value from the given ``dictionary`` based on the given ``key``.</doc>
<status status="PASS" start="2025-11-04T02:42:16.216662" elapsed="0.000562"/>
</kw>
<kw name="Evaluate" owner="BuiltIn">
<msg time="2025-11-04T02:42:16.217862" level="INFO">${subtotal} = 65.98</msg>
<var>${subtotal}</var>
<arg>${subtotal} + ${price}</arg>
<doc>Evaluates the given expression in Python and returns the result.</doc>
<status status="PASS" start="2025-11-04T02:42:16.217224" elapsed="0.000638"/>
</kw>
<var name="${index}">5</var>
<status status="PASS" start="2025-11-04T02:42:16.215516" elapsed="0.002346"/>
</iter>
<iter>
<kw name="Get From List" owner="Collections">
<msg time="2025-11-04T02:42:16.218297" level="INFO">${item} = {'name': 'Sauce Labs Bike Light', 'price': 9.99, 'id': 0, 'add_to_cart_id': 'add-to-cart-sauce-labs-bike-light'}</msg>
<var>${item}</var>
<arg>${products}</arg>
<arg>${index}</arg>
<doc>Returns the value specified with an ``index`` from ``list``.</doc>
<status status="PASS" start="2025-11-04T02:42:16.218297" elapsed="0.000706"/>
</kw>
<kw name="Get From Dictionary" owner="Collections">
<msg time="2025-11-04T02:42:16.219003" level="INFO">${price} = 9.99</msg>
<var>${price}</var>
<arg>${item}</arg>
<arg>price</arg>
<doc>Returns a value from the given ``dictionary`` based on the given ``key``.</doc>
<status status="PASS" start="2025-11-04T02:42:16.219003" elapsed="0.000000"/>
</kw>
<kw name="Evaluate" owner="BuiltIn">
<msg time="2025-11-04T02:42:16.219003" level="INFO">${subtotal} = 75.97</msg>
<var>${subtotal}</var>
<arg>${subtotal} + ${price}</arg>
<doc>Evaluates the given expression in Python and returns the result.</doc>
<status status="PASS" start="2025-11-04T02:42:16.219003" elapsed="0.000000"/>
</kw>
<var name="${index}">0</var>
<status status="PASS" start="2025-11-04T02:42:16.218297" elapsed="0.000706"/>
</iter>
<var>${index}</var>
<value>@{index_list}</value>
<status status="PASS" start="2025-11-04T02:42:16.212676" elapsed="0.006327"/>
</for>
<kw name="_Verify Subtotal" owner="checkout">
<kw name="Get Text By Test Id" owner="generic">
<kw name="Get Text" owner="Browser">
<msg time="2025-11-04T02:42:16.246400" level="INFO">Text: 'Item total: $75.97'</msg>
<msg time="2025-11-04T02:42:16.246400" level="INFO">${text} = Item total: $75.97</msg>
<var>${text}</var>
<arg>selector=[${TEST_ID_ATTRIBUTE}="${test_id}"]</arg>
<tag>Assertion</tag>
<tag>Getter</tag>
<tag>PageContent</tag>
<doc>Returns text attribute of the element found by ``selector``.</doc>
<status status="PASS" start="2025-11-04T02:42:16.221050" elapsed="0.025350"/>
</kw>
<return>
<value>${text}</value>
<status status="PASS" start="2025-11-04T02:42:16.246400" elapsed="0.000000"/>
</return>
<msg time="2025-11-04T02:42:16.247423" level="INFO">${subtotal_string} = Item total: $75.97</msg>
<var>${subtotal_string}</var>
<arg>test_id=${SUBOTAL_TEST_ID}</arg>
<status status="PASS" start="2025-11-04T02:42:16.220320" elapsed="0.027103"/>
</kw>
<kw name="Fetch From Right" owner="String">
<msg time="2025-11-04T02:42:16.247423" level="INFO">${subtotal_price} = 75.97</msg>
<var>${subtotal_price}</var>
<arg>string=${subtotal_string}</arg>
<arg>marker=$</arg>
<doc>Returns contents of the ``string`` after the last occurrence of ``marker``.</doc>
<status status="PASS" start="2025-11-04T02:42:16.247423" elapsed="0.000000"/>
</kw>
<kw name="Evaluate" owner="BuiltIn">
<msg time="2025-11-04T02:42:16.247423" level="INFO">${subtotal_price_f} = 75.97</msg>
<var>${subtotal_price_f}</var>
<arg>float(${subtotal_price})</arg>
<doc>Evaluates the given expression in Python and returns the result.</doc>
<status status="PASS" start="2025-11-04T02:42:16.247423" elapsed="0.000000"/>
</kw>
<kw name="Should Be Equal" owner="BuiltIn">
<arg>first=${subtotal}</arg>
<arg>second=${subtotal_price_f}</arg>
<doc>Fails if the given objects are unequal.</doc>
<status status="PASS" start="2025-11-04T02:42:16.247423" elapsed="0.002037"/>
</kw>
<arg>subtotal=${subtotal}</arg>
<status status="PASS" start="2025-11-04T02:42:16.220320" elapsed="0.029140"/>
</kw>
<kw name="_Get Total Price From Page" owner="checkout">
<kw name="Get Text By Test Id" owner="generic">
<kw name="Get Text" owner="Browser">
<msg time="2025-11-04T02:42:16.277516" level="INFO">Text: 'Total: $82.05'</msg>
<msg time="2025-11-04T02:42:16.278041" level="INFO">${text} = Total: $82.05</msg>
<var>${text}</var>
<arg>selector=[${TEST_ID_ATTRIBUTE}="${test_id}"]</arg>
<tag>Assertion</tag>
<tag>Getter</tag>
<tag>PageContent</tag>
<doc>Returns text attribute of the element found by ``selector``.</doc>
<status status="PASS" start="2025-11-04T02:42:16.249460" elapsed="0.028581"/>
</kw>
<return>
<value>${text}</value>
<status status="PASS" start="2025-11-04T02:42:16.278041" elapsed="0.000521"/>
</return>
<msg time="2025-11-04T02:42:16.278562" level="INFO">${total_string} = Total: $82.05</msg>
<var>${total_string}</var>
<arg>test_id=${TOTAL_TEST_ID}</arg>
<status status="PASS" start="2025-11-04T02:42:16.249460" elapsed="0.029102"/>
</kw>
<kw name="Fetch From Right" owner="String">
<msg time="2025-11-04T02:42:16.278562" level="INFO">${total_price} = 82.05</msg>
<var>${total_price}</var>
<arg>string=${total_string}</arg>
<arg>marker=$</arg>
<doc>Returns contents of the ``string`` after the last occurrence of ``marker``.</doc>
<status status="PASS" start="2025-11-04T02:42:16.278562" elapsed="0.000000"/>
</kw>
<kw name="Evaluate" owner="BuiltIn">
<msg time="2025-11-04T02:42:16.278562" level="INFO">${total_price_f} = 82.05</msg>
<var>${total_price_f}</var>
<arg>float(${total_price})</arg>
<doc>Evaluates the given expression in Python and returns the result.</doc>
<status status="PASS" start="2025-11-04T02:42:16.278562" elapsed="0.000000"/>
</kw>
<return>
<value>${total_price_f}</value>
<status status="PASS" start="2025-11-04T02:42:16.278562" elapsed="0.000000"/>
</return>
<msg time="2025-11-04T02:42:16.280160" level="INFO">${total_price_f} = 82.05</msg>
<var>${total_price_f}</var>
<status status="PASS" start="2025-11-04T02:42:16.249460" elapsed="0.030700"/>
</kw>
<kw name="_Calculate Total Price" owner="checkout">
<kw name="Evaluate" owner="BuiltIn">
<msg time="2025-11-04T02:42:16.280588" level="INFO">${tax} = 6.08</msg>
<var>${tax}</var>
<arg>round(${subtotal} * ${TAX_AMOUNT},2)</arg>
<doc>Evaluates the given expression in Python and returns the result.</doc>
<status status="PASS" start="2025-11-04T02:42:16.280588" elapsed="0.000000"/>
</kw>
<kw name="Evaluate" owner="BuiltIn">
<msg time="2025-11-04T02:42:16.280588" level="INFO">${total} = 82.05</msg>
<var>${total}</var>
<arg>${subtotal} + ${tax}</arg>
<doc>Evaluates the given expression in Python and returns the result.</doc>
<status status="PASS" start="2025-11-04T02:42:16.280588" elapsed="0.000000"/>
</kw>
<return>
<value>${total}</value>
<status status="PASS" start="2025-11-04T02:42:16.282183" elapsed="0.000000"/>
</return>
<msg time="2025-11-04T02:42:16.282610" level="INFO">${total_price_calc} = 82.05</msg>
<var>${total_price_calc}</var>
<arg>subtotal=${subtotal}</arg>
<status status="PASS" start="2025-11-04T02:42:16.280160" elapsed="0.002450"/>
</kw>
<kw name="Should Be Equal" owner="BuiltIn">
<arg>first=${total_price_f}</arg>
<arg>second=${total_price_calc}</arg>
<doc>Fails if the given objects are unequal.</doc>
<status status="PASS" start="2025-11-04T02:42:16.283136" elapsed="0.000000"/>
</kw>
<arg>@{index_list}</arg>
<status status="PASS" start="2025-11-04T02:42:16.210221" elapsed="0.073432"/>
</kw>
<kw name="Finish The Checkout" owner="checkout">
<kw name="Click Element By Test Id" owner="generic">
<kw name="Click" owner="Browser">
<msg time="2025-11-04T02:42:16.285672" level="INFO">Clicks the element '[data-test="finish"]'.</msg>
<arg>[${TEST_ID_ATTRIBUTE}="${test_id}"]</arg>
<tag>PageContent</tag>
<tag>Setter</tag>
<doc>Simulates mouse click on the element found by ``selector``.</doc>
<status status="PASS" start="2025-11-04T02:42:16.283653" elapsed="0.065360"/>
</kw>
<arg>test_id=${FINISH_BTN_TEST_ID}</arg>
<status status="PASS" start="2025-11-04T02:42:16.283653" elapsed="0.065838"/>
</kw>
<status status="PASS" start="2025-11-04T02:42:16.283653" elapsed="0.065838"/>
</kw>
<kw name="Verify Succesful Order" owner="checkout">
<kw name="Wait For Elements State" owner="Browser">
<msg time="2025-11-04T02:42:16.369769" level="INFO">Waited for Element with selector text=Thank you for your order! at state visible</msg>
<arg>text=Thank you for your order!</arg>
<arg>visible</arg>
<tag>PageContent</tag>
<tag>Wait</tag>
<doc>Waits for the element found by ``selector`` to satisfy state option.</doc>
<status status="PASS" start="2025-11-04T02:42:16.352019" elapsed="0.017750"/>
</kw>
<status status="PASS" start="2025-11-04T02:42:16.349491" elapsed="0.020278"/>
</kw>
<kw name="Run Keywords" owner="BuiltIn" type="TEARDOWN">
<kw name="Delete All Cookies" owner="Browser">
<msg time="2025-11-04T02:42:16.377355" level="INFO">All cookies deleted.</msg>
<tag>BrowserControl</tag>
<tag>Setter</tag>
<doc>Deletes all cookies from the currently active browser context.</doc>
<status status="PASS" start="2025-11-04T02:42:16.369769" elapsed="0.008110"/>
</kw>
<kw name="Close Browser" owner="Browser">
<msg time="2025-11-04T02:42:19.423783" level="INFO">Closed browser</msg>
<tag>BrowserControl</tag>
<tag>Setter</tag>
<doc>Closes the current browser.</doc>
<status status="PASS" start="2025-11-04T02:42:16.377879" elapsed="3.045904"/>
</kw>
<arg>Delete All Cookies</arg>
<arg>Close Browser</arg>
<doc>Executes all the given keywords in a sequence.</doc>
<status status="PASS" start="2025-11-04T02:42:16.369769" elapsed="3.054793"/>
</kw>
<doc>Generate two random numbers to pick two random items from the product page and calculate the price</doc>
<status status="PASS" start="2025-11-04T02:42:05.905401" elapsed="13.519161"/>
</test>
<doc>This file contains the first test case to code for the spriteCloud automation challenge: Write a full checkout that contains, at least, two items. Validate the final price.</doc>
<status status="PASS" start="2025-11-04T02:42:05.742633" elapsed="13.684501"/>
</suite>
<doc>This init file will be run before every single file within the same folder. This allows some repetitive task to be just written once.</doc>
<status status="PASS" start="2025-11-04T02:42:05.425870" elapsed="14.003978"/>
</suite>
<status status="PASS" start="2025-11-04T02:42:05.404598" elapsed="14.030234"/>
</suite>
<statistics>
<total>
<stat pass="1" fail="0" skip="0">All Tests</stat>
</total>
<tag>
</tag>
<suite>
<stat name="Testsuites" id="s1" pass="1" fail="0" skip="0">Testsuites</stat>
<stat name="Saucedemo" id="s1-s1" pass="1" fail="0" skip="0">Testsuites.Saucedemo</stat>
<stat name="01-Checkout" id="s1-s1-s1" pass="1" fail="0" skip="0">Testsuites.Saucedemo.01-Checkout</stat>
</suite>
</statistics>
<errors>
</errors>
</robot>
