<?xml version="1.0" encoding="UTF-8"?>
<robot generator="Robot 7.3 (Python 3.12.10 on win32)" generated="2025-06-08T02:54:44.893906" rpa="false" schemaversion="5">
<suite id="s1" name="Testsuites" source="C:\a\spriteCloud\spriteCloud\testsuites">
<suite id="s1-s1" name="Reqres" source="C:\a\spriteCloud\spriteCloud\testsuites\reqres">
<suite id="s1-s1-s1" name="02-Login" source="C:\a\spriteCloud\spriteCloud\testsuites\reqres\02-login.robot">
<test id="s1-s1-s1-t1" name="TC2 - Perform A Successful Login" line="7">
<kw name="Login With Credentials" owner="login">
<kw name="Create Session" owner="RequestsLibrary">
<msg time="2025-06-08T02:54:45.540858" level="INFO">Creating Session using : alias=reqres, url=https://reqres.in/api, headers={'x-api-key': 'reqres-free-v1'},                     cookies={}, auth=None, timeout=None, proxies=None, verify=False,                     debug=0 </msg>
<arg>alias=reqres</arg>
<arg>url=${REQRES_BASE_URL}</arg>
<arg>headers=${HEADERS}</arg>
<doc>Create Session: create a HTTP session to a server</doc>
<status status="PASS" start="2025-06-08T02:54:45.540273" elapsed="0.001167"/>
</kw>
<variable name="&amp;{params}">
<msg time="2025-06-08T02:54:45.541963" level="INFO">&amp;{params} = { email=eve.holt@reqres.in | password=cityslicka }</msg>
<var>email=${email}</var>
<var>password=${password}</var>
<status status="PASS" start="2025-06-08T02:54:45.541440" elapsed="0.000523"/>
</variable>
<if>
<branch type="IF" condition="$password == ''">
<kw name="POST On Session" owner="RequestsLibrary">
<var>${response}</var>
<arg>alias=reqres</arg>
<arg>url=/login</arg>
<arg>data=${params}</arg>
<arg>expected_status=400</arg>
<doc>Sends a POST request on a previously created HTTP Session.</doc>
<status status="NOT RUN" start="2025-06-08T02:54:45.542575" elapsed="0.000000"/>
</kw>
<status status="NOT RUN" start="2025-06-08T02:54:45.542469" elapsed="0.000638"/>
</branch>
<branch type="ELSE">
<kw name="POST On Session" owner="RequestsLibrary">
<msg time="2025-06-08T02:54:46.073486" level="INFO">POST Request : url=https://reqres.in/api/login 
 path_url=/api/login 
 headers={'User-Agent': 'python-requests/2.32.3', 'Accept-Encoding': 'gzip, deflate', 'Accept': '*/*', 'Connection': 'keep-alive', 'x-api-key': 'reqres-free-v1', 'Content-Length': '46', 'Content-Type': 'application/x-www-form-urlencoded'} 
 body=email=eve.holt%40reqres.in&amp;password=cityslicka 
 </msg>
<msg time="2025-06-08T02:54:46.073486" level="INFO">POST Response : url=https://reqres.in/api/login 
 status=200, reason=OK 
 headers={'Date': 'Sun, 08 Jun 2025 02:54:46 GMT', 'Content-Type': 'application/json; charset=utf-8', 'Content-Length': '29', 'Connection': 'keep-alive', 'Cf-Ray': '94c51b40ff6f5ceb-IAD', 'Report-To': '{"group":"heroku-nel","max_age":3600,"endpoints":[{"url":"https://nel.heroku.com/reports?ts=1749351286&amp;sid=c4c9725f-1ab0-44d8-820f-430df2718e11&amp;s=4Fu4jFkVuqnhcHaRY6sIy7F3zu74xsMD84sv%2B96LtFo%3D"}]}', 'Reporting-Endpoints': 'heroku-nel=https://nel.heroku.com/reports?ts=1749351286&amp;sid=c4c9725f-1ab0-44d8-820f-430df2718e11&amp;s=4Fu4jFkVuqnhcHaRY6sIy7F3zu74xsMD84sv%2B96LtFo%3D', 'Nel': '{"report_to":"heroku-nel","max_age":3600,"success_fraction":0.005,"failure_fraction":0.05,"response_headers":["Via"]}', 'X-Powered-By': 'Express', 'Access-Control-Allow-Origin': '*', 'Ratelimit-Policy': '100;w=60', 'Ratelimit-Limit': '100', 'Ratelimit-Remaining': '98', 'Ratelimit-Reset': '60', 'Etag': 'W/"1d-lGCrvD6B7Qzk11+2C98+nGhhuec"', 'Via': '1.1 vegur', 'Cf-Cache-Status': 'DYNAMIC', 'Server': 'cloudflare', 'server-timing': 'cfL4;desc="?proto=TCP&amp;rtt=5143&amp;min_rtt=5110&amp;rtt_var=1940&amp;sent=4&amp;recv=7&amp;lost=0&amp;retrans=0&amp;sent_bytes=2833&amp;recv_bytes=933&amp;delivery_rate=563600&amp;cwnd=251&amp;unsent_bytes=0&amp;cid=95f81bdf442ed08f&amp;ts=252&amp;x=0"'} 
 body={"token":"QpwL5tke4Pnpja7X4"} 
 </msg>
<msg time="2025-06-08T02:54:46.073486" level="INFO">C:\hostedtoolcache\windows\Python\3.12.10\x64\Lib\site-packages\urllib3\connectionpool.py:1097: InsecureRequestWarning: Unverified HTTPS request is being made to host 'reqres.in'. Adding certificate verification is strongly advised. See: https://urllib3.readthedocs.io/en/latest/advanced-usage.html#tls-warnings
  warnings.warn(</msg>
<msg time="2025-06-08T02:54:46.074081" level="INFO">${response} = &lt;Response [200]&gt;</msg>
<var>${response}</var>
<arg>alias=reqres</arg>
<arg>url=/login</arg>
<arg>data=${params}</arg>
<doc>Sends a POST request on a previously created HTTP Session.</doc>
<status status="PASS" start="2025-06-08T02:54:45.543107" elapsed="0.530974"/>
</kw>
<status status="PASS" start="2025-06-08T02:54:45.543107" elapsed="0.530974"/>
</branch>
<status status="PASS" start="2025-06-08T02:54:45.541963" elapsed="0.532118"/>
</if>
<return>
<value>${response}</value>
<status status="PASS" start="2025-06-08T02:54:46.074081" elapsed="0.000000"/>
</return>
<msg time="2025-06-08T02:54:46.074753" level="INFO">${response} = &lt;Response [200]&gt;</msg>
<var>${response}</var>
<arg>email=${EMAIL_API}</arg>
<arg>password=${PASSWORD_API}</arg>
<status status="PASS" start="2025-06-08T02:54:45.539693" elapsed="0.535060"/>
</kw>
<kw name="Validate Response Status" owner="generic">
<kw name="Status Should Be" owner="RequestsLibrary">
<arg>expected_status=${status}</arg>
<arg>response=${response}</arg>
<doc>Fails if response status code is different than the expected.</doc>
<status status="PASS" start="2025-06-08T02:54:46.075353" elapsed="0.000601"/>
</kw>
<arg>response=${response}</arg>
<arg>status=200</arg>
<status status="PASS" start="2025-06-08T02:54:46.074753" elapsed="0.001201"/>
</kw>
<kw name="Validate Successful Login Against Schema" owner="login">
<kw name="Validate Json By Schema File" owner="JSONLibrary">
<arg>json_object=${response.json()}</arg>
<arg>path_to_schema=${LOGIN_SUCCESS_SCHEMA_LOC}</arg>
<doc>Validate json object by json schema file.
Arguments:
    - json_object: json as a dictionary object.
    - json_path: path to file with json schema</doc>
<status status="PASS" start="2025-06-08T02:54:46.076554" elapsed="0.002354"/>
</kw>
<arg>response=${response}</arg>
<status status="PASS" start="2025-06-08T02:54:46.075954" elapsed="0.002954"/>
</kw>
<kw name="Validate Response Time" owner="generic">
<kw name="Evaluate" owner="BuiltIn">
<msg time="2025-06-08T02:54:46.081342" level="INFO">${time_float} = 1.0</msg>
<var>${time_float}</var>
<arg>float(${time})</arg>
<doc>Evaluates the given expression in Python and returns the result.</doc>
<status status="PASS" start="2025-06-08T02:54:46.078908" elapsed="0.002434"/>
</kw>
<kw name="Evaluate" owner="BuiltIn">
<msg time="2025-06-08T02:54:46.083051" level="INFO">${response_time} = 0.527454</msg>
<var>${response_time}</var>
<arg>float(${response.elapsed.total_seconds()})</arg>
<doc>Evaluates the given expression in Python and returns the result.</doc>
<status status="PASS" start="2025-06-08T02:54:46.081913" elapsed="0.001138"/>
</kw>
<kw name="Should Be True" owner="BuiltIn">
<arg>${response_time} &lt; ${time_float}</arg>
<doc>Fails if the given condition is not true.</doc>
<status status="PASS" start="2025-06-08T02:54:46.083051" elapsed="0.000564"/>
</kw>
<arg>response=${response}</arg>
<arg>time=${MAX_RESPONSE_TIME}</arg>
<status status="PASS" start="2025-06-08T02:54:46.078908" elapsed="0.005279"/>
</kw>
<doc>Perform a login request with a known combination of e-mail/password. Validate afterwards.</doc>
<status status="PASS" start="2025-06-08T02:54:45.527121" elapsed="0.557066"/>
</test>
<test id="s1-s1-s1-t2" name="TC5-2 - Login Without Password" line="14">
<kw name="Login With Credentials" owner="login">
<kw name="Create Session" owner="RequestsLibrary">
<msg time="2025-06-08T02:54:46.087568" level="INFO">Creating Session using : alias=reqres, url=https://reqres.in/api, headers={'x-api-key': 'reqres-free-v1'},                     cookies={}, auth=None, timeout=None, proxies=None, verify=False,                     debug=0 </msg>
<arg>alias=reqres</arg>
<arg>url=${REQRES_BASE_URL}</arg>
<arg>headers=${HEADERS}</arg>
<doc>Create Session: create a HTTP session to a server</doc>
<status status="PASS" start="2025-06-08T02:54:46.087009" elapsed="0.001076"/>
</kw>
<variable name="&amp;{params}">
<msg time="2025-06-08T02:54:46.088728" level="INFO">&amp;{params} = { email=eve.holt@reqres.in | password= }</msg>
<var>email=${email}</var>
<var>password=${password}</var>
<status status="PASS" start="2025-06-08T02:54:46.088127" elapsed="0.000601"/>
</variable>
<if>
<branch type="IF" condition="$password == ''">
<kw name="POST On Session" owner="RequestsLibrary">
<msg time="2025-06-08T02:54:46.500940" level="INFO">POST Request : url=https://reqres.in/api/login 
 path_url=/api/login 
 headers={'User-Agent': 'python-requests/2.32.3', 'Accept-Encoding': 'gzip, deflate', 'Accept': '*/*', 'Connection': 'keep-alive', 'x-api-key': 'reqres-free-v1', 'Content-Length': '36', 'Content-Type': 'application/x-www-form-urlencoded'} 
 body=email=eve.holt%40reqres.in&amp;password= 
 </msg>
<msg time="2025-06-08T02:54:46.500940" level="INFO">POST Response : url=https://reqres.in/api/login 
 status=400, reason=Bad Request 
 headers={'Date': 'Sun, 08 Jun 2025 02:54:46 GMT', 'Content-Type': 'application/json; charset=utf-8', 'Content-Length': '28', 'Connection': 'keep-alive', 'Cf-Ray': '94c51b4399e27fd5-IAD', 'Report-To': '{"group":"heroku-nel","max_age":3600,"endpoints":[{"url":"https://nel.heroku.com/reports?ts=1749351286&amp;sid=c4c9725f-1ab0-44d8-820f-430df2718e11&amp;s=4Fu4jFkVuqnhcHaRY6sIy7F3zu74xsMD84sv%2B96LtFo%3D"}]}', 'Reporting-Endpoints': 'heroku-nel=https://nel.heroku.com/reports?ts=1749351286&amp;sid=c4c9725f-1ab0-44d8-820f-430df2718e11&amp;s=4Fu4jFkVuqnhcHaRY6sIy7F3zu74xsMD84sv%2B96LtFo%3D', 'Nel': '{"report_to":"heroku-nel","max_age":3600,"success_fraction":0.005,"failure_fraction":0.05,"response_headers":["Via"]}', 'X-Powered-By': 'Express', 'Access-Control-Allow-Origin': '*', 'Ratelimit-Policy': '100;w=60', 'Ratelimit-Limit': '100', 'Ratelimit-Remaining': '92', 'Ratelimit-Reset': '60', 'Etag': 'W/"1c-NmpazMScs9tOqR7eDEesn+pqC9Q"', 'Via': '1.1 vegur', 'Cf-Cache-Status': 'DYNAMIC', 'Server': 'cloudflare', 'server-timing': 'cfL4;desc="?proto=TCP&amp;rtt=5405&amp;min_rtt=5226&amp;rtt_var=2088&amp;sent=4&amp;recv=7&amp;lost=0&amp;retrans=0&amp;sent_bytes=2834&amp;recv_bytes=923&amp;delivery_rate=551090&amp;cwnd=152&amp;unsent_bytes=0&amp;cid=4cf27a25cd5b3b1c&amp;ts=173&amp;x=0"'} 
 body={"error":"Missing password"} 
 </msg>
<msg time="2025-06-08T02:54:46.500940" level="INFO">C:\hostedtoolcache\windows\Python\3.12.10\x64\Lib\site-packages\urllib3\connectionpool.py:1097: InsecureRequestWarning: Unverified HTTPS request is being made to host 'reqres.in'. Adding certificate verification is strongly advised. See: https://urllib3.readthedocs.io/en/latest/advanced-usage.html#tls-warnings
  warnings.warn(</msg>
<msg time="2025-06-08T02:54:46.509580" level="INFO">${response} = &lt;Response [400]&gt;</msg>
<var>${response}</var>
<arg>alias=reqres</arg>
<arg>url=/login</arg>
<arg>data=${params}</arg>
<arg>expected_status=400</arg>
<doc>Sends a POST request on a previously created HTTP Session.</doc>
<status status="PASS" start="2025-06-08T02:54:46.089325" elapsed="0.420255"/>
</kw>
<status status="PASS" start="2025-06-08T02:54:46.088728" elapsed="0.420852"/>
</branch>
<branch type="ELSE">
<kw name="POST On Session" owner="RequestsLibrary">
<var>${response}</var>
<arg>alias=reqres</arg>
<arg>url=/login</arg>
<arg>data=${params}</arg>
<doc>Sends a POST request on a previously created HTTP Session.</doc>
<status status="NOT RUN" start="2025-06-08T02:54:46.510226" elapsed="0.000000"/>
</kw>
<status status="NOT RUN" start="2025-06-08T02:54:46.509580" elapsed="0.000646"/>
</branch>
<status status="PASS" start="2025-06-08T02:54:46.088728" elapsed="0.421498"/>
</if>
<return>
<value>${response}</value>
<status status="PASS" start="2025-06-08T02:54:46.510226" elapsed="0.000669"/>
</return>
<msg time="2025-06-08T02:54:46.510895" level="INFO">${response} = &lt;Response [400]&gt;</msg>
<var>${response}</var>
<arg>email=${EMAIL_API}</arg>
<status status="PASS" start="2025-06-08T02:54:46.085886" elapsed="0.425009"/>
</kw>
<kw name="Validate Unsuccessful Login Against Schema" owner="login">
<kw name="Validate Json By Schema File" owner="JSONLibrary">
<arg>json_object=${response.json()}</arg>
<arg>path_to_schema=${LOGIN_FAILED_SCHEMA_LOC}</arg>
<doc>Validate json object by json schema file.
Arguments:
    - json_object: json as a dictionary object.
    - json_path: path to file with json schema</doc>
<status status="PASS" start="2025-06-08T02:54:46.511647" elapsed="0.002456"/>
</kw>
<arg>response=${response}</arg>
<status status="PASS" start="2025-06-08T02:54:46.510895" elapsed="0.003208"/>
</kw>
<kw name="Validate Response Time" owner="generic">
<kw name="Evaluate" owner="BuiltIn">
<msg time="2025-06-08T02:54:46.514672" level="INFO">${time_float} = 1.0</msg>
<var>${time_float}</var>
<arg>float(${time})</arg>
<doc>Evaluates the given expression in Python and returns the result.</doc>
<status status="PASS" start="2025-06-08T02:54:46.514672" elapsed="0.000000"/>
</kw>
<kw name="Evaluate" owner="BuiltIn">
<msg time="2025-06-08T02:54:46.515812" level="INFO">${response_time} = 0.410739</msg>
<var>${response_time}</var>
<arg>float(${response.elapsed.total_seconds()})</arg>
<doc>Evaluates the given expression in Python and returns the result.</doc>
<status status="PASS" start="2025-06-08T02:54:46.514672" elapsed="0.001140"/>
</kw>
<kw name="Should Be True" owner="BuiltIn">
<arg>${response_time} &lt; ${time_float}</arg>
<doc>Fails if the given condition is not true.</doc>
<status status="PASS" start="2025-06-08T02:54:46.515812" elapsed="0.000000"/>
</kw>
<arg>response=${response}</arg>
<arg>time=${MAX_RESPONSE_TIME}</arg>
<status status="PASS" start="2025-06-08T02:54:46.514103" elapsed="0.001709"/>
</kw>
<doc>Perform a login request with a known email, but no password. Validate afterwards.</doc>
<status status="PASS" start="2025-06-08T02:54:46.084754" elapsed="0.431058"/>
</test>
<doc>Testcases for login operations. Containing the second testcase as listed in the spriteCloud automation assignment.</doc>
<status status="PASS" start="2025-06-08T02:54:44.949525" elapsed="1.567875"/>
</suite>
<status status="PASS" start="2025-06-08T02:54:44.949525" elapsed="1.567875"/>
</suite>
<status status="PASS" start="2025-06-08T02:54:44.921377" elapsed="1.596023"/>
</suite>
<statistics>
<total>
<stat pass="2" fail="0" skip="0">All Tests</stat>
</total>
<tag>
</tag>
<suite>
<stat name="Testsuites" id="s1" pass="2" fail="0" skip="0">Testsuites</stat>
<stat name="Reqres" id="s1-s1" pass="2" fail="0" skip="0">Testsuites.Reqres</stat>
<stat name="02-Login" id="s1-s1-s1" pass="2" fail="0" skip="0">Testsuites.Reqres.02-Login</stat>
</suite>
</statistics>
<errors>
</errors>
</robot>
