<?xml version="1.0" encoding="UTF-8"?>
<robot generator="Robot 7.3.2 (Python 3.12.10 on win32)" generated="2025-11-22T02:26:30.238619" rpa="false" schemaversion="5">
<suite id="s1" name="Testsuites" source="D:\a\spriteCloud\spriteCloud\testsuites">
<suite id="s1-s1" name="Reqres" source="D:\a\spriteCloud\spriteCloud\testsuites\reqres">
<suite id="s1-s1-s1" name="02-Login" source="D:\a\spriteCloud\spriteCloud\testsuites\reqres\02-login.robot">
<test id="s1-s1-s1-t1" name="TC2 - Perform A Successful Login" line="7">
<kw name="Login With Credentials" owner="login">
<kw name="Create Session" owner="RequestsLibrary">
<msg time="2025-11-22T02:26:30.509305" level="INFO">Creating Session using : alias=reqres, url=https://reqres.in/api, headers={'x-api-key': 'reqres-free-v1'},                     cookies={}, auth=None, timeout=None, proxies=None, verify=False,                     debug=0 </msg>
<arg>alias=reqres</arg>
<arg>url=${REQRES_BASE_URL}</arg>
<arg>headers=${HEADERS}</arg>
<doc>Create Session: create a HTTP session to a server</doc>
<status status="PASS" start="2025-11-22T02:26:30.508012" elapsed="0.001293"/>
</kw>
<variable name="&amp;{params}">
<msg time="2025-11-22T02:26:30.510037" level="INFO">&amp;{params} = { email=eve.holt@reqres.in | password=cityslicka }</msg>
<var>email=${email}</var>
<var>password=${password}</var>
<status status="PASS" start="2025-11-22T02:26:30.510037" elapsed="0.000000"/>
</variable>
<if>
<branch type="IF" condition="$password == ''">
<kw name="POST On Session" owner="RequestsLibrary">
<var>${response}</var>
<arg>alias=reqres</arg>
<arg>url=/login</arg>
<arg>data=${params}</arg>
<arg>expected_status=400</arg>
<doc>Sends a POST request on a previously created HTTP Session.</doc>
<status status="NOT RUN" start="2025-11-22T02:26:30.510037" elapsed="0.000000"/>
</kw>
<status status="NOT RUN" start="2025-11-22T02:26:30.510037" elapsed="0.001294"/>
</branch>
<branch type="ELSE">
<kw name="POST On Session" owner="RequestsLibrary">
<msg time="2025-11-22T02:26:31.101366" level="INFO">POST Request : url=https://reqres.in/api/login 
 path_url=/api/login 
 headers={'User-Agent': 'python-requests/2.32.5', 'Accept-Encoding': 'gzip, deflate', 'Accept': '*/*', 'Connection': 'keep-alive', 'x-api-key': 'reqres-free-v1', 'Content-Length': '46', 'Content-Type': 'application/x-www-form-urlencoded'} 
 body=email=eve.holt%40reqres.in&amp;password=cityslicka 
 </msg>
<msg time="2025-11-22T02:26:31.101366" level="INFO">POST Response : url=https://reqres.in/api/login 
 status=200, reason=OK 
 headers={'Date': 'Sat, 22 Nov 2025 02:26:31 GMT', 'Content-Type': 'application/json; charset=utf-8', 'Transfer-Encoding': 'chunked', 'Connection': 'keep-alive', 'Access-Control-Allow-Credentials': 'true', 'Access-Control-Allow-Headers': 'Origin, X-Requested-With, Content-Type, Accept, Authorization, x-api-key', 'Access-Control-Allow-Methods': 'GET, POST, PUT, DELETE, OPTIONS', 'Access-Control-Allow-Origin': 'http://localhost:5173', 'Etag': 'W/"1d-lGCrvD6B7Qzk11+2C98+nGhhuec"', 'Nel': '{"report_to":"heroku-nel","response_headers":["Via"],"max_age":3600,"success_fraction":0.01,"failure_fraction":0.1}', 'Ratelimit-Limit': '100', 'Ratelimit-Policy': '100;w=60', 'Ratelimit-Remaining': '98', 'Ratelimit-Reset': '60', 'Referrer-Policy': 'strict-origin-when-cross-origin', 'Report-To': '{"group":"heroku-nel","endpoints":[{"url":"https://nel.heroku.com/reports?s=AviE2DMZsFIzMY92TH%2BIFNleR83Yfla5l5s2670E%2BBU%3D\\u0026sid=c4c9725f-1ab0-44d8-820f-430df2718e11\\u0026ts=1763778391"}],"max_age":3600}', 'Reporting-Endpoints': 'heroku-nel="https://nel.heroku.com/reports?s=AviE2DMZsFIzMY92TH%2BIFNleR83Yfla5l5s2670E%2BBU%3D&amp;sid=c4c9725f-1ab0-44d8-820f-430df2718e11&amp;ts=1763778391"', 'Server': 'cloudflare', 'Vary': 'Origin', 'Via': '1.1 heroku-router', 'X-Content-Type-Options': 'nosniff', 'X-Frame-Options': 'DENY', 'X-Powered-By': 'ReqRes.in - Deploy backends in 30 seconds', 'X-Reqres-Docs': 'https://reqres.in', 'X-Reqres-Message': 'This API is powered by ReqRes. Deploy your own backend in 30 seconds!', 'X-Reqres-Templates': 'https://app.reqres.in/templates', 'X-Reqres-Upgrade': 'https://app.reqres.in/upgrade', 'X-Request-Id': '6c98972a-3740-38c0-6bdc-f848055a769e', 'X-Xss-Protection': '1; mode=block', 'cf-cache-status': 'DYNAMIC', 'Content-Encoding': 'gzip', 'CF-RAY': '9a24fb7ea9da173b-SJC'} 
 body={"token":"QpwL5tke4Pnpja7X4"} 
 </msg>
<msg time="2025-11-22T02:26:31.101904" level="INFO">C:\hostedtoolcache\windows\Python\3.12.10\x64\Lib\site-packages\urllib3\connectionpool.py:1097: InsecureRequestWarning: Unverified HTTPS request is being made to host 'reqres.in'. Adding certificate verification is strongly advised. See: https://urllib3.readthedocs.io/en/latest/advanced-usage.html#tls-warnings
  warnings.warn(</msg>
<msg time="2025-11-22T02:26:31.101904" level="INFO">${response} = &lt;Response [200]&gt;</msg>
<var>${response}</var>
<arg>alias=reqres</arg>
<arg>url=/login</arg>
<arg>data=${params}</arg>
<doc>Sends a POST request on a previously created HTTP Session.</doc>
<status status="PASS" start="2025-11-22T02:26:30.511331" elapsed="0.590573"/>
</kw>
<status status="PASS" start="2025-11-22T02:26:30.511331" elapsed="0.591083"/>
</branch>
<status status="PASS" start="2025-11-22T02:26:30.510037" elapsed="0.592377"/>
</if>
<return>
<value>${response}</value>
<status status="PASS" start="2025-11-22T02:26:31.102414" elapsed="0.000000"/>
</return>
<msg time="2025-11-22T02:26:31.102414" level="INFO">${response} = &lt;Response [200]&gt;</msg>
<var>${response}</var>
<arg>email=${EMAIL_API}</arg>
<arg>password=${PASSWORD_API}</arg>
<status status="PASS" start="2025-11-22T02:26:30.507280" elapsed="0.595134"/>
</kw>
<kw name="Validate Response Status" owner="generic">
<kw name="Status Should Be" owner="RequestsLibrary">
<arg>expected_status=${status}</arg>
<arg>response=${response}</arg>
<doc>Fails if response status code is different than the expected.</doc>
<status status="PASS" start="2025-11-22T02:26:31.103692" elapsed="0.000428"/>
</kw>
<arg>response=${response}</arg>
<arg>status=200</arg>
<status status="PASS" start="2025-11-22T02:26:31.103117" elapsed="0.001312"/>
</kw>
<kw name="Validate Successful Login Against Schema" owner="login">
<kw name="Validate Json By Schema File" owner="JSONLibrary">
<arg>json_object=${response.json()}</arg>
<arg>path_to_schema=${LOGIN_SUCCESS_SCHEMA_LOC}</arg>
<doc>Validate json object by json schema file.
Arguments:
    - json_object: json as a dictionary object.
    - json_path: path to file with json schema</doc>
<status status="PASS" start="2025-11-22T02:26:31.104830" elapsed="0.002775"/>
</kw>
<arg>response=${response}</arg>
<status status="PASS" start="2025-11-22T02:26:31.104429" elapsed="0.003176"/>
</kw>
<kw name="Validate Response Time" owner="generic">
<kw name="Evaluate" owner="BuiltIn">
<msg time="2025-11-22T02:26:31.108482" level="INFO">${time_float} = 1.0</msg>
<var>${time_float}</var>
<arg>float(${time})</arg>
<doc>Evaluates the given expression in Python and returns the result.</doc>
<status status="PASS" start="2025-11-22T02:26:31.108482" elapsed="0.000000"/>
</kw>
<kw name="Evaluate" owner="BuiltIn">
<msg time="2025-11-22T02:26:31.109628" level="INFO">${response_time} = 0.586846</msg>
<var>${response_time}</var>
<arg>float(${response.elapsed.total_seconds()})</arg>
<doc>Evaluates the given expression in Python and returns the result.</doc>
<status status="PASS" start="2025-11-22T02:26:31.108482" elapsed="0.001146"/>
</kw>
<kw name="Should Be True" owner="BuiltIn">
<arg>${response_time} &lt; ${time_float}</arg>
<doc>Fails if the given condition is not true.</doc>
<status status="PASS" start="2025-11-22T02:26:31.109628" elapsed="0.000562"/>
</kw>
<arg>response=${response}</arg>
<arg>time=${MAX_RESPONSE_TIME}</arg>
<status status="PASS" start="2025-11-22T02:26:31.107605" elapsed="0.002585"/>
</kw>
<doc>Perform a login request with a known combination of e-mail/password. Validate afterwards.</doc>
<status status="PASS" start="2025-11-22T02:26:30.505987" elapsed="0.604519"/>
</test>
<test id="s1-s1-s1-t2" name="TC5-2 - Login Without Password" line="14">
<kw name="Login With Credentials" owner="login">
<kw name="Create Session" owner="RequestsLibrary">
<msg time="2025-11-22T02:26:31.113758" level="INFO">Creating Session using : alias=reqres, url=https://reqres.in/api, headers={'x-api-key': 'reqres-free-v1'},                     cookies={}, auth=None, timeout=None, proxies=None, verify=False,                     debug=0 </msg>
<arg>alias=reqres</arg>
<arg>url=${REQRES_BASE_URL}</arg>
<arg>headers=${HEADERS}</arg>
<doc>Create Session: create a HTTP session to a server</doc>
<status status="PASS" start="2025-11-22T02:26:31.111530" elapsed="0.002228"/>
</kw>
<variable name="&amp;{params}">
<msg time="2025-11-22T02:26:31.113758" level="INFO">&amp;{params} = { email=eve.holt@reqres.in | password= }</msg>
<var>email=${email}</var>
<var>password=${password}</var>
<status status="PASS" start="2025-11-22T02:26:31.113758" elapsed="0.000000"/>
</variable>
<if>
<branch type="IF" condition="$password == ''">
<kw name="POST On Session" owner="RequestsLibrary">
<msg time="2025-11-22T02:26:31.675899" level="INFO">POST Request : url=https://reqres.in/api/login 
 path_url=/api/login 
 headers={'User-Agent': 'python-requests/2.32.5', 'Accept-Encoding': 'gzip, deflate', 'Accept': '*/*', 'Connection': 'keep-alive', 'x-api-key': 'reqres-free-v1', 'Content-Length': '36', 'Content-Type': 'application/x-www-form-urlencoded'} 
 body=email=eve.holt%40reqres.in&amp;password= 
 </msg>
<msg time="2025-11-22T02:26:31.675899" level="INFO">POST Response : url=https://reqres.in/api/login 
 status=400, reason=Bad Request 
 headers={'Date': 'Sat, 22 Nov 2025 02:26:31 GMT', 'Content-Type': 'application/json; charset=utf-8', 'Content-Length': '28', 'Connection': 'keep-alive', 'Access-Control-Allow-Credentials': 'true', 'Access-Control-Allow-Headers': 'Origin, X-Requested-With, Content-Type, Accept, Authorization, x-api-key', 'Access-Control-Allow-Methods': 'GET, POST, PUT, DELETE, OPTIONS', 'Access-Control-Allow-Origin': 'http://localhost:5173', 'Etag': 'W/"1c-NmpazMScs9tOqR7eDEesn+pqC9Q"', 'Nel': '{"report_to":"heroku-nel","response_headers":["Via"],"max_age":3600,"success_fraction":0.01,"failure_fraction":0.1}', 'Ratelimit-Limit': '100', 'Ratelimit-Policy': '100;w=60', 'Ratelimit-Remaining': '98', 'Ratelimit-Reset': '60', 'Referrer-Policy': 'strict-origin-when-cross-origin', 'Report-To': '{"group":"heroku-nel","endpoints":[{"url":"https://nel.heroku.com/reports?s=AviE2DMZsFIzMY92TH%2BIFNleR83Yfla5l5s2670E%2BBU%3D\\u0026sid=c4c9725f-1ab0-44d8-820f-430df2718e11\\u0026ts=1763778391"}],"max_age":3600}', 'Reporting-Endpoints': 'heroku-nel="https://nel.heroku.com/reports?s=AviE2DMZsFIzMY92TH%2BIFNleR83Yfla5l5s2670E%2BBU%3D&amp;sid=c4c9725f-1ab0-44d8-820f-430df2718e11&amp;ts=1763778391"', 'Server': 'cloudflare', 'Vary': 'Origin', 'Via': '1.1 heroku-router', 'X-Content-Type-Options': 'nosniff', 'X-Frame-Options': 'DENY', 'X-Powered-By': 'ReqRes.in - Deploy backends in 30 seconds', 'X-Reqres-Docs': 'https://reqres.in', 'X-Reqres-Message': 'This API is powered by ReqRes. Deploy your own backend in 30 seconds!', 'X-Reqres-Templates': 'https://app.reqres.in/templates', 'X-Reqres-Upgrade': 'https://app.reqres.in/upgrade', 'X-Request-Id': '6ad8bf37-10a2-d776-1281-bd9c43590049', 'X-Xss-Protection': '1; mode=block', 'cf-cache-status': 'DYNAMIC', 'CF-RAY': '9a24fb823da2cf21-SJC'} 
 body={"error":"Missing password"} 
 </msg>
<msg time="2025-11-22T02:26:31.675899" level="INFO">C:\hostedtoolcache\windows\Python\3.12.10\x64\Lib\site-packages\urllib3\connectionpool.py:1097: InsecureRequestWarning: Unverified HTTPS request is being made to host 'reqres.in'. Adding certificate verification is strongly advised. See: https://urllib3.readthedocs.io/en/latest/advanced-usage.html#tls-warnings
  warnings.warn(</msg>
<msg time="2025-11-22T02:26:31.676585" level="INFO">${response} = &lt;Response [400]&gt;</msg>
<var>${response}</var>
<arg>alias=reqres</arg>
<arg>url=/login</arg>
<arg>data=${params}</arg>
<arg>expected_status=400</arg>
<doc>Sends a POST request on a previously created HTTP Session.</doc>
<status status="PASS" start="2025-11-22T02:26:31.113758" elapsed="0.562827"/>
</kw>
<status status="PASS" start="2025-11-22T02:26:31.113758" elapsed="0.562827"/>
</branch>
<branch type="ELSE">
<kw name="POST On Session" owner="RequestsLibrary">
<var>${response}</var>
<arg>alias=reqres</arg>
<arg>url=/login</arg>
<arg>data=${params}</arg>
<doc>Sends a POST request on a previously created HTTP Session.</doc>
<status status="NOT RUN" start="2025-11-22T02:26:31.677172" elapsed="0.000000"/>
</kw>
<status status="NOT RUN" start="2025-11-22T02:26:31.676585" elapsed="0.000587"/>
</branch>
<status status="PASS" start="2025-11-22T02:26:31.113758" elapsed="0.563414"/>
</if>
<return>
<value>${response}</value>
<status status="PASS" start="2025-11-22T02:26:31.677172" elapsed="0.000000"/>
</return>
<msg time="2025-11-22T02:26:31.677765" level="INFO">${response} = &lt;Response [400]&gt;</msg>
<var>${response}</var>
<arg>email=${EMAIL_API}</arg>
<status status="PASS" start="2025-11-22T02:26:31.111530" elapsed="0.566235"/>
</kw>
<kw name="Validate Unsuccessful Login Against Schema" owner="login">
<kw name="Validate Json By Schema File" owner="JSONLibrary">
<arg>json_object=${response.json()}</arg>
<arg>path_to_schema=${LOGIN_FAILED_SCHEMA_LOC}</arg>
<doc>Validate json object by json schema file.
Arguments:
    - json_object: json as a dictionary object.
    - json_path: path to file with json schema</doc>
<status status="PASS" start="2025-11-22T02:26:31.678326" elapsed="0.003639"/>
</kw>
<arg>response=${response}</arg>
<status status="PASS" start="2025-11-22T02:26:31.678326" elapsed="0.004036"/>
</kw>
<kw name="Validate Response Time" owner="generic">
<kw name="Evaluate" owner="BuiltIn">
<msg time="2025-11-22T02:26:31.683589" level="INFO">${time_float} = 1.0</msg>
<var>${time_float}</var>
<arg>float(${time})</arg>
<doc>Evaluates the given expression in Python and returns the result.</doc>
<status status="PASS" start="2025-11-22T02:26:31.683258" elapsed="0.000331"/>
</kw>
<kw name="Evaluate" owner="BuiltIn">
<msg time="2025-11-22T02:26:31.684792" level="INFO">${response_time} = 0.559356</msg>
<var>${response_time}</var>
<arg>float(${response.elapsed.total_seconds()})</arg>
<doc>Evaluates the given expression in Python and returns the result.</doc>
<status status="PASS" start="2025-11-22T02:26:31.683991" elapsed="0.000801"/>
</kw>
<kw name="Should Be True" owner="BuiltIn">
<arg>${response_time} &lt; ${time_float}</arg>
<doc>Fails if the given condition is not true.</doc>
<status status="PASS" start="2025-11-22T02:26:31.685276" elapsed="0.000369"/>
</kw>
<arg>response=${response}</arg>
<arg>time=${MAX_RESPONSE_TIME}</arg>
<status status="PASS" start="2025-11-22T02:26:31.682362" elapsed="0.003283"/>
</kw>
<doc>Perform a login request with a known email, but no password. Validate afterwards.</doc>
<status status="PASS" start="2025-11-22T02:26:31.110506" elapsed="0.575509"/>
</test>
<doc>Testcases for login operations. Containing the second testcase as listed in the spriteCloud automation assignment.</doc>
<status status="PASS" start="2025-11-22T02:26:30.286619" elapsed="1.399965"/>
</suite>
<status status="PASS" start="2025-11-22T02:26:30.283908" elapsed="1.403970"/>
</suite>
<status status="PASS" start="2025-11-22T02:26:30.263991" elapsed="1.424913"/>
</suite>
<statistics>
<total>
<stat pass="2" fail="0" skip="0">All Tests</stat>
</total>
<tag>
</tag>
<suite>
<stat name="Testsuites" id="s1" pass="2" fail="0" skip="0">Testsuites</stat>
<stat name="Reqres" id="s1-s1" pass="2" fail="0" skip="0">Testsuites.Reqres</stat>
<stat name="02-Login" id="s1-s1-s1" pass="2" fail="0" skip="0">Testsuites.Reqres.02-Login</stat>
</suite>
</statistics>
<errors>
</errors>
</robot>
