<?xml version="1.0" encoding="UTF-8"?>
<robot generator="Robot 7.3.2 (Python 3.12.10 on win32)" generated="2025-10-15T02:27:58.157122" rpa="false" schemaversion="5">
<suite id="s1" name="Testsuites" source="D:\a\spriteCloud\spriteCloud\testsuites">
<suite id="s1-s1" name="Saucedemo" source="D:\a\spriteCloud\spriteCloud\testsuites\saucedemo">
<suite id="s1-s1-s1" name="03-Failed-Login" source="D:\a\spriteCloud\spriteCloud\testsuites\saucedemo\03-failed-login.robot">
<test id="s1-s1-s1-t1" name="Failed Login Validation" line="8">
<kw name="Open Site" owner="generic" type="SETUP">
<if>
<branch type="IF" condition="$new_browser == &quot;Yes&quot;">
<kw name="New Browser" owner="Browser">
<msg time="2025-10-15T02:27:58.575171" level="INFO">{"browser": "firefox", "headless": true, "chromiumSandbox": false, "devtools": false, "handleSIGHUP": true, "handleSIGINT": true, "handleSIGTERM": true, "slowMo": 0.0, "timeout": 30000.0, "tracesDir": "D:\\a\\spriteCloud\\spriteCloud\\results\\pabot_results\\5\\browser\\traces\\temp\\0ff15f67-78af-4f5a-a8f2-39ba21b7736a"}</msg>
<msg time="2025-10-15T02:27:58.626729" level="INFO">Starting Browser process C:\hostedtoolcache\windows\Python\3.12.10\x64\Lib\site-packages\Browser\wrapper\index.js using at 127.0.0.1:50703</msg>
<msg time="2025-10-15T02:28:01.699108" level="INFO">Successfully created browser with options: {"browser":"firefox","headless":true,"chromiumSandbox":false,"devtools":false,"handleSIGHUP":true,"handleSIGINT":true,"handleSIGTERM":true,"slowMo":0,"timeout":30000,"tracesDir":"D:\\a\\spriteCloud\\spriteCloud\\results\\pabot_results\\5\\browser\\traces\\temp\\0ff15f67-78af-4f5a-a8f2-39ba21b7736a"}</msg>
<arg>browser=${BROWSER}</arg>
<arg>headless=${HEADLESS}</arg>
<tag>BrowserControl</tag>
<tag>Setter</tag>
<doc>Create a new playwright Browser with specified options.</doc>
<status status="PASS" start="2025-10-15T02:27:58.574573" elapsed="3.125833"/>
</kw>
<status status="PASS" start="2025-10-15T02:27:58.571126" elapsed="3.129280"/>
</branch>
<status status="PASS" start="2025-10-15T02:27:58.571126" elapsed="3.129668"/>
</if>
<kw name="New Page" owner="Browser">
<msg time="2025-10-15T02:28:08.009036" level="INFO">Successfully initialized new page object and opened url: https://www.saucedemo.com/</msg>
<msg time="2025-10-15T02:28:08.009449" level="INFO">No context was open. New context was automatically opened when this page is created.</msg>
<arg>${url}</arg>
<tag>BrowserControl</tag>
<tag>Setter</tag>
<doc>Open a new Page.</doc>
<status status="PASS" start="2025-10-15T02:28:01.701140" elapsed="6.308918"/>
</kw>
<kw name="Set Viewport Size" owner="Browser">
<msg time="2025-10-15T02:28:08.056934" level="INFO">Set viewport size to: [object Object]</msg>
<arg>1200</arg>
<arg>900</arg>
<tag>BrowserControl</tag>
<tag>Setter</tag>
<doc>Sets current Pages viewport size to specified dimensions.</doc>
<status status="PASS" start="2025-10-15T02:28:08.010449" elapsed="0.046485"/>
</kw>
<kw name="Set Browser Timeout" owner="Browser">
<arg>10s</arg>
<tag>Config</tag>
<tag>Setter</tag>
<doc>Sets the timeout used by most input and getter keywords.</doc>
<status status="PASS" start="2025-10-15T02:28:08.057939" elapsed="0.014546"/>
</kw>
<arg>url=${SAUCEDEMO_URL}</arg>
<arg>new_browser=Yes</arg>
<status status="PASS" start="2025-10-15T02:27:58.570525" elapsed="9.501960"/>
</kw>
<kw name="Login With Unknown User" owner="login">
<kw name="Fill In Credentials" owner="login">
<kw name="Get Element By Test Id" owner="generic">
<kw name="Get Element" owner="Browser">
<msg time="2025-10-15T02:28:08.145404" level="INFO">Locator found successfully.</msg>
<msg time="2025-10-15T02:28:08.145404" level="INFO">${element} = [data-test="username"]</msg>
<var>${element}</var>
<arg>selector=[${TEST_ID_ATTRIBUTE}="${test_id}"]</arg>
<tag>Getter</tag>
<tag>PageContent</tag>
<doc>Returns a reference to a Playwright [https://playwright.dev/docs/api/class-locator|Locator].</doc>
<status status="PASS" start="2025-10-15T02:28:08.076511" elapsed="0.068893"/>
</kw>
<return>
<value>${element}</value>
<status status="PASS" start="2025-10-15T02:28:08.145404" elapsed="0.001000"/>
</return>
<msg time="2025-10-15T02:28:08.146404" level="INFO">${username_input} = [data-test="username"]</msg>
<var>${username_input}</var>
<arg>test_id=${USERNAME_TEST_ID}</arg>
<status status="PASS" start="2025-10-15T02:28:08.075506" elapsed="0.070898"/>
</kw>
<kw name="Get Element By Test Id" owner="generic">
<kw name="Get Element" owner="Browser">
<msg time="2025-10-15T02:28:08.161400" level="INFO">Locator found successfully.</msg>
<msg time="2025-10-15T02:28:08.162396" level="INFO">${element} = [data-test="password"]</msg>
<var>${element}</var>
<arg>selector=[${TEST_ID_ATTRIBUTE}="${test_id}"]</arg>
<tag>Getter</tag>
<tag>PageContent</tag>
<doc>Returns a reference to a Playwright [https://playwright.dev/docs/api/class-locator|Locator].</doc>
<status status="PASS" start="2025-10-15T02:28:08.147403" elapsed="0.014993"/>
</kw>
<return>
<value>${element}</value>
<status status="PASS" start="2025-10-15T02:28:08.162396" elapsed="0.000000"/>
</return>
<msg time="2025-10-15T02:28:08.163406" level="INFO">${password_input} = [data-test="password"]</msg>
<var>${password_input}</var>
<arg>test_id=${PASSWORD_TEST_ID}</arg>
<status status="PASS" start="2025-10-15T02:28:08.146404" elapsed="0.017002"/>
</kw>
<kw name="Fill Text" owner="Browser">
<msg time="2025-10-15T02:28:08.164405" level="INFO">Fills the text 'unknown' in the given field.</msg>
<arg>selector=${username_input}</arg>
<arg>txt=${username}</arg>
<tag>PageContent</tag>
<tag>Setter</tag>
<doc>Clears and fills the given ``txt`` into the text field found by ``selector``.</doc>
<status status="PASS" start="2025-10-15T02:28:08.163406" elapsed="0.039538"/>
</kw>
<kw name="Fill Secret" owner="Browser">
<arg>selector=${password_input}</arg>
<arg>secret=$password</arg>
<tag>PageContent</tag>
<tag>Setter</tag>
<doc>Fills the given secret from ``variable_name`` into the
text field found by ``selector``.</doc>
<status status="PASS" start="2025-10-15T02:28:08.203374" elapsed="0.031114"/>
</kw>
<arg>username=unknown</arg>
<arg>password=unknown</arg>
<status status="PASS" start="2025-10-15T02:28:08.074509" elapsed="0.159979"/>
</kw>
<kw name="Click On Login" owner="login">
<kw name="Click Element By Test Id" owner="generic">
<kw name="Click" owner="Browser">
<msg time="2025-10-15T02:28:08.237485" level="INFO">Clicks the element '[data-test="login-button"]'.</msg>
<arg>[${TEST_ID_ATTRIBUTE}="${test_id}"]</arg>
<tag>PageContent</tag>
<tag>Setter</tag>
<doc>Simulates mouse click on the element found by ``selector``.</doc>
<status status="PASS" start="2025-10-15T02:28:08.236483" elapsed="0.680841"/>
</kw>
<arg>test_id=${LOGIN_BTN_TEST_ID}</arg>
<status status="PASS" start="2025-10-15T02:28:08.235484" elapsed="0.681840"/>
</kw>
<status status="PASS" start="2025-10-15T02:28:08.235484" elapsed="0.682439"/>
</kw>
<status status="PASS" start="2025-10-15T02:28:08.073507" elapsed="0.844416"/>
</kw>
<kw name="Validate Failed Login Attempt" owner="login">
<kw name="_Validate Failed Login Attempt By Error Message" owner="login">
<kw name="Wait For Elements State By Test Id" owner="generic">
<kw name="Wait For Elements State" owner="Browser">
<msg time="2025-10-15T02:28:08.931690" level="INFO">Waited for Element with selector [data-test="error"] at state visible</msg>
<arg>selector=[${TEST_ID_ATTRIBUTE}="${test_id}"]</arg>
<arg>state=${state}</arg>
<tag>PageContent</tag>
<tag>Wait</tag>
<doc>Waits for the element found by ``selector`` to satisfy state option.</doc>
<status status="PASS" start="2025-10-15T02:28:08.919996" elapsed="0.011694"/>
</kw>
<arg>test_id=${ERROR_TEST_ID}</arg>
<arg>state=visible</arg>
<status status="PASS" start="2025-10-15T02:28:08.918958" elapsed="0.012732"/>
</kw>
<kw name="Get Element By Test Id" owner="generic">
<kw name="Get Element" owner="Browser">
<msg time="2025-10-15T02:28:08.942688" level="INFO">Locator found successfully.</msg>
<msg time="2025-10-15T02:28:08.943539" level="INFO">${element} = [data-test="error"]</msg>
<var>${element}</var>
<arg>selector=[${TEST_ID_ATTRIBUTE}="${test_id}"]</arg>
<tag>Getter</tag>
<tag>PageContent</tag>
<doc>Returns a reference to a Playwright [https://playwright.dev/docs/api/class-locator|Locator].</doc>
<status status="PASS" start="2025-10-15T02:28:08.933680" elapsed="0.010412"/>
</kw>
<return>
<value>${element}</value>
<status status="PASS" start="2025-10-15T02:28:08.944092" elapsed="0.000000"/>
</return>
<msg time="2025-10-15T02:28:08.944092" level="INFO">${element} = [data-test="error"]</msg>
<var>${element}</var>
<arg>test_id=${ERROR_TEST_ID}</arg>
<status status="PASS" start="2025-10-15T02:28:08.932683" elapsed="0.012015"/>
</kw>
<kw name="Get Text" owner="Browser">
<msg time="2025-10-15T02:28:09.002044" level="INFO">Text: 'Epic sadface: Username and password do not match any user in this service'</msg>
<msg time="2025-10-15T02:28:09.002044" level="INFO">${error_text} = Epic sadface: Username and password do not match any user in this service</msg>
<var>${error_text}</var>
<arg>selector=${element}</arg>
<tag>Assertion</tag>
<tag>Getter</tag>
<tag>PageContent</tag>
<doc>Returns text attribute of the element found by ``selector``.</doc>
<status status="PASS" start="2025-10-15T02:28:08.944698" elapsed="0.057346"/>
</kw>
<kw name="Should Contain" owner="BuiltIn">
<arg>container=${error_text}</arg>
<arg>item=${ERROR_MESSAGE}</arg>
<doc>Fails if ``container`` does not contain ``item`` one or more times.</doc>
<status status="PASS" start="2025-10-15T02:28:09.002044" elapsed="0.000992"/>
</kw>
<status status="PASS" start="2025-10-15T02:28:08.918439" elapsed="0.084597"/>
</kw>
<kw name="_Validate Failed Login Attempt By Url" owner="login">
<kw name="Get Url" owner="Browser">
<msg time="2025-10-15T02:28:09.006050" level="INFO">${url} = https://www.saucedemo.com/</msg>
<var>${url}</var>
<tag>Assertion</tag>
<tag>Getter</tag>
<tag>PageContent</tag>
<doc>Returns the current URL.</doc>
<status status="PASS" start="2025-10-15T02:28:09.004044" elapsed="0.002006"/>
</kw>
<kw name="Should Be Equal" owner="BuiltIn">
<arg>first=${url}</arg>
<arg>second=${SAUCEDEMO_URL}</arg>
<doc>Fails if the given objects are unequal.</doc>
<status status="PASS" start="2025-10-15T02:28:09.007042" elapsed="0.000000"/>
</kw>
<status status="PASS" start="2025-10-15T02:28:09.003036" elapsed="0.004006"/>
</kw>
<kw name="_Validate Failed Login By Seeing The Login Form" owner="login">
<kw name="Wait For Elements State By Test Id" owner="generic">
<kw name="Wait For Elements State" owner="Browser">
<msg time="2025-10-15T02:28:09.017569" level="INFO">Waited for Element with selector [data-test="username"] at state visible</msg>
<arg>selector=[${TEST_ID_ATTRIBUTE}="${test_id}"]</arg>
<arg>state=${state}</arg>
<tag>PageContent</tag>
<tag>Wait</tag>
<doc>Waits for the element found by ``selector`` to satisfy state option.</doc>
<status status="PASS" start="2025-10-15T02:28:09.008038" elapsed="0.009531"/>
</kw>
<arg>test_id=${USERNAME_TEST_ID}</arg>
<arg>state=visible</arg>
<status status="PASS" start="2025-10-15T02:28:09.008038" elapsed="0.009531"/>
</kw>
<kw name="Wait For Elements State By Test Id" owner="generic">
<kw name="Wait For Elements State" owner="Browser">
<msg time="2025-10-15T02:28:09.026676" level="INFO">Waited for Element with selector [data-test="password"] at state visible</msg>
<arg>selector=[${TEST_ID_ATTRIBUTE}="${test_id}"]</arg>
<arg>state=${state}</arg>
<tag>PageContent</tag>
<tag>Wait</tag>
<doc>Waits for the element found by ``selector`` to satisfy state option.</doc>
<status status="PASS" start="2025-10-15T02:28:09.018573" elapsed="0.008790"/>
</kw>
<arg>test_id=${PASSWORD_TEST_ID}</arg>
<arg>state=visible</arg>
<status status="PASS" start="2025-10-15T02:28:09.018573" elapsed="0.008790"/>
</kw>
<kw name="Wait For Elements State By Test Id" owner="generic">
<kw name="Wait For Elements State" owner="Browser">
<msg time="2025-10-15T02:28:09.036413" level="INFO">Waited for Element with selector [data-test="login-button"] at state visible</msg>
<arg>selector=[${TEST_ID_ATTRIBUTE}="${test_id}"]</arg>
<arg>state=${state}</arg>
<tag>PageContent</tag>
<tag>Wait</tag>
<doc>Waits for the element found by ``selector`` to satisfy state option.</doc>
<status status="PASS" start="2025-10-15T02:28:09.027978" elapsed="0.008435"/>
</kw>
<arg>test_id=${LOGIN_BTN_TEST_ID}</arg>
<arg>state=visible</arg>
<status status="PASS" start="2025-10-15T02:28:09.027675" elapsed="0.008738"/>
</kw>
<status status="PASS" start="2025-10-15T02:28:09.007042" elapsed="0.029371"/>
</kw>
<kw name=" _Validate Failed Login By Not Seeing The Inventory" owner="login">
<kw name="Wait For Elements State By Test Id" owner="generic">
<kw name="Wait For Elements State" owner="Browser">
<msg time="2025-10-15T02:28:09.047414" level="INFO">Waited for Element with selector [data-test="inventory-item-name"] at state detached</msg>
<arg>selector=[${TEST_ID_ATTRIBUTE}="${test_id}"]</arg>
<arg>state=${state}</arg>
<tag>PageContent</tag>
<tag>Wait</tag>
<doc>Waits for the element found by ``selector`` to satisfy state option.</doc>
<status status="PASS" start="2025-10-15T02:28:09.037418" elapsed="0.010993"/>
</kw>
<arg>test_id=${INV_ITEM_NAME_TEST_ID}</arg>
<arg>state=detached</arg>
<status status="PASS" start="2025-10-15T02:28:09.037418" elapsed="0.010993"/>
</kw>
<status status="PASS" start="2025-10-15T02:28:09.037418" elapsed="0.010993"/>
</kw>
<status status="PASS" start="2025-10-15T02:28:08.917923" elapsed="0.130488"/>
</kw>
<kw name="Run Keywords" owner="BuiltIn" type="TEARDOWN">
<kw name="Delete All Cookies" owner="Browser">
<msg time="2025-10-15T02:28:09.054427" level="INFO">All cookies deleted.</msg>
<tag>BrowserControl</tag>
<tag>Setter</tag>
<doc>Deletes all cookies from the currently active browser context.</doc>
<status status="PASS" start="2025-10-15T02:28:09.048411" elapsed="0.006016"/>
</kw>
<kw name="Close Browser" owner="Browser">
<msg time="2025-10-15T02:28:11.885811" level="INFO">Closed browser</msg>
<tag>BrowserControl</tag>
<tag>Setter</tag>
<doc>Closes the current browser.</doc>
<status status="PASS" start="2025-10-15T02:28:09.055413" elapsed="2.830398"/>
</kw>
<arg>Delete All Cookies</arg>
<arg>Close Browser</arg>
<doc>Executes all the given keywords in a sequence.</doc>
<status status="PASS" start="2025-10-15T02:28:09.048411" elapsed="2.837400"/>
</kw>
<doc>Try to login with an unknown user and validate that the login attempt was unsuccesful</doc>
<status status="PASS" start="2025-10-15T02:27:58.569107" elapsed="13.316704"/>
</test>
<doc>This file contains the third test case to code for the spriteCloud automation challenge: Write a validation for a failed log in.</doc>
<status status="PASS" start="2025-10-15T02:27:58.427429" elapsed="13.462393"/>
</suite>
<doc>This init file will be run before every single file within the same folder. This allows some repetitive task to be just written once.</doc>
<status status="PASS" start="2025-10-15T02:27:58.209555" elapsed="13.682455"/>
</suite>
<status status="PASS" start="2025-10-15T02:27:58.188020" elapsed="13.710442"/>
</suite>
<statistics>
<total>
<stat pass="1" fail="0" skip="0">All Tests</stat>
</total>
<tag>
</tag>
<suite>
<stat name="Testsuites" id="s1" pass="1" fail="0" skip="0">Testsuites</stat>
<stat name="Saucedemo" id="s1-s1" pass="1" fail="0" skip="0">Testsuites.Saucedemo</stat>
<stat name="03-Failed-Login" id="s1-s1-s1" pass="1" fail="0" skip="0">Testsuites.Saucedemo.03-Failed-Login</stat>
</suite>
</statistics>
<errors>
</errors>
</robot>
